# JRE version: OpenJDK Runtime Environment (11.0.12+7) (build 11.0.12+7-b1504.28-7817840)
# Java VM: OpenJDK 64-Bit Server VM (11.0.12+7-b1504.28-7817840, mixed mode, tiered, compressed oops, g1 gc, windows-amd64)
Heap:
 garbage-first heap   total 574464K, used 456511K [0x0000000080000000, 0x0000000100000000)
  region size 1024K, 135 young (138240K), 8 survivors (8192K)
 Metaspace       used 91954K, capacity 94593K, committed 94672K, reserved 1132544K
  class space    used 11661K, capacity 12631K, committed 12672K, reserved 1048576K
GC Heap History (20 events):
Event: 39.530 GC heap before
{Heap before GC invocations=74 (full 0):
 garbage-first heap   total 574464K, used 492770K [0x0000000080000000, 0x0000000100000000)
  region size 1024K, 215 young (220160K), 15 survivors (15360K)
 Metaspace       used 91885K, capacity 94462K, committed 94672K, reserved 1132544K
  class space    used 11660K, capacity 12631K, committed 12672K, reserved 1048576K
}
Event: 39.553 GC heap after
{Heap after GC invocations=75 (full 0):
 garbage-first heap   total 574464K, used 297207K [0x0000000080000000, 0x0000000100000000)
  region size 1024K, 18 young (18432K), 18 survivors (18432K)
 Metaspace       used 91885K, capacity 94462K, committed 94672K, reserved 1132544K
  class space    used 11660K, capacity 12631K, committed 12672K, reserved 1048576K
}
Event: 39.902 GC heap before
{Heap before GC invocations=75 (full 0):
 garbage-first heap   total 574464K, used 488695K [0x0000000080000000, 0x0000000100000000)
  region size 1024K, 205 young (209920K), 18 survivors (18432K)
 Metaspace       used 91891K, capacity 94463K, committed 94672K, reserved 1132544K
  class space    used 11660K, capacity 12631K, committed 12672K, reserved 1048576K
}
Event: 39.925 GC heap after
{Heap after GC invocations=76 (full 0):
 garbage-first heap   total 574464K, used 301330K [0x0000000080000000, 0x0000000100000000)
  region size 1024K, 18 young (18432K), 18 survivors (18432K)
 Metaspace       used 91891K, capacity 94463K, committed 94672K, reserved 1132544K
  class space    used 11660K, capacity 12631K, committed 12672K, reserved 1048576K
}
Event: 40.251 GC heap before
{Heap before GC invocations=76 (full 0):
 garbage-first heap   total 574464K, used 486674K [0x0000000080000000, 0x0000000100000000)
  region size 1024K, 199 young (203776K), 18 survivors (18432K)
 Metaspace       used 91893K, capacity 94463K, committed 94672K, reserved 1132544K
  class space    used 11660K, capacity 12631K, committed 12672K, reserved 1048576K
}
Event: 40.267 GC heap after
{Heap after GC invocations=77 (full 0):
 garbage-first heap   total 574464K, used 303508K [0x0000000080000000, 0x0000000100000000)
  region size 1024K, 15 young (15360K), 15 survivors (15360K)
 Metaspace       used 91893K, capacity 94463K, committed 94672K, reserved 1132544K
  class space    used 11660K, capacity 12631K, committed 12672K, reserved 1048576K
}
Event: 40.592 GC heap before
{Heap before GC invocations=77 (full 0):
 garbage-first heap   total 574464K, used 490900K [0x0000000080000000, 0x0000000100000000)
  region size 1024K, 197 young (201728K), 15 survivors (15360K)
 Metaspace       used 91898K, capacity 94463K, committed 94672K, reserved 1132544K
  class space    used 11660K, capacity 12631K, committed 12672K, reserved 1048576K
}
Event: 40.617 GC heap after
{Heap after GC invocations=78 (full 0):
 garbage-first heap   total 574464K, used 309248K [0x0000000080000000, 0x0000000100000000)
  region size 1024K, 12 young (12288K), 12 survivors (12288K)
 Metaspace       used 91898K, capacity 94463K, committed 94672K, reserved 1132544K
  class space    used 11660K, capacity 12631K, committed 12672K, reserved 1048576K
}
Event: 42.835 GC heap before
{Heap before GC invocations=78 (full 0):
 garbage-first heap   total 574464K, used 489472K [0x0000000080000000, 0x0000000100000000)
  region size 1024K, 188 young (192512K), 12 survivors (12288K)
 Metaspace       used 91904K, capacity 94464K, committed 94672K, reserved 1132544K
  class space    used 11660K, capacity 12631K, committed 12672K, reserved 1048576K
}
Event: 42.847 GC heap after
{Heap after GC invocations=79 (full 0):
 garbage-first heap   total 574464K, used 309760K [0x0000000080000000, 0x0000000100000000)
  region size 1024K, 13 young (13312K), 13 survivors (13312K)
 Metaspace       used 91904K, capacity 94464K, committed 94672K, reserved 1132544K
  class space    used 11660K, capacity 12631K, committed 12672K, reserved 1048576K
}
Event: 43.273 GC heap before
{Heap before GC invocations=79 (full 0):
 garbage-first heap   total 574464K, used 492032K [0x0000000080000000, 0x0000000100000000)
  region size 1024K, 191 young (195584K), 13 survivors (13312K)
 Metaspace       used 91913K, capacity 94464K, committed 94672K, reserved 1132544K
  class space    used 11660K, capacity 12631K, committed 12672K, reserved 1048576K
}
Event: 43.285 GC heap after
{Heap after GC invocations=80 (full 0):
 garbage-first heap   total 574464K, used 310272K [0x0000000080000000, 0x0000000100000000)
  region size 1024K, 13 young (13312K), 13 survivors (13312K)
 Metaspace       used 91913K, capacity 94464K, committed 94672K, reserved 1132544K
  class space    used 11660K, capacity 12631K, committed 12672K, reserved 1048576K
}
Event: 43.634 GC heap before
{Heap before GC invocations=80 (full 0):
 garbage-first heap   total 574464K, used 494592K [0x0000000080000000, 0x0000000100000000)
  region size 1024K, 193 young (197632K), 13 survivors (13312K)
 Metaspace       used 91917K, capacity 94464K, committed 94672K, reserved 1132544K
  class space    used 11660K, capacity 12631K, committed 12672K, reserved 1048576K
}
Event: 43.648 GC heap after
{Heap after GC invocations=81 (full 0):
 garbage-first heap   total 574464K, used 313856K [0x0000000080000000, 0x0000000100000000)
  region size 1024K, 17 young (17408K), 17 survivors (17408K)
 Metaspace       used 91917K, capacity 94464K, committed 94672K, reserved 1132544K
  class space    used 11660K, capacity 12631K, committed 12672K, reserved 1048576K
}
Event: 44.158 GC heap before
{Heap before GC invocations=81 (full 0):
 garbage-first heap   total 574464K, used 499200K [0x0000000080000000, 0x0000000100000000)
  region size 1024K, 196 young (200704K), 17 survivors (17408K)
 Metaspace       used 91930K, capacity 94528K, committed 94672K, reserved 1132544K
  class space    used 11661K, capacity 12631K, committed 12672K, reserved 1048576K
}
Event: 44.176 GC heap after
{Heap after GC invocations=82 (full 0):
 garbage-first heap   total 574464K, used 317805K [0x0000000080000000, 0x0000000100000000)
  region size 1024K, 14 young (14336K), 14 survivors (14336K)
 Metaspace       used 91930K, capacity 94528K, committed 94672K, reserved 1132544K
  class space    used 11661K, capacity 12631K, committed 12672K, reserved 1048576K
}
Event: 44.585 GC heap before
{Heap before GC invocations=82 (full 0):
 garbage-first heap   total 574464K, used 497005K [0x0000000080000000, 0x0000000100000000)
  region size 1024K, 188 young (192512K), 14 survivors (14336K)
 Metaspace       used 91940K, capacity 94528K, committed 94672K, reserved 1132544K
  class space    used 11661K, capacity 12631K, committed 12672K, reserved 1048576K
}
Event: 44.604 GC heap after
{Heap after GC invocations=83 (full 0):
 garbage-first heap   total 574464K, used 328068K [0x0000000080000000, 0x0000000100000000)
  region size 1024K, 22 young (22528K), 22 survivors (22528K)
 Metaspace       used 91940K, capacity 94528K, committed 94672K, reserved 1132544K
  class space    used 11661K, capacity 12631K, committed 12672K, reserved 1048576K
}
Event: 44.891 GC heap before
{Heap before GC invocations=83 (full 0):
 garbage-first heap   total 574464K, used 487812K [0x0000000080000000, 0x0000000100000000)
  region size 1024K, 179 young (183296K), 22 survivors (22528K)
 Metaspace       used 91949K, capacity 94592K, committed 94672K, reserved 1132544K
  class space    used 11661K, capacity 12631K, committed 12672K, reserved 1048576K
}
Event: 44.907 GC heap after
{Heap after GC invocations=84 (full 0):
 garbage-first heap   total 574464K, used 327487K [0x0000000080000000, 0x0000000100000000)
  region size 1024K, 8 young (8192K), 8 survivors (8192K)
 Metaspace       used 91949K, capacity 94592K, committed 94672K, reserved 1132544K
  class space    used 11661K, capacity 12631K, committed 12672K, reserved 1048576K
}

