# JRE version: OpenJDK Runtime Environment (17.0.6) (build 17.0.6+0-b2043.56-10027231)
# Java VM: OpenJDK 64-Bit Server VM (17.0.6+0-b2043.56-10027231, mixed mode, tiered, compressed oops, compressed class ptrs, g1 gc, windows-amd64)
GC Precious Log:
 CPUs: 4 total, 4 available
 Memory: 16247M
 Large Page Support: Disabled
 NUMA Support: Disabled
 Compressed Oops: Enabled (32-bit)
 Heap Region Size: 1M
 Heap Min Capacity: 8M
 Heap Initial Capacity: 254M
 Heap Max Capacity: 2G
 Pre-touch: Disabled
 Parallel Workers: 4
 Concurrent Workers: 1
 Concurrent Refinement Workers: 4
 Periodic GC: Disabled
Heap:
 garbage-first heap   total 458752K, used 198643K [0x0000000080000000, 0x0000000100000000)
  region size 1024K, 9 young (9216K), 9 survivors (9216K)
 Metaspace       used 123997K, committed 124800K, reserved 1163264K
  class space    used 16581K, committed 16960K, reserved 1048576K
GC Heap History (20 events):
Event: 36.491 GC heap after
{Heap after GC invocations=52 (full 0):
 garbage-first heap   total 458752K, used 240359K [0x0000000080000000, 0x0000000100000000)
  region size 1024K, 17 young (17408K), 17 survivors (17408K)
 Metaspace       used 105478K, committed 106240K, reserved 1146880K
  class space    used 13931K, committed 14272K, reserved 1048576K
}
Event: 37.926 GC heap before
{Heap before GC invocations=52 (full 0):
 garbage-first heap   total 458752K, used 394983K [0x0000000080000000, 0x0000000100000000)
  region size 1024K, 159 young (162816K), 17 survivors (17408K)
 Metaspace       used 106916K, committed 107712K, reserved 1146880K
  class space    used 14133K, committed 14464K, reserved 1048576K
}
Event: 37.952 GC heap after
{Heap after GC invocations=53 (full 0):
 garbage-first heap   total 458752K, used 251732K [0x0000000080000000, 0x0000000100000000)
  region size 1024K, 12 young (12288K), 12 survivors (12288K)
 Metaspace       used 106916K, committed 107712K, reserved 1146880K
  class space    used 14133K, committed 14464K, reserved 1048576K
}
Event: 38.602 GC heap before
{Heap before GC invocations=53 (full 0):
 garbage-first heap   total 458752K, used 383828K [0x0000000080000000, 0x0000000100000000)
  region size 1024K, 142 young (145408K), 12 survivors (12288K)
 Metaspace       used 110730K, committed 111488K, reserved 1146880K
  class space    used 14642K, committed 14976K, reserved 1048576K
}
Event: 38.619 GC heap after
{Heap after GC invocations=54 (full 0):
 garbage-first heap   total 458752K, used 266752K [0x0000000080000000, 0x0000000100000000)
  region size 1024K, 15 young (15360K), 15 survivors (15360K)
 Metaspace       used 110730K, committed 111488K, reserved 1146880K
  class space    used 14642K, committed 14976K, reserved 1048576K
}
Event: 39.498 GC heap before
{Heap before GC invocations=54 (full 0):
 garbage-first heap   total 458752K, used 372224K [0x0000000080000000, 0x0000000100000000)
  region size 1024K, 120 young (122880K), 15 survivors (15360K)
 Metaspace       used 115924K, committed 116736K, reserved 1155072K
  class space    used 15500K, committed 15872K, reserved 1048576K
}
Event: 39.520 GC heap after
{Heap after GC invocations=55 (full 0):
 garbage-first heap   total 458752K, used 280576K [0x0000000080000000, 0x0000000100000000)
  region size 1024K, 15 young (15360K), 15 survivors (15360K)
 Metaspace       used 115924K, committed 116736K, reserved 1155072K
  class space    used 15500K, committed 15872K, reserved 1048576K
}
Event: 40.365 GC heap before
{Heap before GC invocations=56 (full 0):
 garbage-first heap   total 458752K, used 342016K [0x0000000080000000, 0x0000000100000000)
  region size 1024K, 112 young (114688K), 15 survivors (15360K)
 Metaspace       used 119716K, committed 120448K, reserved 1155072K
  class space    used 16134K, committed 16448K, reserved 1048576K
}
Event: 40.389 GC heap after
{Heap after GC invocations=57 (full 0):
 garbage-first heap   total 458752K, used 253440K [0x0000000080000000, 0x0000000100000000)
  region size 1024K, 10 young (10240K), 10 survivors (10240K)
 Metaspace       used 119716K, committed 120448K, reserved 1155072K
  class space    used 16134K, committed 16448K, reserved 1048576K
}
Event: 40.501 GC heap before
{Heap before GC invocations=57 (full 0):
 garbage-first heap   total 458752K, used 265728K [0x0000000080000000, 0x0000000100000000)
  region size 1024K, 22 young (22528K), 10 survivors (10240K)
 Metaspace       used 120231K, committed 121024K, reserved 1155072K
  class space    used 16158K, committed 16512K, reserved 1048576K
}
Event: 40.513 GC heap after
{Heap after GC invocations=58 (full 0):
 garbage-first heap   total 458752K, used 207320K [0x0000000080000000, 0x0000000100000000)
  region size 1024K, 2 young (2048K), 2 survivors (2048K)
 Metaspace       used 120231K, committed 121024K, reserved 1155072K
  class space    used 16158K, committed 16512K, reserved 1048576K
}
Event: 40.661 GC heap before
{Heap before GC invocations=58 (full 0):
 garbage-first heap   total 458752K, used 227800K [0x0000000080000000, 0x0000000100000000)
  region size 1024K, 22 young (22528K), 2 survivors (2048K)
 Metaspace       used 120477K, committed 121216K, reserved 1155072K
  class space    used 16166K, committed 16512K, reserved 1048576K
}
Event: 40.667 GC heap after
{Heap after GC invocations=59 (full 0):
 garbage-first heap   total 458752K, used 197275K [0x0000000080000000, 0x0000000100000000)
  region size 1024K, 2 young (2048K), 2 survivors (2048K)
 Metaspace       used 120477K, committed 121216K, reserved 1155072K
  class space    used 16166K, committed 16512K, reserved 1048576K
}
Event: 41.723 GC heap before
{Heap before GC invocations=59 (full 0):
 garbage-first heap   total 458752K, used 364187K [0x0000000080000000, 0x0000000100000000)
  region size 1024K, 164 young (167936K), 2 survivors (2048K)
 Metaspace       used 122760K, committed 123520K, reserved 1163264K
  class space    used 16452K, committed 16768K, reserved 1048576K
}
Event: 41.730 GC heap after
{Heap after GC invocations=60 (full 0):
 garbage-first heap   total 458752K, used 199383K [0x0000000080000000, 0x0000000100000000)
  region size 1024K, 3 young (3072K), 3 survivors (3072K)
 Metaspace       used 122760K, committed 123520K, reserved 1163264K
  class space    used 16452K, committed 16768K, reserved 1048576K
}
Event: 42.700 GC heap before
{Heap before GC invocations=61 (full 0):
 garbage-first heap   total 458752K, used 371415K [0x0000000080000000, 0x0000000100000000)
  region size 1024K, 171 young (175104K), 3 survivors (3072K)
 Metaspace       used 123904K, committed 124736K, reserved 1163264K
  class space    used 16567K, committed 16960K, reserved 1048576K
}
Event: 42.709 GC heap after
{Heap after GC invocations=62 (full 0):
 garbage-first heap   total 458752K, used 199548K [0x0000000080000000, 0x0000000100000000)
  region size 1024K, 4 young (4096K), 4 survivors (4096K)
 Metaspace       used 123904K, committed 124736K, reserved 1163264K
  class space    used 16567K, committed 16960K, reserved 1048576K
}
Event: 42.769 GC heap before
{Heap before GC invocations=62 (full 0):
 garbage-first heap   total 458752K, used 217980K [0x0000000080000000, 0x0000000100000000)
  region size 1024K, 22 young (22528K), 4 survivors (4096K)
 Metaspace       used 123934K, committed 124736K, reserved 1163264K
  class space    used 16567K, committed 16960K, reserved 1048576K
}
Event: 42.776 GC heap after
{Heap after GC invocations=63 (full 0):
 garbage-first heap   total 458752K, used 190941K [0x0000000080000000, 0x0000000100000000)
  region size 1024K, 1 young (1024K), 1 survivors (1024K)
 Metaspace       used 123934K, committed 124736K, reserved 1163264K
  class space    used 16567K, committed 16960K, reserved 1048576K
}
Event: 43.050 GC heap before
{Heap before GC invocations=63 (full 0):
 garbage-first heap   total 458752K, used 379357K [0x0000000080000000, 0x0000000100000000)
  region size 1024K, 185 young (189440K), 1 survivors (1024K)
 Metaspace       used 123997K, committed 124800K, reserved 1163264K
  class space    used 16581K, committed 16960K, reserved 1048576K
}

