# JRE version: OpenJDK Runtime Environment (17.0.6) (build 17.0.6+0-b2043.56-10027231)
# Java VM: OpenJDK 64-Bit Server VM (17.0.6+0-b2043.56-10027231, mixed mode, tiered, compressed oops, compressed class ptrs, g1 gc, windows-amd64)
GC Precious Log:
 CPUs: 4 total, 4 available
 Memory: 16247M
 Large Page Support: Disabled
 NUMA Support: Disabled
 Compressed Oops: Enabled (32-bit)
 Heap Region Size: 1M
 Heap Min Capacity: 8M
 Heap Initial Capacity: 254M
 Heap Max Capacity: 2G
 Pre-touch: Disabled
 Parallel Workers: 4
 Concurrent Workers: 1
 Concurrent Refinement Workers: 4
 Periodic GC: Disabled
Heap:
 garbage-first heap   total 261120K, used 133119K [0x0000000080000000, 0x0000000100000000)
  region size 1024K, 10 young (10240K), 10 survivors (10240K)
 Metaspace       used 103660K, committed 104512K, reserved 1146880K
  class space    used 13916K, committed 14336K, reserved 1048576K
GC Heap History (20 events):
Event: 17.439 GC heap after
{Heap after GC invocations=31 (full 0):
 garbage-first heap   total 247808K, used 114891K [0x0000000080000000, 0x0000000100000000)
  region size 1024K, 14 young (14336K), 14 survivors (14336K)
 Metaspace       used 94706K, committed 95488K, reserved 1138688K
  class space    used 12872K, committed 13248K, reserved 1048576K
}
Event: 17.860 GC heap before
{Heap before GC invocations=31 (full 0):
 garbage-first heap   total 247808K, used 166091K [0x0000000080000000, 0x0000000100000000)
  region size 1024K, 57 young (58368K), 14 survivors (14336K)
 Metaspace       used 95356K, committed 96128K, reserved 1138688K
  class space    used 12927K, committed 13248K, reserved 1048576K
}
Event: 17.879 GC heap after
{Heap after GC invocations=32 (full 0):
 garbage-first heap   total 247808K, used 133323K [0x0000000080000000, 0x0000000100000000)
  region size 1024K, 11 young (11264K), 11 survivors (11264K)
 Metaspace       used 95356K, committed 96128K, reserved 1138688K
  class space    used 12927K, committed 13248K, reserved 1048576K
}
Event: 18.481 GC heap before
{Heap before GC invocations=33 (full 0):
 garbage-first heap   total 249856K, used 192715K [0x0000000080000000, 0x0000000100000000)
  region size 1024K, 60 young (61440K), 11 survivors (11264K)
 Metaspace       used 97682K, committed 98432K, reserved 1138688K
  class space    used 13196K, committed 13568K, reserved 1048576K
}
Event: 18.493 GC heap after
{Heap after GC invocations=34 (full 0):
 garbage-first heap   total 249856K, used 133323K [0x0000000080000000, 0x0000000100000000)
  region size 1024K, 4 young (4096K), 4 survivors (4096K)
 Metaspace       used 97682K, committed 98432K, reserved 1138688K
  class space    used 13196K, committed 13568K, reserved 1048576K
}
Event: 18.621 GC heap before
{Heap before GC invocations=34 (full 0):
 garbage-first heap   total 249856K, used 140491K [0x0000000080000000, 0x0000000100000000)
  region size 1024K, 12 young (12288K), 4 survivors (4096K)
 Metaspace       used 97777K, committed 98560K, reserved 1138688K
  class space    used 13197K, committed 13568K, reserved 1048576K
}
Event: 18.625 GC heap after
{Heap after GC invocations=35 (full 0):
 garbage-first heap   total 249856K, used 133786K [0x0000000080000000, 0x0000000100000000)
  region size 1024K, 1 young (1024K), 1 survivors (1024K)
 Metaspace       used 97777K, committed 98560K, reserved 1138688K
  class space    used 13197K, committed 13568K, reserved 1048576K
}
Event: 19.146 GC heap before
{Heap before GC invocations=35 (full 0):
 garbage-first heap   total 249856K, used 188058K [0x0000000080000000, 0x0000000100000000)
  region size 1024K, 55 young (56320K), 1 survivors (1024K)
 Metaspace       used 97962K, committed 98816K, reserved 1138688K
  class space    used 13207K, committed 13632K, reserved 1048576K
}
Event: 19.152 GC heap after
{Heap after GC invocations=36 (full 0):
 garbage-first heap   total 249856K, used 135294K [0x0000000080000000, 0x0000000100000000)
  region size 1024K, 3 young (3072K), 3 survivors (3072K)
 Metaspace       used 97962K, committed 98816K, reserved 1138688K
  class space    used 13207K, committed 13632K, reserved 1048576K
}
Event: 19.778 GC heap before
{Heap before GC invocations=37 (full 0):
 garbage-first heap   total 249856K, used 180350K [0x0000000080000000, 0x0000000100000000)
  region size 1024K, 60 young (61440K), 3 survivors (3072K)
 Metaspace       used 98106K, committed 98944K, reserved 1138688K
  class space    used 13211K, committed 13632K, reserved 1048576K
}
Event: 19.785 GC heap after
{Heap after GC invocations=38 (full 0):
 garbage-first heap   total 249856K, used 125150K [0x0000000080000000, 0x0000000100000000)
  region size 1024K, 5 young (5120K), 5 survivors (5120K)
 Metaspace       used 98106K, committed 98944K, reserved 1138688K
  class space    used 13211K, committed 13632K, reserved 1048576K
}
Event: 19.844 GC heap before
{Heap before GC invocations=38 (full 0):
 garbage-first heap   total 249856K, used 131294K [0x0000000080000000, 0x0000000100000000)
  region size 1024K, 12 young (12288K), 5 survivors (5120K)
 Metaspace       used 98129K, committed 99008K, reserved 1138688K
  class space    used 13211K, committed 13632K, reserved 1048576K
}
Event: 19.848 GC heap after
{Heap after GC invocations=39 (full 0):
 garbage-first heap   total 249856K, used 117684K [0x0000000080000000, 0x0000000100000000)
  region size 1024K, 1 young (1024K), 1 survivors (1024K)
 Metaspace       used 98129K, committed 99008K, reserved 1138688K
  class space    used 13211K, committed 13632K, reserved 1048576K
}
Event: 20.506 GC heap before
{Heap before GC invocations=39 (full 0):
 garbage-first heap   total 249856K, used 190388K [0x0000000080000000, 0x0000000100000000)
  region size 1024K, 73 young (74752K), 1 survivors (1024K)
 Metaspace       used 98315K, committed 99136K, reserved 1138688K
  class space    used 13230K, committed 13632K, reserved 1048576K
}
Event: 20.511 GC heap after
{Heap after GC invocations=40 (full 0):
 garbage-first heap   total 249856K, used 120670K [0x0000000080000000, 0x0000000100000000)
  region size 1024K, 4 young (4096K), 4 survivors (4096K)
 Metaspace       used 98315K, committed 99136K, reserved 1138688K
  class space    used 13230K, committed 13632K, reserved 1048576K
}
Event: 21.312 GC heap before
{Heap before GC invocations=41 (full 0):
 garbage-first heap   total 249856K, used 194398K [0x0000000080000000, 0x0000000100000000)
  region size 1024K, 77 young (78848K), 4 survivors (4096K)
 Metaspace       used 101425K, committed 102272K, reserved 1138688K
  class space    used 13613K, committed 14016K, reserved 1048576K
}
Event: 21.322 GC heap after
{Heap after GC invocations=42 (full 0):
 garbage-first heap   total 249856K, used 125097K [0x0000000080000000, 0x0000000100000000)
  region size 1024K, 8 young (8192K), 8 survivors (8192K)
 Metaspace       used 101425K, committed 102272K, reserved 1138688K
  class space    used 13613K, committed 14016K, reserved 1048576K
}
Event: 21.355 GC heap before
{Heap before GC invocations=42 (full 0):
 garbage-first heap   total 249856K, used 128169K [0x0000000080000000, 0x0000000100000000)
  region size 1024K, 12 young (12288K), 8 survivors (8192K)
 Metaspace       used 101517K, committed 102400K, reserved 1138688K
  class space    used 13619K, committed 14016K, reserved 1048576K
}
Event: 21.362 GC heap after
{Heap after GC invocations=43 (full 0):
 garbage-first heap   total 249856K, used 123464K [0x0000000080000000, 0x0000000100000000)
  region size 1024K, 2 young (2048K), 2 survivors (2048K)
 Metaspace       used 101517K, committed 102400K, reserved 1138688K
  class space    used 13619K, committed 14016K, reserved 1048576K
}
Event: 24.981 GC heap before
{Heap before GC invocations=43 (full 0):
 garbage-first heap   total 249856K, used 197192K [0x0000000080000000, 0x0000000100000000)
  region size 1024K, 75 young (76800K), 2 survivors (2048K)
 Metaspace       used 103660K, committed 104512K, reserved 1146880K
  class space    used 13916K, committed 14336K, reserved 1048576K
}

