# JRE version: OpenJDK Runtime Environment (17.0.6) (build 17.0.6+0-b2043.56-10027231)
# Java VM: OpenJDK 64-Bit Server VM (17.0.6+0-b2043.56-10027231, mixed mode, tiered, compressed oops, compressed class ptrs, g1 gc, windows-amd64)
GC Precious Log:
 CPUs: 4 total, 4 available
 Memory: 16247M
 Large Page Support: Disabled
 NUMA Support: Disabled
 Compressed Oops: Enabled (32-bit)
 Heap Region Size: 1M
 Heap Min Capacity: 8M
 Heap Initial Capacity: 254M
 Heap Max Capacity: 2G
 Pre-touch: Disabled
 Parallel Workers: 4
 Concurrent Workers: 1
 Concurrent Refinement Workers: 4
 Periodic GC: Disabled
Heap:
 garbage-first heap   total 260096K, used 95459K [0x0000000080000000, 0x0000000100000000)
  region size 1024K, 1 young (1024K), 1 survivors (1024K)
 Metaspace       used 89972K, committed 90688K, reserved 1130496K
  class space    used 12130K, committed 12416K, reserved 1048576K
GC Heap History (20 events):
Event: 8.758 GC heap after
{Heap after GC invocations=29 (full 0):
 garbage-first heap   total 117760K, used 62116K [0x0000000080000000, 0x0000000100000000)
  region size 1024K, 3 young (3072K), 3 survivors (3072K)
 Metaspace       used 71380K, committed 71936K, reserved 1114112K
  class space    used 9401K, committed 9664K, reserved 1048576K
}
Event: 9.381 GC heap before
{Heap before GC invocations=30 (full 0):
 garbage-first heap   total 117760K, used 94884K [0x0000000080000000, 0x0000000100000000)
  region size 1024K, 34 young (34816K), 3 survivors (3072K)
 Metaspace       used 75233K, committed 75840K, reserved 1122304K
  class space    used 10108K, committed 10368K, reserved 1048576K
}
Event: 9.385 GC heap after
{Heap after GC invocations=31 (full 0):
 garbage-first heap   total 117760K, used 63840K [0x0000000080000000, 0x0000000100000000)
  region size 1024K, 3 young (3072K), 3 survivors (3072K)
 Metaspace       used 75233K, committed 75840K, reserved 1122304K
  class space    used 10108K, committed 10368K, reserved 1048576K
}
Event: 9.619 GC heap before
{Heap before GC invocations=31 (full 0):
 garbage-first heap   total 117760K, used 94560K [0x0000000080000000, 0x0000000100000000)
  region size 1024K, 33 young (33792K), 3 survivors (3072K)
 Metaspace       used 76421K, committed 76992K, reserved 1122304K
  class space    used 10296K, committed 10560K, reserved 1048576K
}
Event: 9.624 GC heap after
{Heap after GC invocations=32 (full 0):
 garbage-first heap   total 117760K, used 65826K [0x0000000080000000, 0x0000000100000000)
  region size 1024K, 5 young (5120K), 5 survivors (5120K)
 Metaspace       used 76421K, committed 76992K, reserved 1122304K
  class space    used 10296K, committed 10560K, reserved 1048576K
}
Event: 10.019 GC heap before
{Heap before GC invocations=33 (full 0):
 garbage-first heap   total 137216K, used 93474K [0x0000000080000000, 0x0000000100000000)
  region size 1024K, 32 young (32768K), 5 survivors (5120K)
 Metaspace       used 77850K, committed 78464K, reserved 1122304K
  class space    used 10503K, committed 10752K, reserved 1048576K
}
Event: 10.026 GC heap after
{Heap after GC invocations=34 (full 0):
 garbage-first heap   total 137216K, used 68496K [0x0000000080000000, 0x0000000100000000)
  region size 1024K, 3 young (3072K), 3 survivors (3072K)
 Metaspace       used 77850K, committed 78464K, reserved 1122304K
  class space    used 10503K, committed 10752K, reserved 1048576K
}
Event: 10.659 GC heap before
{Heap before GC invocations=34 (full 0):
 garbage-first heap   total 137216K, used 110480K [0x0000000080000000, 0x0000000100000000)
  region size 1024K, 44 young (45056K), 3 survivors (3072K)
 Metaspace       used 83245K, committed 83840K, reserved 1122304K
  class space    used 11289K, committed 11584K, reserved 1048576K
}
Event: 10.664 GC heap after
{Heap after GC invocations=35 (full 0):
 garbage-first heap   total 164864K, used 71260K [0x0000000080000000, 0x0000000100000000)
  region size 1024K, 6 young (6144K), 6 survivors (6144K)
 Metaspace       used 83245K, committed 83840K, reserved 1122304K
  class space    used 11289K, committed 11584K, reserved 1048576K
}
Event: 11.194 GC heap before
{Heap before GC invocations=36 (full 0):
 garbage-first heap   total 164864K, used 131676K [0x0000000080000000, 0x0000000100000000)
  region size 1024K, 65 young (66560K), 6 survivors (6144K)
 Metaspace       used 84642K, committed 85312K, reserved 1130496K
  class space    used 11485K, committed 11776K, reserved 1048576K
}
Event: 11.207 GC heap after
{Heap after GC invocations=37 (full 0):
 garbage-first heap   total 164864K, used 79449K [0x0000000080000000, 0x0000000100000000)
  region size 1024K, 9 young (9216K), 9 survivors (9216K)
 Metaspace       used 84642K, committed 85312K, reserved 1130496K
  class space    used 11485K, committed 11776K, reserved 1048576K
}
Event: 11.976 GC heap before
{Heap before GC invocations=37 (full 0):
 garbage-first heap   total 164864K, used 129625K [0x0000000080000000, 0x0000000100000000)
  region size 1024K, 58 young (59392K), 9 survivors (9216K)
 Metaspace       used 88880K, committed 89664K, reserved 1130496K
  class space    used 12064K, committed 12416K, reserved 1048576K
}
Event: 11.988 GC heap after
{Heap after GC invocations=38 (full 0):
 garbage-first heap   total 164864K, used 87194K [0x0000000080000000, 0x0000000100000000)
  region size 1024K, 8 young (8192K), 8 survivors (8192K)
 Metaspace       used 88880K, committed 89664K, reserved 1130496K
  class space    used 12064K, committed 12416K, reserved 1048576K
}
Event: 12.535 GC heap before
{Heap before GC invocations=38 (full 0):
 garbage-first heap   total 164864K, used 129178K [0x0000000080000000, 0x0000000100000000)
  region size 1024K, 50 young (51200K), 8 survivors (8192K)
 Metaspace       used 89216K, committed 89984K, reserved 1130496K
  class space    used 12069K, committed 12416K, reserved 1048576K
}
Event: 12.544 GC heap after
{Heap after GC invocations=39 (full 0):
 garbage-first heap   total 164864K, used 90716K [0x0000000080000000, 0x0000000100000000)
  region size 1024K, 4 young (4096K), 4 survivors (4096K)
 Metaspace       used 89216K, committed 89984K, reserved 1130496K
  class space    used 12069K, committed 12416K, reserved 1048576K
}
Event: 13.044 GC heap before
{Heap before GC invocations=40 (full 0):
 garbage-first heap   total 168960K, used 133724K [0x0000000080000000, 0x0000000100000000)
  region size 1024K, 46 young (47104K), 4 survivors (4096K)
 Metaspace       used 89955K, committed 90624K, reserved 1130496K
  class space    used 12130K, committed 12416K, reserved 1048576K
}
Event: 13.050 GC heap after
{Heap after GC invocations=41 (full 0):
 garbage-first heap   total 168960K, used 94803K [0x0000000080000000, 0x0000000100000000)
  region size 1024K, 6 young (6144K), 6 survivors (6144K)
 Metaspace       used 89955K, committed 90624K, reserved 1130496K
  class space    used 12130K, committed 12416K, reserved 1048576K
}
Event: 13.065 GC heap before
{Heap before GC invocations=41 (full 0):
 garbage-first heap   total 168960K, used 96851K [0x0000000080000000, 0x0000000100000000)
  region size 1024K, 8 young (8192K), 6 survivors (6144K)
 Metaspace       used 89955K, committed 90624K, reserved 1130496K
  class space    used 12130K, committed 12416K, reserved 1048576K
}
Event: 13.072 GC heap after
{Heap after GC invocations=42 (full 0):
 garbage-first heap   total 168960K, used 95964K [0x0000000080000000, 0x0000000100000000)
  region size 1024K, 1 young (1024K), 1 survivors (1024K)
 Metaspace       used 89955K, committed 90624K, reserved 1130496K
  class space    used 12130K, committed 12416K, reserved 1048576K
}
Event: 13.124 GC heap before
{Heap before GC invocations=42 (full 0):
 garbage-first heap   total 168960K, used 100060K [0x0000000080000000, 0x0000000100000000)
  region size 1024K, 6 young (6144K), 1 survivors (1024K)
 Metaspace       used 89972K, committed 90688K, reserved 1130496K
  class space    used 12130K, committed 12416K, reserved 1048576K
}

