# JRE version: OpenJDK Runtime Environment (11.0.12+7) (build 11.0.12+7-b1504.28-7817840)
# Java VM: OpenJDK 64-Bit Server VM (11.0.12+7-b1504.28-7817840, mixed mode, tiered, compressed oops, g1 gc, windows-amd64)
Heap:
 garbage-first heap   total 574464K, used 340790K [0x0000000080000000, 0x0000000100000000)
  region size 1024K, 4 young (4096K), 4 survivors (4096K)
 Metaspace       used 151790K, capacity 156533K, committed 156800K, reserved 1185792K
  class space    used 18536K, capacity 20307K, committed 20428K, reserved 1048576K
GC Heap History (20 events):
Event: 884.894 GC heap after
{Heap after GC invocations=96 (full 0):
 garbage-first heap   total 444416K, used 311262K [0x0000000080000000, 0x0000000100000000)
  region size 1024K, 7 young (7168K), 7 survivors (7168K)
 Metaspace       used 148626K, capacity 153133K, committed 153216K, reserved 1183744K
  class space    used 18170K, capacity 19833K, committed 19916K, reserved 1048576K
}
Event: 885.078 GC heap before
{Heap before GC invocations=96 (full 0):
 garbage-first heap   total 444416K, used 391134K [0x0000000080000000, 0x0000000100000000)
  region size 1024K, 85 young (87040K), 7 survivors (7168K)
 Metaspace       used 148644K, capacity 153134K, committed 153472K, reserved 1183744K
  class space    used 18170K, capacity 19833K, committed 19916K, reserved 1048576K
}
Event: 885.085 GC heap after
{Heap after GC invocations=97 (full 0):
 garbage-first heap   total 444416K, used 311199K [0x0000000080000000, 0x0000000100000000)
  region size 1024K, 6 young (6144K), 6 survivors (6144K)
 Metaspace       used 148644K, capacity 153134K, committed 153472K, reserved 1183744K
  class space    used 18170K, capacity 19833K, committed 19916K, reserved 1048576K
}
Event: 885.233 GC heap before
{Heap before GC invocations=97 (full 0):
 garbage-first heap   total 444416K, used 392095K [0x0000000080000000, 0x0000000100000000)
  region size 1024K, 85 young (87040K), 6 survivors (6144K)
 Metaspace       used 148673K, capacity 153171K, committed 153472K, reserved 1183744K
  class space    used 18176K, capacity 19866K, committed 19916K, reserved 1048576K
}
Event: 885.241 GC heap after
{Heap after GC invocations=98 (full 0):
 garbage-first heap   total 444416K, used 312943K [0x0000000080000000, 0x0000000100000000)
  region size 1024K, 8 young (8192K), 8 survivors (8192K)
 Metaspace       used 148673K, capacity 153171K, committed 153472K, reserved 1183744K
  class space    used 18176K, capacity 19866K, committed 19916K, reserved 1048576K
}
Event: 885.390 GC heap before
{Heap before GC invocations=98 (full 0):
 garbage-first heap   total 444416K, used 389743K [0x0000000080000000, 0x0000000100000000)
  region size 1024K, 83 young (84992K), 8 survivors (8192K)
 Metaspace       used 148714K, capacity 153247K, committed 153472K, reserved 1183744K
  class space    used 18188K, capacity 19870K, committed 19916K, reserved 1048576K
}
Event: 885.396 GC heap after
{Heap after GC invocations=99 (full 0):
 garbage-first heap   total 444416K, used 311988K [0x0000000080000000, 0x0000000100000000)
  region size 1024K, 5 young (5120K), 5 survivors (5120K)
 Metaspace       used 148714K, capacity 153247K, committed 153472K, reserved 1183744K
  class space    used 18188K, capacity 19870K, committed 19916K, reserved 1048576K
}
Event: 885.587 GC heap before
{Heap before GC invocations=99 (full 0):
 garbage-first heap   total 444416K, used 391860K [0x0000000080000000, 0x0000000100000000)
  region size 1024K, 83 young (84992K), 5 survivors (5120K)
 Metaspace       used 148725K, capacity 153247K, committed 153472K, reserved 1183744K
  class space    used 18188K, capacity 19870K, committed 19916K, reserved 1048576K
}
Event: 885.594 GC heap after
{Heap after GC invocations=100 (full 0):
 garbage-first heap   total 510976K, used 312000K [0x0000000080000000, 0x0000000100000000)
  region size 1024K, 5 young (5120K), 5 survivors (5120K)
 Metaspace       used 148725K, capacity 153247K, committed 153472K, reserved 1183744K
  class space    used 18188K, capacity 19870K, committed 19916K, reserved 1048576K
}
Event: 886.003 GC heap before
{Heap before GC invocations=100 (full 0):
 garbage-first heap   total 510976K, used 436928K [0x0000000080000000, 0x0000000100000000)
  region size 1024K, 128 young (131072K), 5 survivors (5120K)
 Metaspace       used 149299K, capacity 153938K, committed 154112K, reserved 1183744K
  class space    used 18262K, capacity 19985K, committed 20044K, reserved 1048576K
}
Event: 886.013 GC heap after
{Heap after GC invocations=101 (full 0):
 garbage-first heap   total 510976K, used 316061K [0x0000000080000000, 0x0000000100000000)
  region size 1024K, 9 young (9216K), 9 survivors (9216K)
 Metaspace       used 149299K, capacity 153938K, committed 154112K, reserved 1183744K
  class space    used 18262K, capacity 19985K, committed 20044K, reserved 1048576K
}
Event: 886.612 GC heap before
{Heap before GC invocations=101 (full 0):
 garbage-first heap   total 510976K, used 437917K [0x0000000080000000, 0x0000000100000000)
  region size 1024K, 129 young (132096K), 9 survivors (9216K)
 Metaspace       used 149502K, capacity 154117K, committed 154368K, reserved 1183744K
  class space    used 18262K, capacity 19985K, committed 20044K, reserved 1048576K
}
Event: 886.620 GC heap after
{Heap after GC invocations=102 (full 0):
 garbage-first heap   total 510976K, used 317147K [0x0000000080000000, 0x0000000100000000)
  region size 1024K, 10 young (10240K), 10 survivors (10240K)
 Metaspace       used 149502K, capacity 154117K, committed 154368K, reserved 1183744K
  class space    used 18262K, capacity 19985K, committed 20044K, reserved 1048576K
}
Event: 887.325 GC heap before
{Heap before GC invocations=102 (full 0):
 garbage-first heap   total 510976K, used 440027K [0x0000000080000000, 0x0000000100000000)
  region size 1024K, 131 young (134144K), 10 survivors (10240K)
 Metaspace       used 149526K, capacity 154197K, committed 154368K, reserved 1183744K
  class space    used 18262K, capacity 19985K, committed 20044K, reserved 1048576K
}
Event: 887.332 GC heap after
{Heap after GC invocations=103 (full 0):
 garbage-first heap   total 510976K, used 316481K [0x0000000080000000, 0x0000000100000000)
  region size 1024K, 9 young (9216K), 9 survivors (9216K)
 Metaspace       used 149526K, capacity 154197K, committed 154368K, reserved 1183744K
  class space    used 18262K, capacity 19985K, committed 20044K, reserved 1048576K
}
Event: 888.297 GC heap before
{Heap before GC invocations=103 (full 0):
 garbage-first heap   total 510976K, used 451649K [0x0000000080000000, 0x0000000100000000)
  region size 1024K, 133 young (136192K), 9 survivors (9216K)
 Metaspace       used 150658K, capacity 155358K, committed 155520K, reserved 1185792K
  class space    used 18393K, capacity 20143K, committed 20172K, reserved 1048576K
}
Event: 888.315 GC heap after
{Heap after GC invocations=104 (full 0):
 garbage-first heap   total 510976K, used 328338K [0x0000000080000000, 0x0000000100000000)
  region size 1024K, 16 young (16384K), 16 survivors (16384K)
 Metaspace       used 150658K, capacity 155358K, committed 155520K, reserved 1185792K
  class space    used 18393K, capacity 20143K, committed 20172K, reserved 1048576K
}
Event: 889.493 GC heap before
{Heap before GC invocations=104 (full 0):
 garbage-first heap   total 510976K, used 440978K [0x0000000080000000, 0x0000000100000000)
  region size 1024K, 124 young (126976K), 16 survivors (16384K)
 Metaspace       used 150743K, capacity 155399K, committed 155520K, reserved 1185792K
  class space    used 18397K, capacity 20151K, committed 20172K, reserved 1048576K
}
Event: 889.511 GC heap after
{Heap after GC invocations=105 (full 0):
 garbage-first heap   total 510976K, used 332463K [0x0000000080000000, 0x0000000100000000)
  region size 1024K, 15 young (15360K), 15 survivors (15360K)
 Metaspace       used 150743K, capacity 155399K, committed 155520K, reserved 1185792K
  class space    used 18397K, capacity 20151K, committed 20172K, reserved 1048576K
}
Event: 890.085 GC heap before
{Heap before GC invocations=105 (full 0):
 garbage-first heap   total 510976K, used 424623K [0x0000000080000000, 0x0000000100000000)
  region size 1024K, 71 young (72704K), 15 survivors (15360K)
 Metaspace       used 151790K, capacity 156533K, committed 156800K, reserved 1185792K
  class space    used 18536K, capacity 20307K, committed 20428K, reserved 1048576K
}

