# JRE version: OpenJDK Runtime Environment (17.0.6) (build 17.0.6+0-b2043.56-10027231)
# Java VM: OpenJDK 64-Bit Server VM (17.0.6+0-b2043.56-10027231, mixed mode, tiered, compressed oops, compressed class ptrs, g1 gc, windows-amd64)
GC Precious Log:
 CPUs: 4 total, 4 available
 Memory: 16247M
 Large Page Support: Disabled
 NUMA Support: Disabled
 Compressed Oops: Enabled (32-bit)
 Heap Region Size: 1M
 Heap Min Capacity: 8M
 Heap Initial Capacity: 254M
 Heap Max Capacity: 2G
 Pre-touch: Disabled
 Parallel Workers: 4
 Concurrent Workers: 1
 Concurrent Refinement Workers: 4
 Periodic GC: Disabled
Heap:
 garbage-first heap   total 342016K, used 177022K [0x0000000080000000, 0x0000000100000000)
  region size 1024K, 1 young (1024K), 1 survivors (1024K)
 Metaspace       used 128414K, committed 129408K, reserved 1163264K
  class space    used 16822K, committed 17280K, reserved 1048576K
GC Heap History (20 events):
Event: 489.895 GC heap after
{Heap after GC invocations=86 (full 0):
 garbage-first heap   total 342016K, used 143111K [0x0000000080000000, 0x0000000100000000)
  region size 1024K, 2 young (2048K), 2 survivors (2048K)
 Metaspace       used 111070K, committed 112064K, reserved 1146880K
  class space    used 14390K, committed 14848K, reserved 1048576K
}
Event: 492.431 GC heap before
{Heap before GC invocations=86 (full 0):
 garbage-first heap   total 342016K, used 249607K [0x0000000080000000, 0x0000000100000000)
  region size 1024K, 107 young (109568K), 2 survivors (2048K)
 Metaspace       used 111187K, committed 112192K, reserved 1146880K
  class space    used 14393K, committed 14848K, reserved 1048576K
}
Event: 492.445 GC heap after
{Heap after GC invocations=87 (full 0):
 garbage-first heap   total 342016K, used 158354K [0x0000000080000000, 0x0000000100000000)
  region size 1024K, 14 young (14336K), 14 survivors (14336K)
 Metaspace       used 111187K, committed 112192K, reserved 1146880K
  class space    used 14393K, committed 14848K, reserved 1048576K
}
Event: 493.152 GC heap before
{Heap before GC invocations=88 (full 0):
 garbage-first heap   total 342016K, used 261778K [0x0000000080000000, 0x0000000100000000)
  region size 1024K, 110 young (112640K), 14 survivors (14336K)
 Metaspace       used 112420K, committed 113472K, reserved 1155072K
  class space    used 14559K, committed 15040K, reserved 1048576K
}
Event: 493.165 GC heap after
{Heap after GC invocations=89 (full 0):
 garbage-first heap   total 342016K, used 160918K [0x0000000080000000, 0x0000000100000000)
  region size 1024K, 5 young (5120K), 5 survivors (5120K)
 Metaspace       used 112420K, committed 113472K, reserved 1155072K
  class space    used 14559K, committed 15040K, reserved 1048576K
}
Event: 493.196 GC heap before
{Heap before GC invocations=89 (full 0):
 garbage-first heap   total 342016K, used 172182K [0x0000000080000000, 0x0000000100000000)
  region size 1024K, 16 young (16384K), 5 survivors (5120K)
 Metaspace       used 112658K, committed 113664K, reserved 1155072K
  class space    used 14590K, committed 15040K, reserved 1048576K
}
Event: 493.208 GC heap after
{Heap after GC invocations=90 (full 0):
 garbage-first heap   total 342016K, used 150440K [0x0000000080000000, 0x0000000100000000)
  region size 1024K, 1 young (1024K), 1 survivors (1024K)
 Metaspace       used 112658K, committed 113664K, reserved 1155072K
  class space    used 14590K, committed 15040K, reserved 1048576K
}
Event: 494.041 GC heap before
{Heap before GC invocations=90 (full 0):
 garbage-first heap   total 342016K, used 261032K [0x0000000080000000, 0x0000000100000000)
  region size 1024K, 110 young (112640K), 1 survivors (1024K)
 Metaspace       used 119256K, committed 120320K, reserved 1155072K
  class space    used 15514K, committed 16000K, reserved 1048576K
}
Event: 494.069 GC heap after
{Heap after GC invocations=91 (full 0):
 garbage-first heap   total 342016K, used 165281K [0x0000000080000000, 0x0000000100000000)
  region size 1024K, 14 young (14336K), 14 survivors (14336K)
 Metaspace       used 119256K, committed 120320K, reserved 1155072K
  class space    used 15514K, committed 16000K, reserved 1048576K
}
Event: 495.656 GC heap before
{Heap before GC invocations=92 (full 0):
 garbage-first heap   total 342016K, used 263585K [0x0000000080000000, 0x0000000100000000)
  region size 1024K, 111 young (113664K), 14 survivors (14336K)
 Metaspace       used 123848K, committed 124928K, reserved 1163264K
  class space    used 16049K, committed 16512K, reserved 1048576K
}
Event: 495.670 GC heap after
{Heap after GC invocations=93 (full 0):
 garbage-first heap   total 342016K, used 165765K [0x0000000080000000, 0x0000000100000000)
  region size 1024K, 3 young (3072K), 3 survivors (3072K)
 Metaspace       used 123848K, committed 124928K, reserved 1163264K
  class space    used 16049K, committed 16512K, reserved 1048576K
}
Event: 495.813 GC heap before
{Heap before GC invocations=93 (full 0):
 garbage-first heap   total 342016K, used 179077K [0x0000000080000000, 0x0000000100000000)
  region size 1024K, 16 young (16384K), 3 survivors (3072K)
 Metaspace       used 124479K, committed 125568K, reserved 1163264K
  class space    used 16108K, committed 16576K, reserved 1048576K
}
Event: 495.820 GC heap after
{Heap after GC invocations=94 (full 0):
 garbage-first heap   total 342016K, used 161491K [0x0000000080000000, 0x0000000100000000)
  region size 1024K, 1 young (1024K), 1 survivors (1024K)
 Metaspace       used 124479K, committed 125568K, reserved 1163264K
  class space    used 16108K, committed 16576K, reserved 1048576K
}
Event: 495.974 GC heap before
{Heap before GC invocations=94 (full 0):
 garbage-first heap   total 342016K, used 173779K [0x0000000080000000, 0x0000000100000000)
  region size 1024K, 15 young (15360K), 1 survivors (1024K)
 Metaspace       used 125316K, committed 126400K, reserved 1163264K
  class space    used 16232K, committed 16704K, reserved 1048576K
}
Event: 495.977 GC heap after
{Heap after GC invocations=95 (full 0):
 garbage-first heap   total 342016K, used 162407K [0x0000000080000000, 0x0000000100000000)
  region size 1024K, 2 young (2048K), 2 survivors (2048K)
 Metaspace       used 125316K, committed 126400K, reserved 1163264K
  class space    used 16232K, committed 16704K, reserved 1048576K
}
Event: 497.561 GC heap before
{Heap before GC invocations=96 (full 0):
 garbage-first heap   total 342016K, used 283239K [0x0000000080000000, 0x0000000100000000)
  region size 1024K, 112 young (114688K), 2 survivors (2048K)
 Metaspace       used 128256K, committed 129344K, reserved 1163264K
  class space    used 16782K, committed 17280K, reserved 1048576K
}
Event: 497.576 GC heap after
{Heap after GC invocations=97 (full 0):
 garbage-first heap   total 342016K, used 179200K [0x0000000080000000, 0x0000000100000000)
  region size 1024K, 14 young (14336K), 14 survivors (14336K)
 Metaspace       used 128256K, committed 129344K, reserved 1163264K
  class space    used 16782K, committed 17280K, reserved 1048576K
}
Event: 497.610 GC heap before
{Heap before GC invocations=97 (full 0):
 garbage-first heap   total 342016K, used 181248K [0x0000000080000000, 0x0000000100000000)
  region size 1024K, 16 young (16384K), 14 survivors (14336K)
 Metaspace       used 128410K, committed 129408K, reserved 1163264K
  class space    used 16821K, committed 17280K, reserved 1048576K
}
Event: 497.626 GC heap after
{Heap after GC invocations=98 (full 0):
 garbage-first heap   total 342016K, used 178266K [0x0000000080000000, 0x0000000100000000)
  region size 1024K, 2 young (2048K), 2 survivors (2048K)
 Metaspace       used 128410K, committed 129408K, reserved 1163264K
  class space    used 16821K, committed 17280K, reserved 1048576K
}
Event: 497.628 GC heap before
{Heap before GC invocations=98 (full 0):
 garbage-first heap   total 342016K, used 179290K [0x0000000080000000, 0x0000000100000000)
  region size 1024K, 4 young (4096K), 2 survivors (2048K)
 Metaspace       used 128414K, committed 129408K, reserved 1163264K
  class space    used 16822K, committed 17280K, reserved 1048576K
}

