# JRE version: OpenJDK Runtime Environment (17.0.6) (build 17.0.6+0-b2043.56-10027231)
# Java VM: OpenJDK 64-Bit Server VM (17.0.6+0-b2043.56-10027231, mixed mode, tiered, compressed oops, compressed class ptrs, g1 gc, windows-amd64)
GC Precious Log:
 CPUs: 4 total, 4 available
 Memory: 16247M
 Large Page Support: Disabled
 NUMA Support: Disabled
 Compressed Oops: Enabled (32-bit)
 Heap Region Size: 1M
 Heap Min Capacity: 8M
 Heap Initial Capacity: 254M
 Heap Max Capacity: 2G
 Pre-touch: Disabled
 Parallel Workers: 4
 Concurrent Workers: 1
 Concurrent Refinement Workers: 4
 Periodic GC: Disabled
Heap:
 garbage-first heap   total 331776K, used 183790K [0x0000000080000000, 0x0000000100000000)
  region size 1024K, 18 young (18432K), 11 survivors (11264K)
 Metaspace       used 114636K, committed 115456K, reserved 1155072K
  class space    used 15396K, committed 15744K, reserved 1048576K
GC Heap History (20 events):
Event: 20.324 GC heap before
{Heap before GC invocations=44 (full 0):
 garbage-first heap   total 165888K, used 136093K [0x0000000080000000, 0x0000000100000000)
  region size 1024K, 37 young (37888K), 3 survivors (3072K)
 Metaspace       used 90811K, committed 91520K, reserved 1130496K
  class space    used 12192K, committed 12480K, reserved 1048576K
}
Event: 20.331 GC heap after
{Heap after GC invocations=45 (full 0):
 garbage-first heap   total 165888K, used 107106K [0x0000000080000000, 0x0000000100000000)
  region size 1024K, 5 young (5120K), 5 survivors (5120K)
 Metaspace       used 90811K, committed 91520K, reserved 1130496K
  class space    used 12192K, committed 12480K, reserved 1048576K
}
Event: 20.586 GC heap before
{Heap before GC invocations=45 (full 0):
 garbage-first heap   total 165888K, used 136802K [0x0000000080000000, 0x0000000100000000)
  region size 1024K, 35 young (35840K), 5 survivors (5120K)
 Metaspace       used 90841K, committed 91520K, reserved 1130496K
  class space    used 12195K, committed 12480K, reserved 1048576K
}
Event: 20.593 GC heap after
{Heap after GC invocations=46 (full 0):
 garbage-first heap   total 165888K, used 109354K [0x0000000080000000, 0x0000000100000000)
  region size 1024K, 2 young (2048K), 2 survivors (2048K)
 Metaspace       used 90841K, committed 91520K, reserved 1130496K
  class space    used 12195K, committed 12480K, reserved 1048576K
}
Event: 20.928 GC heap before
{Heap before GC invocations=46 (full 0):
 garbage-first heap   total 165888K, used 138026K [0x0000000080000000, 0x0000000100000000)
  region size 1024K, 31 young (31744K), 2 survivors (2048K)
 Metaspace       used 90896K, committed 91584K, reserved 1130496K
  class space    used 12198K, committed 12480K, reserved 1048576K
}
Event: 20.934 GC heap after
{Heap after GC invocations=47 (full 0):
 garbage-first heap   total 331776K, used 110492K [0x0000000080000000, 0x0000000100000000)
  region size 1024K, 4 young (4096K), 4 survivors (4096K)
 Metaspace       used 90896K, committed 91584K, reserved 1130496K
  class space    used 12198K, committed 12480K, reserved 1048576K
}
Event: 22.964 GC heap before
{Heap before GC invocations=48 (full 0):
 garbage-first heap   total 331776K, used 269212K [0x0000000080000000, 0x0000000100000000)
  region size 1024K, 158 young (161792K), 4 survivors (4096K)
 Metaspace       used 91434K, committed 92160K, reserved 1130496K
  class space    used 12294K, committed 12608K, reserved 1048576K
}
Event: 22.980 GC heap after
{Heap after GC invocations=49 (full 0):
 garbage-first heap   total 331776K, used 120757K [0x0000000080000000, 0x0000000100000000)
  region size 1024K, 14 young (14336K), 14 survivors (14336K)
 Metaspace       used 91434K, committed 92160K, reserved 1130496K
  class space    used 12294K, committed 12608K, reserved 1048576K
}
Event: 22.989 GC heap before
{Heap before GC invocations=49 (full 0):
 garbage-first heap   total 331776K, used 122805K [0x0000000080000000, 0x0000000100000000)
  region size 1024K, 16 young (16384K), 14 survivors (14336K)
 Metaspace       used 91444K, committed 92160K, reserved 1130496K
  class space    used 12294K, committed 12608K, reserved 1048576K
}
Event: 23.002 GC heap after
{Heap after GC invocations=50 (full 0):
 garbage-first heap   total 331776K, used 121383K [0x0000000080000000, 0x0000000100000000)
  region size 1024K, 2 young (2048K), 2 survivors (2048K)
 Metaspace       used 91444K, committed 92160K, reserved 1130496K
  class space    used 12294K, committed 12608K, reserved 1048576K
}
Event: 25.374 GC heap before
{Heap before GC invocations=50 (full 0):
 garbage-first heap   total 331776K, used 263719K [0x0000000080000000, 0x0000000100000000)
  region size 1024K, 136 young (139264K), 2 survivors (2048K)
 Metaspace       used 102734K, committed 103552K, reserved 1138688K
  class space    used 14077K, committed 14464K, reserved 1048576K
}
Event: 25.394 GC heap after
{Heap after GC invocations=51 (full 0):
 garbage-first heap   total 331776K, used 145904K [0x0000000080000000, 0x0000000100000000)
  region size 1024K, 17 young (17408K), 17 survivors (17408K)
 Metaspace       used 102734K, committed 103552K, reserved 1138688K
  class space    used 14077K, committed 14464K, reserved 1048576K
}
Event: 27.740 GC heap before
{Heap before GC invocations=51 (full 0):
 garbage-first heap   total 331776K, used 257520K [0x0000000080000000, 0x0000000100000000)
  region size 1024K, 124 young (126976K), 17 survivors (17408K)
 Metaspace       used 103187K, committed 104000K, reserved 1138688K
  class space    used 14120K, committed 14528K, reserved 1048576K
}
Event: 27.759 GC heap after
{Heap after GC invocations=52 (full 0):
 garbage-first heap   total 331776K, used 159744K [0x0000000080000000, 0x0000000100000000)
  region size 1024K, 16 young (16384K), 16 survivors (16384K)
 Metaspace       used 103187K, committed 104000K, reserved 1138688K
  class space    used 14120K, committed 14528K, reserved 1048576K
}
Event: 28.773 GC heap before
{Heap before GC invocations=52 (full 0):
 garbage-first heap   total 331776K, used 253952K [0x0000000080000000, 0x0000000100000000)
  region size 1024K, 109 young (111616K), 16 survivors (16384K)
 Metaspace       used 103264K, committed 104064K, reserved 1138688K
  class space    used 14120K, committed 14528K, reserved 1048576K
}
Event: 28.794 GC heap after
{Heap after GC invocations=53 (full 0):
 garbage-first heap   total 331776K, used 169088K [0x0000000080000000, 0x0000000100000000)
  region size 1024K, 14 young (14336K), 14 survivors (14336K)
 Metaspace       used 103264K, committed 104064K, reserved 1138688K
  class space    used 14120K, committed 14528K, reserved 1048576K
}
Event: 30.651 GC heap before
{Heap before GC invocations=53 (full 0):
 garbage-first heap   total 331776K, used 287872K [0x0000000080000000, 0x0000000100000000)
  region size 1024K, 87 young (89088K), 14 survivors (14336K)
 Metaspace       used 109411K, committed 110208K, reserved 1146880K
  class space    used 14943K, committed 15296K, reserved 1048576K
}
Event: 30.666 GC heap after
{Heap after GC invocations=54 (full 0):
 garbage-first heap   total 331776K, used 182272K [0x0000000080000000, 0x0000000100000000)
  region size 1024K, 6 young (6144K), 6 survivors (6144K)
 Metaspace       used 109411K, committed 110208K, reserved 1146880K
  class space    used 14943K, committed 15296K, reserved 1048576K
}
Event: 228.650 GC heap before
{Heap before GC invocations=54 (full 0):
 garbage-first heap   total 331776K, used 266240K [0x0000000080000000, 0x0000000100000000)
  region size 1024K, 83 young (84992K), 6 survivors (6144K)
 Metaspace       used 114606K, committed 115392K, reserved 1155072K
  class space    used 15394K, committed 15744K, reserved 1048576K
}
Event: 228.663 GC heap after
{Heap after GC invocations=55 (full 0):
 garbage-first heap   total 331776K, used 177646K [0x0000000080000000, 0x0000000100000000)
  region size 1024K, 11 young (11264K), 11 survivors (11264K)
 Metaspace       used 114606K, committed 115392K, reserved 1155072K
  class space    used 15394K, committed 15744K, reserved 1048576K
}

