# JRE version: OpenJDK Runtime Environment (11.0.12+7) (build 11.0.12+7-b1504.28-7817840)
# Java VM: OpenJDK 64-Bit Server VM (11.0.12+7-b1504.28-7817840, mixed mode, tiered, compressed oops, g1 gc, windows-amd64)
Heap:
 garbage-first heap   total 478208K, used 252706K [0x0000000080000000, 0x0000000100000000)
  region size 1024K, 1 young (1024K), 1 survivors (1024K)
 Metaspace       used 80262K, capacity 82560K, committed 82896K, reserved 1120256K
  class space    used 10471K, capacity 11291K, committed 11392K, reserved 1048576K
GC Heap History (20 events):
Event: 15.628 GC heap after
{Heap after GC invocations=18 (full 0):
 garbage-first heap   total 318464K, used 196608K [0x0000000080000000, 0x0000000100000000)
  region size 1024K, 13 young (13312K), 13 survivors (13312K)
 Metaspace       used 78225K, capacity 80437K, committed 80720K, reserved 1120256K
  class space    used 10216K, capacity 10970K, committed 11008K, reserved 1048576K
}
Event: 15.812 GC heap before
{Heap before GC invocations=18 (full 0):
 garbage-first heap   total 318464K, used 244736K [0x0000000080000000, 0x0000000100000000)
  region size 1024K, 60 young (61440K), 13 survivors (13312K)
 Metaspace       used 78237K, capacity 80437K, committed 80720K, reserved 1120256K
  class space    used 10216K, capacity 10970K, committed 11008K, reserved 1048576K
}
Event: 15.863 GC heap after
{Heap after GC invocations=19 (full 0):
 garbage-first heap   total 318464K, used 224768K [0x0000000080000000, 0x0000000100000000)
  region size 1024K, 8 young (8192K), 8 survivors (8192K)
 Metaspace       used 78237K, capacity 80437K, committed 80720K, reserved 1120256K
  class space    used 10216K, capacity 10970K, committed 11008K, reserved 1048576K
}
Event: 16.159 GC heap before
{Heap before GC invocations=19 (full 0):
 garbage-first heap   total 318464K, used 252416K [0x0000000080000000, 0x0000000100000000)
  region size 1024K, 36 young (36864K), 8 survivors (8192K)
 Metaspace       used 79263K, capacity 81464K, committed 81744K, reserved 1120256K
  class space    used 10360K, capacity 11141K, committed 11264K, reserved 1048576K
}
Event: 16.181 GC heap after
{Heap after GC invocations=20 (full 0):
 garbage-first heap   total 318464K, used 239616K [0x0000000080000000, 0x0000000100000000)
  region size 1024K, 5 young (5120K), 5 survivors (5120K)
 Metaspace       used 79263K, capacity 81464K, committed 81744K, reserved 1120256K
  class space    used 10360K, capacity 11141K, committed 11264K, reserved 1048576K
}
Event: 16.479 GC heap before
{Heap before GC invocations=21 (full 0):
 garbage-first heap   total 318464K, used 260096K [0x0000000080000000, 0x0000000100000000)
  region size 1024K, 26 young (26624K), 5 survivors (5120K)
 Metaspace       used 79322K, capacity 81543K, committed 81744K, reserved 1120256K
  class space    used 10369K, capacity 11121K, committed 11264K, reserved 1048576K
}
Event: 16.495 GC heap after
{Heap after GC invocations=22 (full 0):
 garbage-first heap   total 318464K, used 246272K [0x0000000080000000, 0x0000000100000000)
  region size 1024K, 4 young (4096K), 4 survivors (4096K)
 Metaspace       used 79322K, capacity 81543K, committed 81744K, reserved 1120256K
  class space    used 10369K, capacity 11121K, committed 11264K, reserved 1048576K
}
Event: 16.600 GC heap before
{Heap before GC invocations=22 (full 0):
 garbage-first heap   total 318464K, used 265728K [0x0000000080000000, 0x0000000100000000)
  region size 1024K, 23 young (23552K), 4 survivors (4096K)
 Metaspace       used 79403K, capacity 81624K, committed 82000K, reserved 1120256K
  class space    used 10374K, capacity 11124K, committed 11264K, reserved 1048576K
}
Event: 16.613 GC heap after
{Heap after GC invocations=23 (full 0):
 garbage-first heap   total 318464K, used 249344K [0x0000000080000000, 0x0000000100000000)
  region size 1024K, 2 young (2048K), 2 survivors (2048K)
 Metaspace       used 79403K, capacity 81624K, committed 82000K, reserved 1120256K
  class space    used 10374K, capacity 11124K, committed 11264K, reserved 1048576K
}
Event: 17.227 GC heap before
{Heap before GC invocations=24 (full 0):
 garbage-first heap   total 318464K, used 261632K [0x0000000080000000, 0x0000000100000000)
  region size 1024K, 20 young (20480K), 2 survivors (2048K)
 Metaspace       used 79416K, capacity 81610K, committed 82000K, reserved 1120256K
  class space    used 10371K, capacity 11118K, committed 11264K, reserved 1048576K
}
Event: 17.235 GC heap after
{Heap after GC invocations=25 (full 0):
 garbage-first heap   total 318464K, used 246784K [0x0000000080000000, 0x0000000100000000)
  region size 1024K, 3 young (3072K), 3 survivors (3072K)
 Metaspace       used 79416K, capacity 81610K, committed 82000K, reserved 1120256K
  class space    used 10371K, capacity 11118K, committed 11264K, reserved 1048576K
}
Event: 17.359 GC heap before
{Heap before GC invocations=25 (full 0):
 garbage-first heap   total 318464K, used 261120K [0x0000000080000000, 0x0000000100000000)
  region size 1024K, 15 young (15360K), 3 survivors (3072K)
 Metaspace       used 79420K, capacity 81610K, committed 82000K, reserved 1120256K
  class space    used 10371K, capacity 11118K, committed 11264K, reserved 1048576K
}
Event: 17.374 GC heap after
{Heap after GC invocations=26 (full 0):
 garbage-first heap   total 318464K, used 239180K [0x0000000080000000, 0x0000000100000000)
  region size 1024K, 2 young (2048K), 2 survivors (2048K)
 Metaspace       used 79420K, capacity 81610K, committed 82000K, reserved 1120256K
  class space    used 10371K, capacity 11118K, committed 11264K, reserved 1048576K
}
Event: 17.446 GC heap before
{Heap before GC invocations=26 (full 0):
 garbage-first heap   total 318464K, used 248396K [0x0000000080000000, 0x0000000100000000)
  region size 1024K, 12 young (12288K), 2 survivors (2048K)
 Metaspace       used 79424K, capacity 81610K, committed 82000K, reserved 1120256K
  class space    used 10371K, capacity 11118K, committed 11264K, reserved 1048576K
}
Event: 17.454 GC heap after
{Heap after GC invocations=27 (full 0):
 garbage-first heap   total 318464K, used 241188K [0x0000000080000000, 0x0000000100000000)
  region size 1024K, 4 young (4096K), 4 survivors (4096K)
 Metaspace       used 79424K, capacity 81610K, committed 82000K, reserved 1120256K
  class space    used 10371K, capacity 11118K, committed 11264K, reserved 1048576K
}
Event: 18.358 GC heap before
{Heap before GC invocations=28 (full 0):
 garbage-first heap   total 318464K, used 279076K [0x0000000080000000, 0x0000000100000000)
  region size 1024K, 27 young (27648K), 4 survivors (4096K)
 Metaspace       used 79817K, capacity 82006K, committed 82256K, reserved 1120256K
  class space    used 10418K, capacity 11204K, committed 11264K, reserved 1048576K
}
Event: 18.369 GC heap after
{Heap after GC invocations=29 (full 0):
 garbage-first heap   total 318464K, used 250037K [0x0000000080000000, 0x0000000100000000)
  region size 1024K, 4 young (4096K), 4 survivors (4096K)
 Metaspace       used 79817K, capacity 82006K, committed 82256K, reserved 1120256K
  class space    used 10418K, capacity 11204K, committed 11264K, reserved 1048576K
}
Event: 18.508 GC heap before
{Heap before GC invocations=29 (full 0):
 garbage-first heap   total 318464K, used 260277K [0x0000000080000000, 0x0000000100000000)
  region size 1024K, 15 young (15360K), 4 survivors (4096K)
 Metaspace       used 80262K, capacity 82560K, committed 82896K, reserved 1120256K
  class space    used 10471K, capacity 11291K, committed 11392K, reserved 1048576K
}
Event: 18.514 GC heap after
{Heap after GC invocations=30 (full 0):
 garbage-first heap   total 318464K, used 252480K [0x0000000080000000, 0x0000000100000000)
  region size 1024K, 2 young (2048K), 2 survivors (2048K)
 Metaspace       used 80262K, capacity 82560K, committed 82896K, reserved 1120256K
  class space    used 10471K, capacity 11291K, committed 11392K, reserved 1048576K
}
Event: 18.517 GC heap before
{Heap before GC invocations=30 (full 0):
 garbage-first heap   total 318464K, used 253504K [0x0000000080000000, 0x0000000100000000)
  region size 1024K, 4 young (4096K), 2 survivors (2048K)
 Metaspace       used 80262K, capacity 82560K, committed 82896K, reserved 1120256K
  class space    used 10471K, capacity 11291K, committed 11392K, reserved 1048576K
}

