# JRE version: OpenJDK Runtime Environment (8.0_242-b01) (build 1.8.0_242-release-1644-b01)
# Java VM: OpenJDK 64-Bit Server VM (25.242-b01 mixed mode windows-amd64 compressed oops)
Heap:
 PSYoungGen      total 405504K, used 109230K [0x00000000d5580000, 0x00000000f2a80000, 0x0000000100000000)
  eden space 337920K, 32% used [0x00000000d5580000,0x00000000dc02bb70,0x00000000e9f80000)
  from space 67584K, 0% used [0x00000000ee400000,0x00000000ee400000,0x00000000f2600000)
  to   space 70144K, 0% used [0x00000000e9f80000,0x00000000e9f80000,0x00000000ee400000)
 ParOldGen       total 203264K, used 178171K [0x0000000080000000, 0x000000008c680000, 0x00000000d5580000)
  object space 203264K, 87% used [0x0000000080000000,0x000000008adfef78,0x000000008c680000)
 Metaspace       used 69863K, capacity 73198K, committed 73648K, reserved 1112064K
  class space    used 9626K, capacity 10342K, committed 10416K, reserved 1048576K
GC Heap History (10 events):
Event: 16.655 GC heap before
{Heap before GC invocations=14 (full 3):
 PSYoungGen      total 236544K, used 216064K [0x00000000d5580000, 0x00000000e7880000, 0x0000000100000000)
  eden space 216064K, 100% used [0x00000000d5580000,0x00000000e2880000,0x00000000e2880000)
  from space 20480K, 0% used [0x00000000e3c80000,0x00000000e3c80000,0x00000000e5080000)
  to   space 20480K, 0% used [0x00000000e2880000,0x00000000e2880000,0x00000000e3c80000)
 ParOldGen       total 203264K, used 37690K [0x0000000080000000, 0x000000008c680000, 0x00000000d5580000)
  object space 203264K, 18% used [0x0000000080000000,0x00000000824ceb00,0x000000008c680000)
 Metaspace       used 62013K, capacity 64650K, committed 64688K, reserved 1105920K
  class space    used 8518K, capacity 9122K, committed 9136K, reserved 1048576K
Event: 16.674 GC heap after
Heap after GC invocations=14 (full 3):
 PSYoungGen      total 236544K, used 20468K [0x00000000d5580000, 0x00000000e8400000, 0x0000000100000000)
  eden space 216064K, 0% used [0x00000000d5580000,0x00000000d5580000,0x00000000e2880000)
  from space 20480K, 99% used [0x00000000e2880000,0x00000000e3c7d1f8,0x00000000e3c80000)
  to   space 23040K, 0% used [0x00000000e6d80000,0x00000000e6d80000,0x00000000e8400000)
 ParOldGen       total 203264K, used 38120K [0x0000000080000000, 0x000000008c680000, 0x00000000d5580000)
  object space 203264K, 18% used [0x0000000080000000,0x000000008253a0d0,0x000000008c680000)
 Metaspace       used 62013K, capacity 64650K, committed 64688K, reserved 1105920K
  class space    used 8518K, capacity 9122K, committed 9136K, reserved 1048576K
}
Event: 18.911 GC heap before
{Heap before GC invocations=15 (full 3):
 PSYoungGen      total 236544K, used 236532K [0x00000000d5580000, 0x00000000e8400000, 0x0000000100000000)
  eden space 216064K, 100% used [0x00000000d5580000,0x00000000e2880000,0x00000000e2880000)
  from space 20480K, 99% used [0x00000000e2880000,0x00000000e3c7d1f8,0x00000000e3c80000)
  to   space 23040K, 0% used [0x00000000e6d80000,0x00000000e6d80000,0x00000000e8400000)
 ParOldGen       total 203264K, used 38120K [0x0000000080000000, 0x000000008c680000, 0x00000000d5580000)
  object space 203264K, 18% used [0x0000000080000000,0x000000008253a0d0,0x000000008c680000)
 Metaspace       used 63409K, capacity 66312K, committed 66480K, reserved 1105920K
  class space    used 8696K, capacity 9357K, committed 9392K, reserved 1048576K
Event: 18.972 GC heap after
Heap after GC invocations=15 (full 3):
 PSYoungGen      total 281600K, used 23037K [0x00000000d5580000, 0x00000000e9280000, 0x0000000100000000)
  eden space 258560K, 0% used [0x00000000d5580000,0x00000000d5580000,0x00000000e5200000)
  from space 23040K, 99% used [0x00000000e6d80000,0x00000000e83ff650,0x00000000e8400000)
  to   space 28160K, 0% used [0x00000000e5200000,0x00000000e5200000,0x00000000e6d80000)
 ParOldGen       total 203264K, used 44198K [0x0000000080000000, 0x000000008c680000, 0x00000000d5580000)
  object space 203264K, 21% used [0x0000000080000000,0x0000000082b29990,0x000000008c680000)
 Metaspace       used 63409K, capacity 66312K, committed 66480K, reserved 1105920K
  class space    used 8696K, capacity 9357K, committed 9392K, reserved 1048576K
}
Event: 21.643 GC heap before
{Heap before GC invocations=16 (full 3):
 PSYoungGen      total 281600K, used 281597K [0x00000000d5580000, 0x00000000e9280000, 0x0000000100000000)
  eden space 258560K, 100% used [0x00000000d5580000,0x00000000e5200000,0x00000000e5200000)
  from space 23040K, 99% used [0x00000000e6d80000,0x00000000e83ff650,0x00000000e8400000)
  to   space 28160K, 0% used [0x00000000e5200000,0x00000000e5200000,0x00000000e6d80000)
 ParOldGen       total 203264K, used 44198K [0x0000000080000000, 0x000000008c680000, 0x00000000d5580000)
  object space 203264K, 21% used [0x0000000080000000,0x0000000082b29990,0x000000008c680000)
 Metaspace       used 67666K, capacity 70794K, committed 70960K, reserved 1110016K
  class space    used 9377K, capacity 10026K, committed 10032K, reserved 1048576K
Event: 21.838 GC heap after
Heap after GC invocations=16 (full 3):
 PSYoungGen      total 286720K, used 28159K [0x00000000d5580000, 0x00000000f2600000, 0x0000000100000000)
  eden space 258560K, 0% used [0x00000000d5580000,0x00000000d5580000,0x00000000e5200000)
  from space 28160K, 99% used [0x00000000e5200000,0x00000000e6d7fc80,0x00000000e6d80000)
  to   space 67584K, 0% used [0x00000000ee400000,0x00000000ee400000,0x00000000f2600000)
 ParOldGen       total 203264K, used 140616K [0x0000000080000000, 0x000000008c680000, 0x00000000d5580000)
  object space 203264K, 69% used [0x0000000080000000,0x00000000889520f8,0x000000008c680000)
 Metaspace       used 67666K, capacity 70794K, committed 70960K, reserved 1110016K
  class space    used 9377K, capacity 10026K, committed 10032K, reserved 1048576K
}
Event: 25.538 GC heap before
{Heap before GC invocations=17 (full 3):
 PSYoungGen      total 286720K, used 286719K [0x00000000d5580000, 0x00000000f2600000, 0x0000000100000000)
  eden space 258560K, 100% used [0x00000000d5580000,0x00000000e5200000,0x00000000e5200000)
  from space 28160K, 99% used [0x00000000e5200000,0x00000000e6d7fc80,0x00000000e6d80000)
  to   space 67584K, 0% used [0x00000000ee400000,0x00000000ee400000,0x00000000f2600000)
 ParOldGen       total 203264K, used 140616K [0x0000000080000000, 0x000000008c680000, 0x00000000d5580000)
  object space 203264K, 69% used [0x0000000080000000,0x00000000889520f8,0x000000008c680000)
 Metaspace       used 69911K, capacity 73360K, committed 73648K, reserved 1112064K
  class space    used 9645K, capacity 10375K, committed 10416K, reserved 1048576K
Event: 25.651 GC heap after
Heap after GC invocations=17 (full 3):
 PSYoungGen      total 405504K, used 42512K [0x00000000d5580000, 0x00000000f2a80000, 0x0000000100000000)
  eden space 337920K, 0% used [0x00000000d5580000,0x00000000d5580000,0x00000000e9f80000)
  from space 67584K, 62% used [0x00000000ee400000,0x00000000f0d84128,0x00000000f2600000)
  to   space 70144K, 0% used [0x00000000e9f80000,0x00000000e9f80000,0x00000000ee400000)
 ParOldGen       total 203264K, used 163194K [0x0000000080000000, 0x000000008c680000, 0x00000000d5580000)
  object space 203264K, 80% used [0x0000000080000000,0x0000000089f5e970,0x000000008c680000)
 Metaspace       used 69911K, capacity 73360K, committed 73648K, reserved 1112064K
  class space    used 9645K, capacity 10375K, committed 10416K, reserved 1048576K
}
Event: 25.651 GC heap before
{Heap before GC invocations=18 (full 4):
 PSYoungGen      total 405504K, used 42512K [0x00000000d5580000, 0x00000000f2a80000, 0x0000000100000000)
  eden space 337920K, 0% used [0x00000000d5580000,0x00000000d5580000,0x00000000e9f80000)
  from space 67584K, 62% used [0x00000000ee400000,0x00000000f0d84128,0x00000000f2600000)
  to   space 70144K, 0% used [0x00000000e9f80000,0x00000000e9f80000,0x00000000ee400000)
 ParOldGen       total 203264K, used 163194K [0x0000000080000000, 0x000000008c680000, 0x00000000d5580000)
  object space 203264K, 80% used [0x0000000080000000,0x0000000089f5e970,0x000000008c680000)
 Metaspace       used 69911K, capacity 73360K, committed 73648K, reserved 1112064K
  class space    used 9645K, capacity 10375K, committed 10416K, reserved 1048576K
Event: 26.984 GC heap after
Heap after GC invocations=18 (full 4):
 PSYoungGen      total 405504K, used 0K [0x00000000d5580000, 0x00000000f2a80000, 0x0000000100000000)
  eden space 337920K, 0% used [0x00000000d5580000,0x00000000d5580000,0x00000000e9f80000)
  from space 67584K, 0% used [0x00000000ee400000,0x00000000ee400000,0x00000000f2600000)
  to   space 70144K, 0% used [0x00000000e9f80000,0x00000000e9f80000,0x00000000ee400000)
 ParOldGen       total 203264K, used 178171K [0x0000000080000000, 0x000000008c680000, 0x00000000d5580000)
  object space 203264K, 87% used [0x0000000080000000,0x000000008adfef78,0x000000008c680000)
 Metaspace       used 69855K, capacity 73198K, committed 73648K, reserved 1112064K
  class space    used 9626K, capacity 10342K, committed 10416K, reserved 1048576K
}

