# JRE version: OpenJDK Runtime Environment (8.0_242-b01) (build 1.8.0_242-release-1644-b01)
# Java VM: OpenJDK 64-Bit Server VM (25.242-b01 mixed mode windows-amd64 compressed oops)
Heap:
 PSYoungGen      total 234496K, used 50921K [0x00000000d5580000, 0x00000000e4900000, 0x0000000100000000)
  eden space 220672K, 16% used [0x00000000d5580000,0x00000000d79be418,0x00000000e2d00000)
  from space 13824K, 99% used [0x00000000e3b80000,0x00000000e48fc180,0x00000000e4900000)
  to   space 14336K, 0% used [0x00000000e2d00000,0x00000000e2d00000,0x00000000e3b00000)
 ParOldGen       total 138752K, used 100280K [0x0000000080000000, 0x0000000088780000, 0x00000000d5580000)
  object space 138752K, 72% used [0x0000000080000000,0x00000000861ee2f8,0x0000000088780000)
 Metaspace       used 79272K, capacity 83300K, committed 83376K, reserved 1120256K
  class space    used 10849K, capacity 11685K, committed 11696K, reserved 1048576K
GC Heap History (10 events):
Event: 6.879 GC heap before
{Heap before GC invocations=11 (full 3):
 PSYoungGen      total 234496K, used 13820K [0x00000000d5580000, 0x00000000e4900000, 0x0000000100000000)
  eden space 220672K, 0% used [0x00000000d5580000,0x00000000d5580000,0x00000000e2d00000)
  from space 13824K, 99% used [0x00000000e3b80000,0x00000000e48ff310,0x00000000e4900000)
  to   space 14336K, 0% used [0x00000000e2d00000,0x00000000e2d00000,0x00000000e3b00000)
 ParOldGen       total 138752K, used 40253K [0x0000000080000000, 0x0000000088780000, 0x00000000d5580000)
  object space 138752K, 29% used [0x0000000080000000,0x000000008274f7b8,0x0000000088780000)
 Metaspace       used 56906K, capacity 59124K, committed 59160K, reserved 1099776K
  class space    used 7818K, capacity 8338K, committed 8368K, reserved 1048576K
Event: 7.101 GC heap after
Heap after GC invocations=11 (full 3):
 PSYoungGen      total 234496K, used 0K [0x00000000d5580000, 0x00000000e4900000, 0x0000000100000000)
  eden space 220672K, 0% used [0x00000000d5580000,0x00000000d5580000,0x00000000e2d00000)
  from space 13824K, 0% used [0x00000000e3b80000,0x00000000e3b80000,0x00000000e4900000)
  to   space 14336K, 0% used [0x00000000e2d00000,0x00000000e2d00000,0x00000000e3b00000)
 ParOldGen       total 138752K, used 40382K [0x0000000080000000, 0x0000000088780000, 0x00000000d5580000)
  object space 138752K, 29% used [0x0000000080000000,0x000000008276f828,0x0000000088780000)
 Metaspace       used 56894K, capacity 59082K, committed 59160K, reserved 1099776K
  class space    used 7815K, capacity 8331K, committed 8368K, reserved 1048576K
}
Event: 9.197 GC heap before
{Heap before GC invocations=12 (full 3):
 PSYoungGen      total 234496K, used 220672K [0x00000000d5580000, 0x00000000e4900000, 0x0000000100000000)
  eden space 220672K, 100% used [0x00000000d5580000,0x00000000e2d00000,0x00000000e2d00000)
  from space 13824K, 0% used [0x00000000e3b80000,0x00000000e3b80000,0x00000000e4900000)
  to   space 14336K, 0% used [0x00000000e2d00000,0x00000000e2d00000,0x00000000e3b00000)
 ParOldGen       total 138752K, used 40382K [0x0000000080000000, 0x0000000088780000, 0x00000000d5580000)
  object space 138752K, 29% used [0x0000000080000000,0x000000008276f828,0x0000000088780000)
 Metaspace       used 61891K, capacity 64676K, committed 64816K, reserved 1105920K
  class space    used 8523K, capacity 9149K, committed 9264K, reserved 1048576K
Event: 9.217 GC heap after
Heap after GC invocations=12 (full 3):
 PSYoungGen      total 235008K, used 14309K [0x00000000d5580000, 0x00000000e4900000, 0x0000000100000000)
  eden space 220672K, 0% used [0x00000000d5580000,0x00000000d5580000,0x00000000e2d00000)
  from space 14336K, 99% used [0x00000000e2d00000,0x00000000e3af94f0,0x00000000e3b00000)
  to   space 13824K, 0% used [0x00000000e3b80000,0x00000000e3b80000,0x00000000e4900000)
 ParOldGen       total 138752K, used 47251K [0x0000000080000000, 0x0000000088780000, 0x00000000d5580000)
  object space 138752K, 34% used [0x0000000080000000,0x0000000082e24fb8,0x0000000088780000)
 Metaspace       used 61891K, capacity 64676K, committed 64816K, reserved 1105920K
  class space    used 8523K, capacity 9149K, committed 9264K, reserved 1048576K
}
Event: 10.945 GC heap before
{Heap before GC invocations=13 (full 3):
 PSYoungGen      total 235008K, used 234981K [0x00000000d5580000, 0x00000000e4900000, 0x0000000100000000)
  eden space 220672K, 100% used [0x00000000d5580000,0x00000000e2d00000,0x00000000e2d00000)
  from space 14336K, 99% used [0x00000000e2d00000,0x00000000e3af94f0,0x00000000e3b00000)
  to   space 13824K, 0% used [0x00000000e3b80000,0x00000000e3b80000,0x00000000e4900000)
 ParOldGen       total 138752K, used 47251K [0x0000000080000000, 0x0000000088780000, 0x00000000d5580000)
  object space 138752K, 34% used [0x0000000080000000,0x0000000082e24fb8,0x0000000088780000)
 Metaspace       used 66004K, capacity 69114K, committed 69296K, reserved 1107968K
  class space    used 9100K, capacity 9802K, committed 9904K, reserved 1048576K
Event: 10.970 GC heap after
Heap after GC invocations=13 (full 3):
 PSYoungGen      total 234496K, used 13808K [0x00000000d5580000, 0x00000000e4900000, 0x0000000100000000)
  eden space 220672K, 0% used [0x00000000d5580000,0x00000000d5580000,0x00000000e2d00000)
  from space 13824K, 99% used [0x00000000e3b80000,0x00000000e48fc158,0x00000000e4900000)
  to   space 14336K, 0% used [0x00000000e2d00000,0x00000000e2d00000,0x00000000e3b00000)
 ParOldGen       total 138752K, used 69242K [0x0000000080000000, 0x0000000088780000, 0x00000000d5580000)
  object space 138752K, 49% used [0x0000000080000000,0x000000008439e850,0x0000000088780000)
 Metaspace       used 66004K, capacity 69114K, committed 69296K, reserved 1107968K
  class space    used 9100K, capacity 9802K, committed 9904K, reserved 1048576K
}
Event: 12.311 GC heap before
{Heap before GC invocations=14 (full 3):
 PSYoungGen      total 234496K, used 234480K [0x00000000d5580000, 0x00000000e4900000, 0x0000000100000000)
  eden space 220672K, 100% used [0x00000000d5580000,0x00000000e2d00000,0x00000000e2d00000)
  from space 13824K, 99% used [0x00000000e3b80000,0x00000000e48fc158,0x00000000e4900000)
  to   space 14336K, 0% used [0x00000000e2d00000,0x00000000e2d00000,0x00000000e3b00000)
 ParOldGen       total 138752K, used 69242K [0x0000000080000000, 0x0000000088780000, 0x00000000d5580000)
  object space 138752K, 49% used [0x0000000080000000,0x000000008439e850,0x0000000088780000)
 Metaspace       used 70363K, capacity 73536K, committed 73776K, reserved 1112064K
  class space    used 9504K, capacity 10179K, committed 10288K, reserved 1048576K
Event: 12.333 GC heap after
Heap after GC invocations=14 (full 3):
 PSYoungGen      total 235008K, used 14209K [0x00000000d5580000, 0x00000000e4900000, 0x0000000100000000)
  eden space 220672K, 0% used [0x00000000d5580000,0x00000000d5580000,0x00000000e2d00000)
  from space 14336K, 99% used [0x00000000e2d00000,0x00000000e3ae0550,0x00000000e3b00000)
  to   space 13824K, 0% used [0x00000000e3b80000,0x00000000e3b80000,0x00000000e4900000)
 ParOldGen       total 138752K, used 83133K [0x0000000080000000, 0x0000000088780000, 0x00000000d5580000)
  object space 138752K, 59% used [0x0000000080000000,0x000000008512f580,0x0000000088780000)
 Metaspace       used 70363K, capacity 73536K, committed 73776K, reserved 1112064K
  class space    used 9504K, capacity 10179K, committed 10288K, reserved 1048576K
}
Event: 14.322 GC heap before
{Heap before GC invocations=15 (full 3):
 PSYoungGen      total 235008K, used 234881K [0x00000000d5580000, 0x00000000e4900000, 0x0000000100000000)
  eden space 220672K, 100% used [0x00000000d5580000,0x00000000e2d00000,0x00000000e2d00000)
  from space 14336K, 99% used [0x00000000e2d00000,0x00000000e3ae0550,0x00000000e3b00000)
  to   space 13824K, 0% used [0x00000000e3b80000,0x00000000e3b80000,0x00000000e4900000)
 ParOldGen       total 138752K, used 83133K [0x0000000080000000, 0x0000000088780000, 0x00000000d5580000)
  object space 138752K, 59% used [0x0000000080000000,0x000000008512f580,0x0000000088780000)
 Metaspace       used 78297K, capacity 82188K, committed 82480K, reserved 1120256K
  class space    used 10674K, capacity 11501K, committed 11568K, reserved 1048576K
Event: 14.341 GC heap after
Heap after GC invocations=15 (full 3):
 PSYoungGen      total 234496K, used 13808K [0x00000000d5580000, 0x00000000e4900000, 0x0000000100000000)
  eden space 220672K, 0% used [0x00000000d5580000,0x00000000d5580000,0x00000000e2d00000)
  from space 13824K, 99% used [0x00000000e3b80000,0x00000000e48fc180,0x00000000e4900000)
  to   space 14336K, 0% used [0x00000000e2d00000,0x00000000e2d00000,0x00000000e3b00000)
 ParOldGen       total 138752K, used 100280K [0x0000000080000000, 0x0000000088780000, 0x00000000d5580000)
  object space 138752K, 72% used [0x0000000080000000,0x00000000861ee2f8,0x0000000088780000)
 Metaspace       used 78297K, capacity 82188K, committed 82480K, reserved 1120256K
  class space    used 10674K, capacity 11501K, committed 11568K, reserved 1048576K
}

