# JRE version: OpenJDK Runtime Environment (17.0.10) (build 17.0.10+0--11572160)
# Java VM: OpenJDK 64-Bit Server VM (17.0.10+0--11572160, mixed mode, tiered, compressed oops, compressed class ptrs, g1 gc, windows-amd64)
GC Precious Log:
 CPUs: 4 total, 4 available
 Memory: 16247M
 Large Page Support: Disabled
 NUMA Support: Disabled
 Compressed Oops: Enabled (32-bit)
 Heap Region Size: 1M
 Heap Min Capacity: 8M
 Heap Initial Capacity: 254M
 Heap Max Capacity: 2G
 Pre-touch: Disabled
 Parallel Workers: 4
 Concurrent Workers: 1
 Concurrent Refinement Workers: 4
 Periodic GC: Disabled
Heap:
 garbage-first heap   total 358400K, used 304230K [0x0000000080000000, 0x0000000100000000)
  region size 1024K, 1 young (1024K), 1 survivors (1024K)
 Metaspace       used 119790K, committed 120576K, reserved 1179648K
  class space    used 15649K, committed 16000K, reserved 1048576K
GC Heap History (20 events):
Event: 69.528 GC heap after
{Heap after GC invocations=96 (full 0):
 garbage-first heap   total 358400K, used 294736K [0x0000000080000000, 0x0000000100000000)
  region size 1024K, 3 young (3072K), 3 survivors (3072K)
 Metaspace       used 118512K, committed 119360K, reserved 1179648K
  class space    used 15468K, committed 15872K, reserved 1048576K
}
Event: 69.776 GC heap before
{Heap before GC invocations=96 (full 0):
 garbage-first heap   total 358400K, used 319312K [0x0000000080000000, 0x0000000100000000)
  region size 1024K, 27 young (27648K), 3 survivors (3072K)
 Metaspace       used 118514K, committed 119360K, reserved 1179648K
  class space    used 15468K, committed 15872K, reserved 1048576K
}
Event: 69.780 GC heap after
{Heap after GC invocations=97 (full 0):
 garbage-first heap   total 358400K, used 295556K [0x0000000080000000, 0x0000000100000000)
  region size 1024K, 3 young (3072K), 3 survivors (3072K)
 Metaspace       used 118514K, committed 119360K, reserved 1179648K
  class space    used 15468K, committed 15872K, reserved 1048576K
}
Event: 69.956 GC heap before
{Heap before GC invocations=97 (full 0):
 garbage-first heap   total 358400K, used 322180K [0x0000000080000000, 0x0000000100000000)
  region size 1024K, 26 young (26624K), 3 survivors (3072K)
 Metaspace       used 118571K, committed 119360K, reserved 1179648K
  class space    used 15479K, committed 15872K, reserved 1048576K
}
Event: 69.962 GC heap after
{Heap after GC invocations=98 (full 0):
 garbage-first heap   total 358400K, used 298663K [0x0000000080000000, 0x0000000100000000)
  region size 1024K, 4 young (4096K), 4 survivors (4096K)
 Metaspace       used 118571K, committed 119360K, reserved 1179648K
  class space    used 15479K, committed 15872K, reserved 1048576K
}
Event: 70.277 GC heap before
{Heap before GC invocations=98 (full 0):
 garbage-first heap   total 358400K, used 317095K [0x0000000080000000, 0x0000000100000000)
  region size 1024K, 22 young (22528K), 4 survivors (4096K)
 Metaspace       used 118571K, committed 119360K, reserved 1179648K
  class space    used 15479K, committed 15872K, reserved 1048576K
}
Event: 70.281 GC heap after
{Heap after GC invocations=99 (full 0):
 garbage-first heap   total 358400K, used 300061K [0x0000000080000000, 0x0000000100000000)
  region size 1024K, 2 young (2048K), 2 survivors (2048K)
 Metaspace       used 118571K, committed 119360K, reserved 1179648K
  class space    used 15479K, committed 15872K, reserved 1048576K
}
Event: 70.433 GC heap before
{Heap before GC invocations=99 (full 0):
 garbage-first heap   total 358400K, used 316445K [0x0000000080000000, 0x0000000100000000)
  region size 1024K, 18 young (18432K), 2 survivors (2048K)
 Metaspace       used 118571K, committed 119360K, reserved 1179648K
  class space    used 15479K, committed 15872K, reserved 1048576K
}
Event: 70.435 GC heap after
{Heap after GC invocations=100 (full 0):
 garbage-first heap   total 358400K, used 300394K [0x0000000080000000, 0x0000000100000000)
  region size 1024K, 2 young (2048K), 2 survivors (2048K)
 Metaspace       used 118571K, committed 119360K, reserved 1179648K
  class space    used 15479K, committed 15872K, reserved 1048576K
}
Event: 70.568 GC heap before
{Heap before GC invocations=100 (full 0):
 garbage-first heap   total 358400K, used 316778K [0x0000000080000000, 0x0000000100000000)
  region size 1024K, 19 young (19456K), 2 survivors (2048K)
 Metaspace       used 118667K, committed 119424K, reserved 1179648K
  class space    used 15489K, committed 15872K, reserved 1048576K
}
Event: 70.570 GC heap after
{Heap after GC invocations=101 (full 0):
 garbage-first heap   total 358400K, used 300901K [0x0000000080000000, 0x0000000100000000)
  region size 1024K, 2 young (2048K), 2 survivors (2048K)
 Metaspace       used 118667K, committed 119424K, reserved 1179648K
  class space    used 15489K, committed 15872K, reserved 1048576K
}
Event: 70.793 GC heap before
{Heap before GC invocations=101 (full 0):
 garbage-first heap   total 358400K, used 324453K [0x0000000080000000, 0x0000000100000000)
  region size 1024K, 19 young (19456K), 2 survivors (2048K)
 Metaspace       used 119730K, committed 120512K, reserved 1179648K
  class space    used 15643K, committed 16000K, reserved 1048576K
}
Event: 70.797 GC heap after
{Heap after GC invocations=102 (full 0):
 garbage-first heap   total 358400K, used 301527K [0x0000000080000000, 0x0000000100000000)
  region size 1024K, 2 young (2048K), 2 survivors (2048K)
 Metaspace       used 119730K, committed 120512K, reserved 1179648K
  class space    used 15643K, committed 16000K, reserved 1048576K
}
Event: 70.810 GC heap before
{Heap before GC invocations=102 (full 0):
 garbage-first heap   total 358400K, used 318935K [0x0000000080000000, 0x0000000100000000)
  region size 1024K, 19 young (19456K), 2 survivors (2048K)
 Metaspace       used 119730K, committed 120512K, reserved 1179648K
  class space    used 15643K, committed 16000K, reserved 1048576K
}
Event: 70.812 GC heap after
{Heap after GC invocations=103 (full 0):
 garbage-first heap   total 358400K, used 301484K [0x0000000080000000, 0x0000000100000000)
  region size 1024K, 2 young (2048K), 2 survivors (2048K)
 Metaspace       used 119730K, committed 120512K, reserved 1179648K
  class space    used 15643K, committed 16000K, reserved 1048576K
}
Event: 70.829 GC heap before
{Heap before GC invocations=103 (full 0):
 garbage-first heap   total 358400K, used 316844K [0x0000000080000000, 0x0000000100000000)
  region size 1024K, 18 young (18432K), 2 survivors (2048K)
 Metaspace       used 119751K, committed 120512K, reserved 1179648K
  class space    used 15648K, committed 16000K, reserved 1048576K
}
Event: 70.831 GC heap after
{Heap after GC invocations=104 (full 0):
 garbage-first heap   total 358400K, used 302279K [0x0000000080000000, 0x0000000100000000)
  region size 1024K, 2 young (2048K), 2 survivors (2048K)
 Metaspace       used 119751K, committed 120512K, reserved 1179648K
  class space    used 15648K, committed 16000K, reserved 1048576K
}
Event: 70.889 GC heap before
{Heap before GC invocations=104 (full 0):
 garbage-first heap   total 358400K, used 317639K [0x0000000080000000, 0x0000000100000000)
  region size 1024K, 18 young (18432K), 2 survivors (2048K)
 Metaspace       used 119770K, committed 120512K, reserved 1179648K
  class space    used 15648K, committed 16000K, reserved 1048576K
}
Event: 70.891 GC heap after
{Heap after GC invocations=105 (full 0):
 garbage-first heap   total 358400K, used 303997K [0x0000000080000000, 0x0000000100000000)
  region size 1024K, 3 young (3072K), 3 survivors (3072K)
 Metaspace       used 119770K, committed 120512K, reserved 1179648K
  class space    used 15648K, committed 16000K, reserved 1048576K
}
Event: 70.901 GC heap before
{Heap before GC invocations=105 (full 0):
 garbage-first heap   total 358400K, used 318333K [0x0000000080000000, 0x0000000100000000)
  region size 1024K, 17 young (17408K), 3 survivors (3072K)
 Metaspace       used 119790K, committed 120576K, reserved 1179648K
  class space    used 15649K, committed 16000K, reserved 1048576K
}

