# JRE version: OpenJDK Runtime Environment (17.0.6) (build 17.0.6+0-b2043.56-10027231)
# Java VM: OpenJDK 64-Bit Server VM (17.0.6+0-b2043.56-10027231, mixed mode, tiered, compressed oops, compressed class ptrs, g1 gc, windows-amd64)
GC Precious Log:
 CPUs: 4 total, 4 available
 Memory: 16247M
 Large Page Support: Disabled
 NUMA Support: Disabled
 Compressed Oops: Enabled (32-bit)
 Heap Region Size: 1M
 Heap Min Capacity: 8M
 Heap Initial Capacity: 254M
 Heap Max Capacity: 2G
 Pre-touch: Disabled
 Parallel Workers: 4
 Concurrent Workers: 1
 Concurrent Refinement Workers: 4
 Periodic GC: Disabled
Heap:
 garbage-first heap   total 226304K, used 190476K [0x0000000080000000, 0x0000000100000000)
  region size 1024K, 2 young (2048K), 2 survivors (2048K)
 Metaspace       used 110929K, committed 111808K, reserved 1146880K
  class space    used 14641K, committed 15040K, reserved 1048576K
GC Heap History (20 events):
Event: 25.974 GC heap after
{Heap after GC invocations=40 (full 0):
 garbage-first heap   total 226304K, used 150714K [0x0000000080000000, 0x0000000100000000)
  region size 1024K, 3 young (3072K), 3 survivors (3072K)
 Metaspace       used 102227K, committed 103040K, reserved 1138688K
  class space    used 13591K, committed 13952K, reserved 1048576K
}
Event: 26.257 GC heap before
{Heap before GC invocations=40 (full 0):
 garbage-first heap   total 226304K, used 188602K [0x0000000080000000, 0x0000000100000000)
  region size 1024K, 41 young (41984K), 3 survivors (3072K)
 Metaspace       used 102609K, committed 103296K, reserved 1138688K
  class space    used 13640K, committed 13952K, reserved 1048576K
}
Event: 26.260 GC heap after
{Heap after GC invocations=41 (full 0):
 garbage-first heap   total 226304K, used 150639K [0x0000000080000000, 0x0000000100000000)
  region size 1024K, 3 young (3072K), 3 survivors (3072K)
 Metaspace       used 102609K, committed 103296K, reserved 1138688K
  class space    used 13640K, committed 13952K, reserved 1048576K
}
Event: 26.603 GC heap before
{Heap before GC invocations=41 (full 0):
 garbage-first heap   total 226304K, used 190575K [0x0000000080000000, 0x0000000100000000)
  region size 1024K, 43 young (44032K), 3 survivors (3072K)
 Metaspace       used 103770K, committed 104448K, reserved 1146880K
  class space    used 13763K, committed 14080K, reserved 1048576K
}
Event: 26.621 GC heap after
{Heap after GC invocations=42 (full 0):
 garbage-first heap   total 226304K, used 159357K [0x0000000080000000, 0x0000000100000000)
  region size 1024K, 6 young (6144K), 6 survivors (6144K)
 Metaspace       used 103770K, committed 104448K, reserved 1146880K
  class space    used 13763K, committed 14080K, reserved 1048576K
}
Event: 26.843 GC heap before
{Heap before GC invocations=42 (full 0):
 garbage-first heap   total 226304K, used 189053K [0x0000000080000000, 0x0000000100000000)
  region size 1024K, 36 young (36864K), 6 survivors (6144K)
 Metaspace       used 103894K, committed 104640K, reserved 1146880K
  class space    used 13776K, committed 14080K, reserved 1048576K
}
Event: 26.854 GC heap after
{Heap after GC invocations=43 (full 0):
 garbage-first heap   total 226304K, used 164604K [0x0000000080000000, 0x0000000100000000)
  region size 1024K, 5 young (5120K), 5 survivors (5120K)
 Metaspace       used 103894K, committed 104640K, reserved 1146880K
  class space    used 13776K, committed 14080K, reserved 1048576K
}
Event: 31.136 GC heap before
{Heap before GC invocations=43 (full 0):
 garbage-first heap   total 226304K, used 191228K [0x0000000080000000, 0x0000000100000000)
  region size 1024K, 31 young (31744K), 5 survivors (5120K)
 Metaspace       used 104051K, committed 104832K, reserved 1146880K
  class space    used 13796K, committed 14144K, reserved 1048576K
}
Event: 31.144 GC heap after
{Heap after GC invocations=44 (full 0):
 garbage-first heap   total 226304K, used 170255K [0x0000000080000000, 0x0000000100000000)
  region size 1024K, 4 young (4096K), 4 survivors (4096K)
 Metaspace       used 104051K, committed 104832K, reserved 1146880K
  class space    used 13796K, committed 14144K, reserved 1048576K
}
Event: 34.274 GC heap before
{Heap before GC invocations=44 (full 0):
 garbage-first heap   total 226304K, used 189711K [0x0000000080000000, 0x0000000100000000)
  region size 1024K, 24 young (24576K), 4 survivors (4096K)
 Metaspace       used 105564K, committed 106304K, reserved 1146880K
  class space    used 14001K, committed 14336K, reserved 1048576K
}
Event: 34.281 GC heap after
{Heap after GC invocations=45 (full 0):
 garbage-first heap   total 226304K, used 172819K [0x0000000080000000, 0x0000000100000000)
  region size 1024K, 3 young (3072K), 3 survivors (3072K)
 Metaspace       used 105564K, committed 106304K, reserved 1146880K
  class space    used 14001K, committed 14336K, reserved 1048576K
}
Event: 34.593 GC heap before
{Heap before GC invocations=45 (full 0):
 garbage-first heap   total 226304K, used 191251K [0x0000000080000000, 0x0000000100000000)
  region size 1024K, 22 young (22528K), 3 survivors (3072K)
 Metaspace       used 110071K, committed 110848K, reserved 1146880K
  class space    used 14593K, committed 14976K, reserved 1048576K
}
Event: 34.596 GC heap after
{Heap after GC invocations=46 (full 0):
 garbage-first heap   total 226304K, used 174157K [0x0000000080000000, 0x0000000100000000)
  region size 1024K, 2 young (2048K), 2 survivors (2048K)
 Metaspace       used 110071K, committed 110848K, reserved 1146880K
  class space    used 14593K, committed 14976K, reserved 1048576K
}
Event: 34.891 GC heap before
{Heap before GC invocations=46 (full 0):
 garbage-first heap   total 226304K, used 192589K [0x0000000080000000, 0x0000000100000000)
  region size 1024K, 21 young (21504K), 2 survivors (2048K)
 Metaspace       used 110877K, committed 111744K, reserved 1146880K
  class space    used 14633K, committed 15040K, reserved 1048576K
}
Event: 34.896 GC heap after
{Heap after GC invocations=47 (full 0):
 garbage-first heap   total 226304K, used 179196K [0x0000000080000000, 0x0000000100000000)
  region size 1024K, 3 young (3072K), 3 survivors (3072K)
 Metaspace       used 110877K, committed 111744K, reserved 1146880K
  class space    used 14633K, committed 15040K, reserved 1048576K
}
Event: 35.080 GC heap before
{Heap before GC invocations=47 (full 0):
 garbage-first heap   total 226304K, used 195580K [0x0000000080000000, 0x0000000100000000)
  region size 1024K, 19 young (19456K), 3 survivors (3072K)
 Metaspace       used 110919K, committed 111744K, reserved 1146880K
  class space    used 14641K, committed 15040K, reserved 1048576K
}
Event: 35.086 GC heap after
{Heap after GC invocations=48 (full 0):
 garbage-first heap   total 226304K, used 183276K [0x0000000080000000, 0x0000000100000000)
  region size 1024K, 3 young (3072K), 3 survivors (3072K)
 Metaspace       used 110919K, committed 111744K, reserved 1146880K
  class space    used 14641K, committed 15040K, reserved 1048576K
}
Event: 35.154 GC heap before
{Heap before GC invocations=48 (full 0):
 garbage-first heap   total 226304K, used 194540K [0x0000000080000000, 0x0000000100000000)
  region size 1024K, 15 young (15360K), 3 survivors (3072K)
 Metaspace       used 110925K, committed 111808K, reserved 1146880K
  class space    used 14641K, committed 15040K, reserved 1048576K
}
Event: 35.159 GC heap after
{Heap after GC invocations=49 (full 0):
 garbage-first heap   total 226304K, used 186335K [0x0000000080000000, 0x0000000100000000)
  region size 1024K, 2 young (2048K), 2 survivors (2048K)
 Metaspace       used 110925K, committed 111808K, reserved 1146880K
  class space    used 14641K, committed 15040K, reserved 1048576K
}
Event: 35.259 GC heap before
{Heap before GC invocations=49 (full 0):
 garbage-first heap   total 226304K, used 199647K [0x0000000080000000, 0x0000000100000000)
  region size 1024K, 12 young (12288K), 2 survivors (2048K)
 Metaspace       used 110929K, committed 111808K, reserved 1146880K
  class space    used 14641K, committed 15040K, reserved 1048576K
}

