# JRE version: OpenJDK Runtime Environment (11.0.12+7) (build 11.0.12+7-b1504.28-7817840)
# Java VM: OpenJDK 64-Bit Server VM (11.0.12+7-b1504.28-7817840, mixed mode, tiered, compressed oops, g1 gc, windows-amd64)
Heap:
 garbage-first heap   total 312320K, used 222853K [0x0000000080000000, 0x0000000100000000)
  region size 1024K, 81 young (82944K), 6 survivors (6144K)
 Metaspace       used 122603K, capacity 126854K, committed 127056K, reserved 1161216K
  class space    used 14842K, capacity 16337K, committed 16384K, reserved 1048576K
GC Heap History (20 events):
Event: 14807.666 GC heap before
{Heap before GC invocations=307 (full 0):
 garbage-first heap   total 312320K, used 265594K [0x0000000080000000, 0x0000000100000000)
  region size 1024K, 129 young (132096K), 4 survivors (4096K)
 Metaspace       used 122563K, capacity 126845K, committed 127056K, reserved 1161216K
  class space    used 14841K, capacity 16335K, committed 16384K, reserved 1048576K
}
Event: 14807.683 GC heap after
{Heap after GC invocations=308 (full 0):
 garbage-first heap   total 312320K, used 134052K [0x0000000080000000, 0x0000000100000000)
  region size 1024K, 12 young (12288K), 12 survivors (12288K)
 Metaspace       used 122563K, capacity 126845K, committed 127056K, reserved 1161216K
  class space    used 14841K, capacity 16335K, committed 16384K, reserved 1048576K
}
Event: 14807.724 GC heap before
{Heap before GC invocations=308 (full 0):
 garbage-first heap   total 312320K, used 137124K [0x0000000080000000, 0x0000000100000000)
  region size 1024K, 15 young (15360K), 12 survivors (12288K)
 Metaspace       used 122563K, capacity 126845K, committed 127056K, reserved 1161216K
  class space    used 14841K, capacity 16335K, committed 16384K, reserved 1048576K
}
Event: 14807.735 GC heap after
{Heap after GC invocations=309 (full 0):
 garbage-first heap   total 312320K, used 133381K [0x0000000080000000, 0x0000000100000000)
  region size 1024K, 2 young (2048K), 2 survivors (2048K)
 Metaspace       used 122563K, capacity 126845K, committed 127056K, reserved 1161216K
  class space    used 14841K, capacity 16335K, committed 16384K, reserved 1048576K
}
Event: 14809.541 GC heap before
{Heap before GC invocations=309 (full 0):
 garbage-first heap   total 312320K, used 251141K [0x0000000080000000, 0x0000000100000000)
  region size 1024K, 118 young (120832K), 2 survivors (2048K)
 Metaspace       used 122573K, capacity 126851K, committed 127056K, reserved 1161216K
  class space    used 14842K, capacity 16337K, committed 16384K, reserved 1048576K
}
Event: 14809.552 GC heap after
{Heap after GC invocations=310 (full 0):
 garbage-first heap   total 312320K, used 135202K [0x0000000080000000, 0x0000000100000000)
  region size 1024K, 4 young (4096K), 4 survivors (4096K)
 Metaspace       used 122573K, capacity 126851K, committed 127056K, reserved 1161216K
  class space    used 14842K, capacity 16337K, committed 16384K, reserved 1048576K
}
Event: 14811.482 GC heap before
{Heap before GC invocations=311 (full 0):
 garbage-first heap   total 312320K, used 260130K [0x0000000080000000, 0x0000000100000000)
  region size 1024K, 122 young (124928K), 4 survivors (4096K)
 Metaspace       used 122577K, capacity 126851K, committed 127056K, reserved 1161216K
  class space    used 14842K, capacity 16337K, committed 16384K, reserved 1048576K
}
Event: 14811.505 GC heap after
{Heap after GC invocations=312 (full 0):
 garbage-first heap   total 312320K, used 158701K [0x0000000080000000, 0x0000000100000000)
  region size 1024K, 16 young (16384K), 16 survivors (16384K)
 Metaspace       used 122577K, capacity 126851K, committed 127056K, reserved 1161216K
  class space    used 14842K, capacity 16337K, committed 16384K, reserved 1048576K
}
Event: 14811.510 GC heap before
{Heap before GC invocations=312 (full 0):
 garbage-first heap   total 312320K, used 159725K [0x0000000080000000, 0x0000000100000000)
  region size 1024K, 17 young (17408K), 16 survivors (16384K)
 Metaspace       used 122577K, capacity 126851K, committed 127056K, reserved 1161216K
  class space    used 14842K, capacity 16337K, committed 16384K, reserved 1048576K
}
Event: 14811.535 GC heap after
{Heap after GC invocations=313 (full 0):
 garbage-first heap   total 312320K, used 147456K [0x0000000080000000, 0x0000000100000000)
  region size 1024K, 2 young (2048K), 2 survivors (2048K)
 Metaspace       used 122577K, capacity 126851K, committed 127056K, reserved 1161216K
  class space    used 14842K, capacity 16337K, committed 16384K, reserved 1048576K
}
Event: 14812.693 GC heap before
{Heap before GC invocations=313 (full 0):
 garbage-first heap   total 312320K, used 249856K [0x0000000080000000, 0x0000000100000000)
  region size 1024K, 102 young (104448K), 2 survivors (2048K)
 Metaspace       used 122585K, capacity 126851K, committed 127056K, reserved 1161216K
  class space    used 14842K, capacity 16337K, committed 16384K, reserved 1048576K
}
Event: 14812.706 GC heap after
{Heap after GC invocations=314 (full 0):
 garbage-first heap   total 312320K, used 148772K [0x0000000080000000, 0x0000000100000000)
  region size 1024K, 4 young (4096K), 4 survivors (4096K)
 Metaspace       used 122585K, capacity 126851K, committed 127056K, reserved 1161216K
  class space    used 14842K, capacity 16337K, committed 16384K, reserved 1048576K
}
Event: 14813.857 GC heap before
{Heap before GC invocations=315 (full 0):
 garbage-first heap   total 312320K, used 255268K [0x0000000080000000, 0x0000000100000000)
  region size 1024K, 106 young (108544K), 4 survivors (4096K)
 Metaspace       used 122598K, capacity 126854K, committed 127056K, reserved 1161216K
  class space    used 14842K, capacity 16337K, committed 16384K, reserved 1048576K
}
Event: 14813.870 GC heap after
{Heap after GC invocations=316 (full 0):
 garbage-first heap   total 312320K, used 151552K [0x0000000080000000, 0x0000000100000000)
  region size 1024K, 6 young (6144K), 6 survivors (6144K)
 Metaspace       used 122598K, capacity 126854K, committed 127056K, reserved 1161216K
  class space    used 14842K, capacity 16337K, committed 16384K, reserved 1048576K
}
Event: 14813.891 GC heap before
{Heap before GC invocations=316 (full 0):
 garbage-first heap   total 312320K, used 159744K [0x0000000080000000, 0x0000000100000000)
  region size 1024K, 15 young (15360K), 6 survivors (6144K)
 Metaspace       used 122598K, capacity 126854K, committed 127056K, reserved 1161216K
  class space    used 14842K, capacity 16337K, committed 16384K, reserved 1048576K
}
Event: 14813.900 GC heap after
{Heap after GC invocations=317 (full 0):
 garbage-first heap   total 312320K, used 151546K [0x0000000080000000, 0x0000000100000000)
  region size 1024K, 1 young (1024K), 1 survivors (1024K)
 Metaspace       used 122598K, capacity 126854K, committed 127056K, reserved 1161216K
  class space    used 14842K, capacity 16337K, committed 16384K, reserved 1048576K
}
Event: 14814.359 GC heap before
{Heap before GC invocations=317 (full 0):
 garbage-first heap   total 312320K, used 255994K [0x0000000080000000, 0x0000000100000000)
  region size 1024K, 104 young (106496K), 1 survivors (1024K)
 Metaspace       used 122603K, capacity 126854K, committed 127056K, reserved 1161216K
  class space    used 14842K, capacity 16337K, committed 16384K, reserved 1048576K
}
Event: 14814.369 GC heap after
{Heap after GC invocations=318 (full 0):
 garbage-first heap   total 312320K, used 154624K [0x0000000080000000, 0x0000000100000000)
  region size 1024K, 4 young (4096K), 4 survivors (4096K)
 Metaspace       used 122603K, capacity 126854K, committed 127056K, reserved 1161216K
  class space    used 14842K, capacity 16337K, committed 16384K, reserved 1048576K
}
Event: 14814.646 GC heap before
{Heap before GC invocations=318 (full 0):
 garbage-first heap   total 312320K, used 251904K [0x0000000080000000, 0x0000000100000000)
  region size 1024K, 107 young (109568K), 4 survivors (4096K)
 Metaspace       used 122603K, capacity 126854K, committed 127056K, reserved 1161216K
  class space    used 14842K, capacity 16337K, committed 16384K, reserved 1048576K
}
Event: 14814.656 GC heap after
{Heap after GC invocations=319 (full 0):
 garbage-first heap   total 312320K, used 148101K [0x0000000080000000, 0x0000000100000000)
  region size 1024K, 6 young (6144K), 6 survivors (6144K)
 Metaspace       used 122603K, capacity 126854K, committed 127056K, reserved 1161216K
  class space    used 14842K, capacity 16337K, committed 16384K, reserved 1048576K
}

