# JRE version: OpenJDK Runtime Environment (17.0.6) (build 17.0.6+0-b2043.56-10027231)
# Java VM: OpenJDK 64-Bit Server VM (17.0.6+0-b2043.56-10027231, mixed mode, tiered, compressed oops, compressed class ptrs, g1 gc, windows-amd64)
GC Precious Log:
 CPUs: 4 total, 4 available
 Memory: 16247M
 Large Page Support: Disabled
 NUMA Support: Disabled
 Compressed Oops: Enabled (32-bit)
 Heap Region Size: 1M
 Heap Min Capacity: 8M
 Heap Initial Capacity: 254M
 Heap Max Capacity: 2G
 Pre-touch: Disabled
 Parallel Workers: 4
 Concurrent Workers: 1
 Concurrent Refinement Workers: 4
 Periodic GC: Disabled
Heap:
 garbage-first heap   total 217088K, used 94681K [0x0000000080000000, 0x0000000100000000)
  region size 1024K, 3 young (3072K), 3 survivors (3072K)
 Metaspace       used 90412K, committed 91136K, reserved 1130496K
  class space    used 12210K, committed 12544K, reserved 1048576K
GC Heap History (20 events):
Event: 11.499 GC heap after
{Heap after GC invocations=35 (full 0):
 garbage-first heap   total 116736K, used 62179K [0x0000000080000000, 0x0000000100000000)
  region size 1024K, 2 young (2048K), 2 survivors (2048K)
 Metaspace       used 71368K, committed 71872K, reserved 1114112K
  class space    used 9394K, committed 9600K, reserved 1048576K
}
Event: 12.102 GC heap before
{Heap before GC invocations=36 (full 0):
 garbage-first heap   total 116736K, used 91875K [0x0000000080000000, 0x0000000100000000)
  region size 1024K, 30 young (30720K), 2 survivors (2048K)
 Metaspace       used 74959K, committed 75520K, reserved 1114112K
  class space    used 10069K, committed 10304K, reserved 1048576K
}
Event: 12.105 GC heap after
{Heap after GC invocations=37 (full 0):
 garbage-first heap   total 116736K, used 63077K [0x0000000080000000, 0x0000000100000000)
  region size 1024K, 3 young (3072K), 3 survivors (3072K)
 Metaspace       used 74959K, committed 75520K, reserved 1114112K
  class space    used 10069K, committed 10304K, reserved 1048576K
}
Event: 12.416 GC heap before
{Heap before GC invocations=37 (full 0):
 garbage-first heap   total 116736K, used 92773K [0x0000000080000000, 0x0000000100000000)
  region size 1024K, 32 young (32768K), 3 survivors (3072K)
 Metaspace       used 76384K, committed 76992K, reserved 1122304K
  class space    used 10280K, committed 10560K, reserved 1048576K
}
Event: 12.422 GC heap after
{Heap after GC invocations=38 (full 0):
 garbage-first heap   total 116736K, used 65265K [0x0000000080000000, 0x0000000100000000)
  region size 1024K, 4 young (4096K), 4 survivors (4096K)
 Metaspace       used 76384K, committed 76992K, reserved 1122304K
  class space    used 10280K, committed 10560K, reserved 1048576K
}
Event: 12.785 GC heap before
{Heap before GC invocations=39 (full 0):
 garbage-first heap   total 135168K, used 92913K [0x0000000080000000, 0x0000000100000000)
  region size 1024K, 31 young (31744K), 4 survivors (4096K)
 Metaspace       used 77591K, committed 78208K, reserved 1122304K
  class space    used 10459K, committed 10752K, reserved 1048576K
}
Event: 12.791 GC heap after
{Heap after GC invocations=40 (full 0):
 garbage-first heap   total 135168K, used 68153K [0x0000000080000000, 0x0000000100000000)
  region size 1024K, 3 young (3072K), 3 survivors (3072K)
 Metaspace       used 77591K, committed 78208K, reserved 1122304K
  class space    used 10459K, committed 10752K, reserved 1048576K
}
Event: 13.515 GC heap before
{Heap before GC invocations=40 (full 0):
 garbage-first heap   total 135168K, used 107065K [0x0000000080000000, 0x0000000100000000)
  region size 1024K, 41 young (41984K), 3 survivors (3072K)
 Metaspace       used 82707K, committed 83392K, reserved 1122304K
  class space    used 11215K, committed 11520K, reserved 1048576K
}
Event: 13.520 GC heap after
{Heap after GC invocations=41 (full 0):
 garbage-first heap   total 162816K, used 70309K [0x0000000080000000, 0x0000000100000000)
  region size 1024K, 5 young (5120K), 5 survivors (5120K)
 Metaspace       used 82707K, committed 83392K, reserved 1122304K
  class space    used 11215K, committed 11520K, reserved 1048576K
}
Event: 14.176 GC heap before
{Heap before GC invocations=42 (full 0):
 garbage-first heap   total 162816K, used 128677K [0x0000000080000000, 0x0000000100000000)
  region size 1024K, 62 young (63488K), 5 survivors (5120K)
 Metaspace       used 84686K, committed 85376K, reserved 1130496K
  class space    used 11489K, committed 11776K, reserved 1048576K
}
Event: 14.188 GC heap after
{Heap after GC invocations=43 (full 0):
 garbage-first heap   total 162816K, used 77444K [0x0000000080000000, 0x0000000100000000)
  region size 1024K, 8 young (8192K), 8 survivors (8192K)
 Metaspace       used 84686K, committed 85376K, reserved 1130496K
  class space    used 11489K, committed 11776K, reserved 1048576K
}
Event: 15.157 GC heap before
{Heap before GC invocations=43 (full 0):
 garbage-first heap   total 162816K, used 127620K [0x0000000080000000, 0x0000000100000000)
  region size 1024K, 57 young (58368K), 8 survivors (8192K)
 Metaspace       used 88677K, committed 89344K, reserved 1130496K
  class space    used 11997K, committed 12288K, reserved 1048576K
}
Event: 15.170 GC heap after
{Heap after GC invocations=44 (full 0):
 garbage-first heap   total 162816K, used 85630K [0x0000000080000000, 0x0000000100000000)
  region size 1024K, 8 young (8192K), 8 survivors (8192K)
 Metaspace       used 88677K, committed 89344K, reserved 1130496K
  class space    used 11997K, committed 12288K, reserved 1048576K
}
Event: 15.994 GC heap before
{Heap before GC invocations=44 (full 0):
 garbage-first heap   total 162816K, used 127614K [0x0000000080000000, 0x0000000100000000)
  region size 1024K, 50 young (51200K), 8 survivors (8192K)
 Metaspace       used 89249K, committed 89920K, reserved 1130496K
  class space    used 12071K, committed 12352K, reserved 1048576K
}
Event: 16.003 GC heap after
{Heap after GC invocations=45 (full 0):
 garbage-first heap   total 162816K, used 89306K [0x0000000080000000, 0x0000000100000000)
  region size 1024K, 4 young (4096K), 4 survivors (4096K)
 Metaspace       used 89249K, committed 89920K, reserved 1130496K
  class space    used 12071K, committed 12352K, reserved 1048576K
}
Event: 16.652 GC heap before
{Heap before GC invocations=46 (full 0):
 garbage-first heap   total 162816K, used 131290K [0x0000000080000000, 0x0000000100000000)
  region size 1024K, 45 young (46080K), 4 survivors (4096K)
 Metaspace       used 89988K, committed 90688K, reserved 1130496K
  class space    used 12132K, committed 12480K, reserved 1048576K
}
Event: 16.659 GC heap after
{Heap after GC invocations=47 (full 0):
 garbage-first heap   total 162816K, used 92332K [0x0000000080000000, 0x0000000100000000)
  region size 1024K, 6 young (6144K), 6 survivors (6144K)
 Metaspace       used 89988K, committed 90688K, reserved 1130496K
  class space    used 12132K, committed 12480K, reserved 1048576K
}
Event: 16.671 GC heap before
{Heap before GC invocations=47 (full 0):
 garbage-first heap   total 162816K, used 93356K [0x0000000080000000, 0x0000000100000000)
  region size 1024K, 7 young (7168K), 6 survivors (6144K)
 Metaspace       used 89990K, committed 90688K, reserved 1130496K
  class space    used 12132K, committed 12480K, reserved 1048576K
}
Event: 16.676 GC heap after
{Heap after GC invocations=48 (full 0):
 garbage-first heap   total 162816K, used 93370K [0x0000000080000000, 0x0000000100000000)
  region size 1024K, 1 young (1024K), 1 survivors (1024K)
 Metaspace       used 89990K, committed 90688K, reserved 1130496K
  class space    used 12132K, committed 12480K, reserved 1048576K
}
Event: 17.018 GC heap before
{Heap before GC invocations=48 (full 0):
 garbage-first heap   total 162816K, used 112826K [0x0000000080000000, 0x0000000100000000)
  region size 1024K, 22 young (22528K), 1 survivors (1024K)
 Metaspace       used 90412K, committed 91136K, reserved 1130496K
  class space    used 12210K, committed 12544K, reserved 1048576K
}

