# JRE version: OpenJDK Runtime Environment (11.0.12+7) (build 11.0.12+7-b1504.28-7817840)
# Java VM: OpenJDK 64-Bit Server VM (11.0.12+7-b1504.28-7817840, mixed mode, tiered, compressed oops, g1 gc, windows-amd64)
Heap:
 garbage-first heap   total 926720K, used 274432K [0x0000000080000000, 0x0000000100000000)
  region size 1024K, 9 young (9216K), 9 survivors (9216K)
 Metaspace       used 87120K, capacity 89473K, committed 89936K, reserved 1128448K
  class space    used 11077K, capacity 11898K, committed 12032K, reserved 1048576K
GC Heap History (20 events):
Event: 42.710 GC heap after
{Heap after GC invocations=29 (full 0):
 garbage-first heap   total 312320K, used 194553K [0x0000000080000000, 0x0000000100000000)
  region size 1024K, 8 young (8192K), 8 survivors (8192K)
 Metaspace       used 87064K, capacity 89399K, committed 89680K, reserved 1126400K
  class space    used 11066K, capacity 11897K, committed 12032K, reserved 1048576K
}
Event: 42.880 GC heap before
{Heap before GC invocations=29 (full 0):
 garbage-first heap   total 312320K, used 243705K [0x0000000080000000, 0x0000000100000000)
  region size 1024K, 56 young (57344K), 8 survivors (8192K)
 Metaspace       used 87064K, capacity 89399K, committed 89680K, reserved 1126400K
  class space    used 11066K, capacity 11897K, committed 12032K, reserved 1048576K
}
Event: 42.901 GC heap after
{Heap after GC invocations=30 (full 0):
 garbage-first heap   total 312320K, used 207754K [0x0000000080000000, 0x0000000100000000)
  region size 1024K, 7 young (7168K), 7 survivors (7168K)
 Metaspace       used 87064K, capacity 89399K, committed 89680K, reserved 1126400K
  class space    used 11066K, capacity 11897K, committed 12032K, reserved 1048576K
}
Event: 43.012 GC heap before
{Heap before GC invocations=30 (full 0):
 garbage-first heap   total 312320K, used 248714K [0x0000000080000000, 0x0000000100000000)
  region size 1024K, 48 young (49152K), 7 survivors (7168K)
 Metaspace       used 87059K, capacity 89388K, committed 89680K, reserved 1126400K
  class space    used 11064K, capacity 11893K, committed 12032K, reserved 1048576K
}
Event: 43.031 GC heap after
{Heap after GC invocations=31 (full 0):
 garbage-first heap   total 312320K, used 218624K [0x0000000080000000, 0x0000000100000000)
  region size 1024K, 6 young (6144K), 6 survivors (6144K)
 Metaspace       used 87059K, capacity 89388K, committed 89680K, reserved 1126400K
  class space    used 11064K, capacity 11893K, committed 12032K, reserved 1048576K
}
Event: 43.140 GC heap before
{Heap before GC invocations=32 (full 0):
 garbage-first heap   total 312320K, used 255488K [0x0000000080000000, 0x0000000100000000)
  region size 1024K, 42 young (43008K), 6 survivors (6144K)
 Metaspace       used 87059K, capacity 89388K, committed 89680K, reserved 1126400K
  class space    used 11064K, capacity 11893K, committed 12032K, reserved 1048576K
}
Event: 43.156 GC heap after
{Heap after GC invocations=33 (full 0):
 garbage-first heap   total 312320K, used 228864K [0x0000000080000000, 0x0000000100000000)
  region size 1024K, 6 young (6144K), 6 survivors (6144K)
 Metaspace       used 87059K, capacity 89388K, committed 89680K, reserved 1126400K
  class space    used 11064K, capacity 11893K, committed 12032K, reserved 1048576K
}
Event: 43.175 GC heap before
{Heap before GC invocations=33 (full 0):
 garbage-first heap   total 312320K, used 237056K [0x0000000080000000, 0x0000000100000000)
  region size 1024K, 15 young (15360K), 6 survivors (6144K)
 Metaspace       used 87060K, capacity 89388K, committed 89680K, reserved 1126400K
  class space    used 11065K, capacity 11893K, committed 12032K, reserved 1048576K
}
Event: 43.193 GC heap after
{Heap after GC invocations=34 (full 0):
 garbage-first heap   total 312320K, used 219060K [0x0000000080000000, 0x0000000100000000)
  region size 1024K, 2 young (2048K), 2 survivors (2048K)
 Metaspace       used 87060K, capacity 89388K, committed 89680K, reserved 1126400K
  class space    used 11065K, capacity 11893K, committed 12032K, reserved 1048576K
}
Event: 43.203 GC heap before
{Heap before GC invocations=34 (full 0):
 garbage-first heap   total 312320K, used 224180K [0x0000000080000000, 0x0000000100000000)
  region size 1024K, 8 young (8192K), 2 survivors (2048K)
 Metaspace       used 87060K, capacity 89388K, committed 89680K, reserved 1126400K
  class space    used 11065K, capacity 11893K, committed 12032K, reserved 1048576K
}
Event: 43.209 GC heap after
{Heap after GC invocations=35 (full 0):
 garbage-first heap   total 312320K, used 220373K [0x0000000080000000, 0x0000000100000000)
  region size 1024K, 4 young (4096K), 4 survivors (4096K)
 Metaspace       used 87060K, capacity 89388K, committed 89680K, reserved 1126400K
  class space    used 11065K, capacity 11893K, committed 12032K, reserved 1048576K
}
Event: 43.305 GC heap before
{Heap before GC invocations=35 (full 0):
 garbage-first heap   total 312320K, used 246997K [0x0000000080000000, 0x0000000100000000)
  region size 1024K, 30 young (30720K), 4 survivors (4096K)
 Metaspace       used 87060K, capacity 89388K, committed 89680K, reserved 1126400K
  class space    used 11065K, capacity 11893K, committed 12032K, reserved 1048576K
}
Event: 43.321 GC heap after
{Heap after GC invocations=36 (full 0):
 garbage-first heap   total 445440K, used 229001K [0x0000000080000000, 0x0000000100000000)
  region size 1024K, 4 young (4096K), 4 survivors (4096K)
 Metaspace       used 87060K, capacity 89388K, committed 89680K, reserved 1126400K
  class space    used 11065K, capacity 11893K, committed 12032K, reserved 1048576K
}
Event: 43.639 GC heap before
{Heap before GC invocations=36 (full 0):
 garbage-first heap   total 445440K, used 303753K [0x0000000080000000, 0x0000000100000000)
  region size 1024K, 71 young (72704K), 4 survivors (4096K)
 Metaspace       used 87063K, capacity 89389K, committed 89680K, reserved 1126400K
  class space    used 11065K, capacity 11893K, committed 12032K, reserved 1048576K
}
Event: 43.669 GC heap after
{Heap after GC invocations=37 (full 0):
 garbage-first heap   total 445440K, used 250124K [0x0000000080000000, 0x0000000100000000)
  region size 1024K, 9 young (9216K), 9 survivors (9216K)
 Metaspace       used 87063K, capacity 89389K, committed 89680K, reserved 1126400K
  class space    used 11065K, capacity 11893K, committed 12032K, reserved 1048576K
}
Event: 43.860 GC heap before
{Heap before GC invocations=38 (full 0):
 garbage-first heap   total 445440K, used 315660K [0x0000000080000000, 0x0000000100000000)
  region size 1024K, 73 young (74752K), 9 survivors (9216K)
 Metaspace       used 87063K, capacity 89389K, committed 89680K, reserved 1126400K
  class space    used 11065K, capacity 11893K, committed 12032K, reserved 1048576K
}
Event: 43.913 GC heap after
{Heap after GC invocations=39 (full 0):
 garbage-first heap   total 445440K, used 270336K [0x0000000080000000, 0x0000000100000000)
  region size 1024K, 10 young (10240K), 10 survivors (10240K)
 Metaspace       used 87063K, capacity 89389K, committed 89680K, reserved 1126400K
  class space    used 11065K, capacity 11893K, committed 12032K, reserved 1048576K
}
Event: 43.966 GC heap before
{Heap before GC invocations=39 (full 0):
 garbage-first heap   total 445440K, used 281600K [0x0000000080000000, 0x0000000100000000)
  region size 1024K, 21 young (21504K), 10 survivors (10240K)
 Metaspace       used 87065K, capacity 89389K, committed 89680K, reserved 1126400K
  class space    used 11065K, capacity 11893K, committed 12032K, reserved 1048576K
}
Event: 43.987 GC heap after
{Heap after GC invocations=40 (full 0):
 garbage-first heap   total 445440K, used 264613K [0x0000000080000000, 0x0000000100000000)
  region size 1024K, 3 young (3072K), 3 survivors (3072K)
 Metaspace       used 87065K, capacity 89389K, committed 89680K, reserved 1126400K
  class space    used 11065K, capacity 11893K, committed 12032K, reserved 1048576K
}
Event: 44.298 GC heap before
{Heap before GC invocations=40 (full 0):
 garbage-first heap   total 445440K, used 327077K [0x0000000080000000, 0x0000000100000000)
  region size 1024K, 65 young (66560K), 3 survivors (3072K)
 Metaspace       used 87120K, capacity 89473K, committed 89936K, reserved 1128448K
  class space    used 11077K, capacity 11898K, committed 12032K, reserved 1048576K
}

