# JRE version: OpenJDK Runtime Environment (17.0.6) (build 17.0.6+0-b2043.56-10027231)
# Java VM: OpenJDK 64-Bit Server VM (17.0.6+0-b2043.56-10027231, mixed mode, tiered, compressed oops, compressed class ptrs, g1 gc, windows-amd64)
GC Precious Log:
 CPUs: 4 total, 4 available
 Memory: 16247M
 Large Page Support: Disabled
 NUMA Support: Disabled
 Compressed Oops: Enabled (32-bit)
 Heap Region Size: 1M
 Heap Min Capacity: 8M
 Heap Initial Capacity: 254M
 Heap Max Capacity: 2G
 Pre-touch: Disabled
 Parallel Workers: 4
 Concurrent Workers: 1
 Concurrent Refinement Workers: 4
 Periodic GC: Disabled
Heap:
 garbage-first heap   total 485376K, used 385024K [0x0000000080000000, 0x0000000100000000)
  region size 1024K, 78 young (79872K), 5 survivors (5120K)
 Metaspace       used 141055K, committed 142080K, reserved 1179648K
  class space    used 18122K, committed 18560K, reserved 1048576K
GC Heap History (20 events):
Event: 925.096 GC heap before
{Heap before GC invocations=122 (full 0):
 garbage-first heap   total 485376K, used 262835K [0x0000000080000000, 0x0000000100000000)
  region size 1024K, 23 young (23552K), 3 survivors (3072K)
 Metaspace       used 138254K, committed 139200K, reserved 1171456K
  class space    used 17807K, committed 18240K, reserved 1048576K
}
Event: 925.107 GC heap after
{Heap after GC invocations=123 (full 0):
 garbage-first heap   total 485376K, used 203251K [0x0000000080000000, 0x0000000100000000)
  region size 1024K, 3 young (3072K), 3 survivors (3072K)
 Metaspace       used 138254K, committed 139200K, reserved 1171456K
  class space    used 17807K, committed 18240K, reserved 1048576K
}
Event: 925.140 GC heap before
{Heap before GC invocations=123 (full 0):
 garbage-first heap   total 485376K, used 222707K [0x0000000080000000, 0x0000000100000000)
  region size 1024K, 23 young (23552K), 3 survivors (3072K)
 Metaspace       used 138254K, committed 139200K, reserved 1171456K
  class space    used 17807K, committed 18240K, reserved 1048576K
}
Event: 925.154 GC heap after
{Heap after GC invocations=124 (full 0):
 garbage-first heap   total 485376K, used 204800K [0x0000000080000000, 0x0000000100000000)
  region size 1024K, 3 young (3072K), 3 survivors (3072K)
 Metaspace       used 138254K, committed 139200K, reserved 1171456K
  class space    used 17807K, committed 18240K, reserved 1048576K
}
Event: 1772.623 GC heap before
{Heap before GC invocations=124 (full 0):
 garbage-first heap   total 485376K, used 412672K [0x0000000080000000, 0x0000000100000000)
  region size 1024K, 161 young (164864K), 3 survivors (3072K)
 Metaspace       used 139754K, committed 140672K, reserved 1179648K
  class space    used 18007K, committed 18432K, reserved 1048576K
}
Event: 1772.997 GC heap after
{Heap after GC invocations=125 (full 0):
 garbage-first heap   total 485376K, used 222486K [0x0000000080000000, 0x0000000100000000)
  region size 1024K, 21 young (21504K), 21 survivors (21504K)
 Metaspace       used 139754K, committed 140672K, reserved 1179648K
  class space    used 18007K, committed 18432K, reserved 1048576K
}
Event: 2019.054 GC heap before
{Heap before GC invocations=125 (full 0):
 garbage-first heap   total 485376K, used 333078K [0x0000000080000000, 0x0000000100000000)
  region size 1024K, 129 young (132096K), 21 survivors (21504K)
 Metaspace       used 140329K, committed 141248K, reserved 1179648K
  class space    used 18063K, committed 18496K, reserved 1048576K
}
Event: 2019.370 GC heap after
{Heap after GC invocations=126 (full 0):
 garbage-first heap   total 485376K, used 226115K [0x0000000080000000, 0x0000000100000000)
  region size 1024K, 4 young (4096K), 4 survivors (4096K)
 Metaspace       used 140329K, committed 141248K, reserved 1179648K
  class space    used 18063K, committed 18496K, reserved 1048576K
}
Event: 2024.671 GC heap before
{Heap before GC invocations=126 (full 0):
 garbage-first heap   total 485376K, used 364355K [0x0000000080000000, 0x0000000100000000)
  region size 1024K, 117 young (119808K), 4 survivors (4096K)
 Metaspace       used 140803K, committed 141760K, reserved 1179648K
  class space    used 18116K, committed 18560K, reserved 1048576K
}
Event: 2024.700 GC heap after
{Heap after GC invocations=127 (full 0):
 garbage-first heap   total 485376K, used 231541K [0x0000000080000000, 0x0000000100000000)
  region size 1024K, 10 young (10240K), 10 survivors (10240K)
 Metaspace       used 140803K, committed 141760K, reserved 1179648K
  class space    used 18116K, committed 18560K, reserved 1048576K
}
Event: 2030.130 GC heap before
{Heap before GC invocations=127 (full 0):
 garbage-first heap   total 485376K, used 351349K [0x0000000080000000, 0x0000000100000000)
  region size 1024K, 128 young (131072K), 10 survivors (10240K)
 Metaspace       used 140898K, committed 141888K, reserved 1179648K
  class space    used 18120K, committed 18560K, reserved 1048576K
}
Event: 2030.162 GC heap after
{Heap after GC invocations=128 (full 0):
 garbage-first heap   total 485376K, used 243454K [0x0000000080000000, 0x0000000100000000)
  region size 1024K, 16 young (16384K), 16 survivors (16384K)
 Metaspace       used 140898K, committed 141888K, reserved 1179648K
  class space    used 18120K, committed 18560K, reserved 1048576K
}
Event: 2036.353 GC heap before
{Heap before GC invocations=128 (full 0):
 garbage-first heap   total 485376K, used 358142K [0x0000000080000000, 0x0000000100000000)
  region size 1024K, 129 young (132096K), 16 survivors (16384K)
 Metaspace       used 140941K, committed 141888K, reserved 1179648K
  class space    used 18120K, committed 18560K, reserved 1048576K
}
Event: 2036.370 GC heap after
{Heap after GC invocations=129 (full 0):
 garbage-first heap   total 485376K, used 245682K [0x0000000080000000, 0x0000000100000000)
  region size 1024K, 6 young (6144K), 6 survivors (6144K)
 Metaspace       used 140941K, committed 141888K, reserved 1179648K
  class space    used 18120K, committed 18560K, reserved 1048576K
}
Event: 2046.922 GC heap before
{Heap before GC invocations=129 (full 0):
 garbage-first heap   total 485376K, used 407474K [0x0000000080000000, 0x0000000100000000)
  region size 1024K, 149 young (152576K), 6 survivors (6144K)
 Metaspace       used 140968K, committed 141952K, reserved 1179648K
  class space    used 18120K, committed 18560K, reserved 1048576K
}
Event: 2047.021 GC heap after
{Heap after GC invocations=130 (full 0):
 garbage-first heap   total 485376K, used 280576K [0x0000000080000000, 0x0000000100000000)
  region size 1024K, 19 young (19456K), 19 survivors (19456K)
 Metaspace       used 140968K, committed 141952K, reserved 1179648K
  class space    used 18120K, committed 18560K, reserved 1048576K
}
Event: 2049.367 GC heap before
{Heap before GC invocations=130 (full 0):
 garbage-first heap   total 485376K, used 398336K [0x0000000080000000, 0x0000000100000000)
  region size 1024K, 128 young (131072K), 19 survivors (19456K)
 Metaspace       used 141018K, committed 142016K, reserved 1179648K
  class space    used 18120K, committed 18560K, reserved 1048576K
}
Event: 2049.436 GC heap after
{Heap after GC invocations=131 (full 0):
 garbage-first heap   total 485376K, used 305664K [0x0000000080000000, 0x0000000100000000)
  region size 1024K, 16 young (16384K), 16 survivors (16384K)
 Metaspace       used 141018K, committed 142016K, reserved 1179648K
  class space    used 18120K, committed 18560K, reserved 1048576K
}
Event: 2051.420 GC heap before
{Heap before GC invocations=131 (full 0):
 garbage-first heap   total 485376K, used 395776K [0x0000000080000000, 0x0000000100000000)
  region size 1024K, 104 young (106496K), 16 survivors (16384K)
 Metaspace       used 141044K, committed 142080K, reserved 1179648K
  class space    used 18120K, committed 18560K, reserved 1048576K
}
Event: 2051.447 GC heap after
{Heap after GC invocations=132 (full 0):
 garbage-first heap   total 485376K, used 311296K [0x0000000080000000, 0x0000000100000000)
  region size 1024K, 5 young (5120K), 5 survivors (5120K)
 Metaspace       used 141044K, committed 142080K, reserved 1179648K
  class space    used 18120K, committed 18560K, reserved 1048576K
}

