# JRE version: OpenJDK Runtime Environment (11.0.12+7) (build 11.0.12+7-b1504.28-7817840)
# Java VM: OpenJDK 64-Bit Server VM (11.0.12+7-b1504.28-7817840, mixed mode, tiered, compressed oops, g1 gc, windows-amd64)
Heap:
 garbage-first heap   total 1016832K, used 276480K [0x0000000080000000, 0x0000000100000000)
  region size 1024K, 7 young (7168K), 7 survivors (7168K)
 Metaspace       used 77872K, capacity 80021K, committed 80464K, reserved 1118208K
  class space    used 10082K, capacity 10847K, committed 11008K, reserved 1048576K
GC Heap History (20 events):
Event: 16.481 GC heap after
{Heap after GC invocations=26 (full 0):
 garbage-first heap   total 260096K, used 186368K [0x0000000080000000, 0x0000000100000000)
  region size 1024K, 5 young (5120K), 5 survivors (5120K)
 Metaspace       used 77819K, capacity 79953K, committed 80464K, reserved 1118208K
  class space    used 10073K, capacity 10849K, committed 11008K, reserved 1048576K
}
Event: 16.572 GC heap before
{Heap before GC invocations=26 (full 0):
 garbage-first heap   total 260096K, used 212992K [0x0000000080000000, 0x0000000100000000)
  region size 1024K, 32 young (32768K), 5 survivors (5120K)
 Metaspace       used 77819K, capacity 79953K, committed 80464K, reserved 1118208K
  class space    used 10073K, capacity 10849K, committed 11008K, reserved 1048576K
}
Event: 16.585 GC heap after
{Heap after GC invocations=27 (full 0):
 garbage-first heap   total 260096K, used 194536K [0x0000000080000000, 0x0000000100000000)
  region size 1024K, 4 young (4096K), 4 survivors (4096K)
 Metaspace       used 77819K, capacity 79953K, committed 80464K, reserved 1118208K
  class space    used 10073K, capacity 10849K, committed 11008K, reserved 1048576K
}
Event: 16.671 GC heap before
{Heap before GC invocations=27 (full 0):
 garbage-first heap   total 260096K, used 217064K [0x0000000080000000, 0x0000000100000000)
  region size 1024K, 27 young (27648K), 4 survivors (4096K)
 Metaspace       used 77810K, capacity 79936K, committed 80464K, reserved 1118208K
  class space    used 10070K, capacity 10842K, committed 11008K, reserved 1048576K
}
Event: 16.684 GC heap after
{Heap after GC invocations=28 (full 0):
 garbage-first heap   total 312320K, used 200704K [0x0000000080000000, 0x0000000100000000)
  region size 1024K, 4 young (4096K), 4 survivors (4096K)
 Metaspace       used 77810K, capacity 79936K, committed 80464K, reserved 1118208K
  class space    used 10070K, capacity 10842K, committed 11008K, reserved 1048576K
}
Event: 16.809 GC heap before
{Heap before GC invocations=29 (full 0):
 garbage-first heap   total 312320K, used 243712K [0x0000000080000000, 0x0000000100000000)
  region size 1024K, 46 young (47104K), 4 survivors (4096K)
 Metaspace       used 77810K, capacity 79936K, committed 80464K, reserved 1118208K
  class space    used 10070K, capacity 10842K, committed 11008K, reserved 1048576K
}
Event: 16.825 GC heap after
{Heap after GC invocations=30 (full 0):
 garbage-first heap   total 312320K, used 211854K [0x0000000080000000, 0x0000000100000000)
  region size 1024K, 6 young (6144K), 6 survivors (6144K)
 Metaspace       used 77810K, capacity 79936K, committed 80464K, reserved 1118208K
  class space    used 10070K, capacity 10842K, committed 11008K, reserved 1048576K
}
Event: 16.848 GC heap before
{Heap before GC invocations=30 (full 0):
 garbage-first heap   total 312320K, used 221070K [0x0000000080000000, 0x0000000100000000)
  region size 1024K, 15 young (15360K), 6 survivors (6144K)
 Metaspace       used 77811K, capacity 79936K, committed 80464K, reserved 1118208K
  class space    used 10070K, capacity 10842K, committed 11008K, reserved 1048576K
}
Event: 16.862 GC heap after
{Heap after GC invocations=31 (full 0):
 garbage-first heap   total 312320K, used 211968K [0x0000000080000000, 0x0000000100000000)
  region size 1024K, 2 young (2048K), 2 survivors (2048K)
 Metaspace       used 77811K, capacity 79936K, committed 80464K, reserved 1118208K
  class space    used 10070K, capacity 10842K, committed 11008K, reserved 1048576K
}
Event: 16.869 GC heap before
{Heap before GC invocations=31 (full 0):
 garbage-first heap   total 312320K, used 214016K [0x0000000080000000, 0x0000000100000000)
  region size 1024K, 5 young (5120K), 2 survivors (2048K)
 Metaspace       used 77811K, capacity 79936K, committed 80464K, reserved 1118208K
  class space    used 10070K, capacity 10842K, committed 11008K, reserved 1048576K
}
Event: 16.874 GC heap after
{Heap after GC invocations=32 (full 0):
 garbage-first heap   total 312320K, used 212817K [0x0000000080000000, 0x0000000100000000)
  region size 1024K, 3 young (3072K), 3 survivors (3072K)
 Metaspace       used 77811K, capacity 79936K, committed 80464K, reserved 1118208K
  class space    used 10070K, capacity 10842K, committed 11008K, reserved 1048576K
}
Event: 16.985 GC heap before
{Heap before GC invocations=32 (full 0):
 garbage-first heap   total 312320K, used 242513K [0x0000000080000000, 0x0000000100000000)
  region size 1024K, 31 young (31744K), 3 survivors (3072K)
 Metaspace       used 77811K, capacity 79936K, committed 80464K, reserved 1118208K
  class space    used 10070K, capacity 10842K, committed 11008K, reserved 1048576K
}
Event: 17.008 GC heap after
{Heap after GC invocations=33 (full 0):
 garbage-first heap   total 552960K, used 221526K [0x0000000080000000, 0x0000000100000000)
  region size 1024K, 4 young (4096K), 4 survivors (4096K)
 Metaspace       used 77811K, capacity 79936K, committed 80464K, reserved 1118208K
  class space    used 10070K, capacity 10842K, committed 11008K, reserved 1048576K
}
Event: 17.425 GC heap before
{Heap before GC invocations=34 (full 0):
 garbage-first heap   total 552960K, used 325974K [0x0000000080000000, 0x0000000100000000)
  region size 1024K, 100 young (102400K), 4 survivors (4096K)
 Metaspace       used 77814K, capacity 79936K, committed 80464K, reserved 1118208K
  class space    used 10071K, capacity 10842K, committed 11008K, reserved 1048576K
}
Event: 17.465 GC heap after
{Heap after GC invocations=35 (full 0):
 garbage-first heap   total 552960K, used 250595K [0x0000000080000000, 0x0000000100000000)
  region size 1024K, 13 young (13312K), 13 survivors (13312K)
 Metaspace       used 77814K, capacity 79936K, committed 80464K, reserved 1118208K
  class space    used 10071K, capacity 10842K, committed 11008K, reserved 1048576K
}
Event: 17.504 GC heap before
{Heap before GC invocations=35 (full 0):
 garbage-first heap   total 552960K, used 264931K [0x0000000080000000, 0x0000000100000000)
  region size 1024K, 27 young (27648K), 13 survivors (13312K)
 Metaspace       used 77814K, capacity 79936K, committed 80464K, reserved 1118208K
  class space    used 10071K, capacity 10842K, committed 11008K, reserved 1048576K
}
Event: 17.537 GC heap after
{Heap after GC invocations=36 (full 0):
 garbage-first heap   total 552960K, used 250880K [0x0000000080000000, 0x0000000100000000)
  region size 1024K, 4 young (4096K), 4 survivors (4096K)
 Metaspace       used 77814K, capacity 79936K, committed 80464K, reserved 1118208K
  class space    used 10071K, capacity 10842K, committed 11008K, reserved 1048576K
}
Event: 18.008 GC heap before
{Heap before GC invocations=36 (full 0):
 garbage-first heap   total 552960K, used 348160K [0x0000000080000000, 0x0000000100000000)
  region size 1024K, 99 young (101376K), 4 survivors (4096K)
 Metaspace       used 77866K, capacity 79954K, committed 80464K, reserved 1118208K
  class space    used 10082K, capacity 10847K, committed 11008K, reserved 1048576K
}
Event: 18.035 GC heap after
{Heap after GC invocations=37 (full 0):
 garbage-first heap   total 552960K, used 268800K [0x0000000080000000, 0x0000000100000000)
  region size 1024K, 13 young (13312K), 13 survivors (13312K)
 Metaspace       used 77866K, capacity 79954K, committed 80464K, reserved 1118208K
  class space    used 10082K, capacity 10847K, committed 11008K, reserved 1048576K
}
Event: 18.216 GC heap before
{Heap before GC invocations=37 (full 0):
 garbage-first heap   total 552960K, used 317952K [0x0000000080000000, 0x0000000100000000)
  region size 1024K, 62 young (63488K), 13 survivors (13312K)
 Metaspace       used 77872K, capacity 80021K, committed 80464K, reserved 1118208K
  class space    used 10082K, capacity 10847K, committed 11008K, reserved 1048576K
}

