# JRE version: OpenJDK Runtime Environment (17.0.6) (build 17.0.6+0-b2043.56-10027231)
# Java VM: OpenJDK 64-Bit Server VM (17.0.6+0-b2043.56-10027231, mixed mode, tiered, compressed oops, compressed class ptrs, g1 gc, windows-amd64)
GC Precious Log:
 CPUs: 4 total, 4 available
 Memory: 16247M
 Large Page Support: Disabled
 NUMA Support: Disabled
 Compressed Oops: Enabled (32-bit)
 Heap Region Size: 1M
 Heap Min Capacity: 8M
 Heap Initial Capacity: 254M
 Heap Max Capacity: 2G
 Pre-touch: Disabled
 Parallel Workers: 4
 Concurrent Workers: 1
 Concurrent Refinement Workers: 4
 Periodic GC: Disabled
Heap:
 garbage-first heap   total 278528K, used 205824K [0x0000000080000000, 0x0000000100000000)
  region size 1024K, 50 young (51200K), 7 survivors (7168K)
 Metaspace       used 100000K, committed 100800K, reserved 1138688K
  class space    used 13485K, committed 13824K, reserved 1048576K
GC Heap History (20 events):
Event: 9.054 GC heap before
{Heap before GC invocations=28 (full 0):
 garbage-first heap   total 151552K, used 119271K [0x0000000080000000, 0x0000000100000000)
  region size 1024K, 52 young (53248K), 2 survivors (2048K)
 Metaspace       used 77816K, committed 78464K, reserved 1122304K
  class space    used 10566K, committed 10880K, reserved 1048576K
}
Event: 9.062 GC heap after
{Heap after GC invocations=29 (full 0):
 garbage-first heap   total 151552K, used 70824K [0x0000000080000000, 0x0000000100000000)
  region size 1024K, 5 young (5120K), 5 survivors (5120K)
 Metaspace       used 77816K, committed 78464K, reserved 1122304K
  class space    used 10566K, committed 10880K, reserved 1048576K
}
Event: 9.526 GC heap before
{Heap before GC invocations=29 (full 0):
 garbage-first heap   total 151552K, used 121000K [0x0000000080000000, 0x0000000100000000)
  region size 1024K, 54 young (55296K), 5 survivors (5120K)
 Metaspace       used 80263K, committed 81024K, reserved 1122304K
  class space    used 10938K, committed 11264K, reserved 1048576K
}
Event: 9.536 GC heap after
{Heap after GC invocations=30 (full 0):
 garbage-first heap   total 231424K, used 74468K [0x0000000080000000, 0x0000000100000000)
  region size 1024K, 7 young (7168K), 7 survivors (7168K)
 Metaspace       used 80263K, committed 81024K, reserved 1122304K
  class space    used 10938K, committed 11264K, reserved 1048576K
}
Event: 10.596 GC heap before
{Heap before GC invocations=30 (full 0):
 garbage-first heap   total 231424K, used 190180K [0x0000000080000000, 0x0000000100000000)
  region size 1024K, 121 young (123904K), 7 survivors (7168K)
 Metaspace       used 86741K, committed 87552K, reserved 1130496K
  class space    used 11849K, committed 12224K, reserved 1048576K
}
Event: 10.610 GC heap after
{Heap after GC invocations=31 (full 0):
 garbage-first heap   total 231424K, used 86450K [0x0000000080000000, 0x0000000100000000)
  region size 1024K, 16 young (16384K), 16 survivors (16384K)
 Metaspace       used 86741K, committed 87552K, reserved 1130496K
  class space    used 11849K, committed 12224K, reserved 1048576K
}
Event: 11.822 GC heap before
{Heap before GC invocations=31 (full 0):
 garbage-first heap   total 231424K, used 181682K [0x0000000080000000, 0x0000000100000000)
  region size 1024K, 104 young (106496K), 16 survivors (16384K)
 Metaspace       used 90928K, committed 91712K, reserved 1130496K
  class space    used 12406K, committed 12736K, reserved 1048576K
}
Event: 11.842 GC heap after
{Heap after GC invocations=32 (full 0):
 garbage-first heap   total 231424K, used 95847K [0x0000000080000000, 0x0000000100000000)
  region size 1024K, 10 young (10240K), 10 survivors (10240K)
 Metaspace       used 90928K, committed 91712K, reserved 1130496K
  class space    used 12406K, committed 12736K, reserved 1048576K
}
Event: 12.646 GC heap before
{Heap before GC invocations=32 (full 0):
 garbage-first heap   total 231424K, used 181863K [0x0000000080000000, 0x0000000100000000)
  region size 1024K, 93 young (95232K), 10 survivors (10240K)
 Metaspace       used 91914K, committed 92672K, reserved 1130496K
  class space    used 12503K, committed 12864K, reserved 1048576K
}
Event: 12.659 GC heap after
{Heap after GC invocations=33 (full 0):
 garbage-first heap   total 231424K, used 103873K [0x0000000080000000, 0x0000000100000000)
  region size 1024K, 8 young (8192K), 8 survivors (8192K)
 Metaspace       used 91914K, committed 92672K, reserved 1130496K
  class space    used 12503K, committed 12864K, reserved 1048576K
}
Event: 13.249 GC heap before
{Heap before GC invocations=33 (full 0):
 garbage-first heap   total 231424K, used 182721K [0x0000000080000000, 0x0000000100000000)
  region size 1024K, 86 young (88064K), 8 survivors (8192K)
 Metaspace       used 92365K, committed 93120K, reserved 1130496K
  class space    used 12531K, committed 12864K, reserved 1048576K
}
Event: 13.266 GC heap after
{Heap after GC invocations=34 (full 0):
 garbage-first heap   total 231424K, used 110478K [0x0000000080000000, 0x0000000100000000)
  region size 1024K, 6 young (6144K), 6 survivors (6144K)
 Metaspace       used 92365K, committed 93120K, reserved 1130496K
  class space    used 12531K, committed 12864K, reserved 1048576K
}
Event: 13.729 GC heap before
{Heap before GC invocations=34 (full 0):
 garbage-first heap   total 231424K, used 186254K [0x0000000080000000, 0x0000000100000000)
  region size 1024K, 81 young (82944K), 6 survivors (6144K)
 Metaspace       used 92679K, committed 93440K, reserved 1130496K
  class space    used 12582K, committed 12928K, reserved 1048576K
}
Event: 13.740 GC heap after
{Heap after GC invocations=35 (full 0):
 garbage-first heap   total 231424K, used 116489K [0x0000000080000000, 0x0000000100000000)
  region size 1024K, 11 young (11264K), 11 survivors (11264K)
 Metaspace       used 92679K, committed 93440K, reserved 1130496K
  class space    used 12582K, committed 12928K, reserved 1048576K
}
Event: 17.645 GC heap before
{Heap before GC invocations=35 (full 0):
 garbage-first heap   total 231424K, used 187145K [0x0000000080000000, 0x0000000100000000)
  region size 1024K, 81 young (82944K), 11 survivors (11264K)
 Metaspace       used 99807K, committed 100608K, reserved 1138688K
  class space    used 13470K, committed 13824K, reserved 1048576K
}
Event: 17.659 GC heap after
{Heap after GC invocations=36 (full 0):
 garbage-first heap   total 231424K, used 123904K [0x0000000080000000, 0x0000000100000000)
  region size 1024K, 11 young (11264K), 11 survivors (11264K)
 Metaspace       used 99807K, committed 100608K, reserved 1138688K
  class space    used 13470K, committed 13824K, reserved 1048576K
}
Event: 18.058 GC heap before
{Heap before GC invocations=36 (full 0):
 garbage-first heap   total 231424K, used 195584K [0x0000000080000000, 0x0000000100000000)
  region size 1024K, 74 young (75776K), 11 survivors (11264K)
 Metaspace       used 99859K, committed 100608K, reserved 1138688K
  class space    used 13478K, committed 13824K, reserved 1048576K
}
Event: 18.077 GC heap after
{Heap after GC invocations=37 (full 0):
 garbage-first heap   total 231424K, used 142286K [0x0000000080000000, 0x0000000100000000)
  region size 1024K, 10 young (10240K), 10 survivors (10240K)
 Metaspace       used 99859K, committed 100608K, reserved 1138688K
  class space    used 13478K, committed 13824K, reserved 1048576K
}
Event: 18.256 GC heap before
{Heap before GC invocations=37 (full 0):
 garbage-first heap   total 231424K, used 194510K [0x0000000080000000, 0x0000000100000000)
  region size 1024K, 54 young (55296K), 10 survivors (10240K)
 Metaspace       used 99874K, committed 100608K, reserved 1138688K
  class space    used 13479K, committed 13824K, reserved 1048576K
}
Event: 18.272 GC heap after
{Heap after GC invocations=38 (full 0):
 garbage-first heap   total 278528K, used 155648K [0x0000000080000000, 0x0000000100000000)
  region size 1024K, 7 young (7168K), 7 survivors (7168K)
 Metaspace       used 99874K, committed 100608K, reserved 1138688K
  class space    used 13479K, committed 13824K, reserved 1048576K
}

