# JRE version: OpenJDK Runtime Environment (17.0.6) (build 17.0.6+0-b2043.56-10027231)
# Java VM: OpenJDK 64-Bit Server VM (17.0.6+0-b2043.56-10027231, mixed mode, tiered, compressed oops, compressed class ptrs, g1 gc, windows-amd64)
GC Precious Log:
 CPUs: 4 total, 4 available
 Memory: 16247M
 Large Page Support: Disabled
 NUMA Support: Disabled
 Compressed Oops: Enabled (32-bit)
 Heap Region Size: 1M
 Heap Min Capacity: 8M
 Heap Initial Capacity: 254M
 Heap Max Capacity: 2G
 Pre-touch: Disabled
 Parallel Workers: 4
 Concurrent Workers: 1
 Concurrent Refinement Workers: 4
 Periodic GC: Disabled
Heap:
 garbage-first heap   total 233472K, used 123219K [0x0000000080000000, 0x0000000100000000)
  region size 1024K, 14 young (14336K), 11 survivors (11264K)
 Metaspace       used 96342K, committed 97216K, reserved 1138688K
  class space    used 12906K, committed 13312K, reserved 1048576K
GC Heap History (20 events):
Event: 16.756 GC heap before
{Heap before GC invocations=38 (full 0):
 garbage-first heap   total 128000K, used 105947K [0x0000000080000000, 0x0000000100000000)
  region size 1024K, 34 young (34816K), 5 survivors (5120K)
 Metaspace       used 86861K, committed 87552K, reserved 1130496K
  class space    used 11730K, committed 12032K, reserved 1048576K
}
Event: 16.768 GC heap after
{Heap after GC invocations=39 (full 0):
 garbage-first heap   total 128000K, used 81757K [0x0000000080000000, 0x0000000100000000)
  region size 1024K, 5 young (5120K), 5 survivors (5120K)
 Metaspace       used 86861K, committed 87552K, reserved 1130496K
  class space    used 11730K, committed 12032K, reserved 1048576K
}
Event: 17.323 GC heap before
{Heap before GC invocations=40 (full 0):
 garbage-first heap   total 145408K, used 104285K [0x0000000080000000, 0x0000000100000000)
  region size 1024K, 27 young (27648K), 5 survivors (5120K)
 Metaspace       used 89061K, committed 89728K, reserved 1130496K
  class space    used 11962K, committed 12224K, reserved 1048576K
}
Event: 17.335 GC heap after
{Heap after GC invocations=41 (full 0):
 garbage-first heap   total 145408K, used 86441K [0x0000000080000000, 0x0000000100000000)
  region size 1024K, 4 young (4096K), 4 survivors (4096K)
 Metaspace       used 89061K, committed 89728K, reserved 1130496K
  class space    used 11962K, committed 12224K, reserved 1048576K
}
Event: 17.423 GC heap before
{Heap before GC invocations=41 (full 0):
 garbage-first heap   total 145408K, used 88489K [0x0000000080000000, 0x0000000100000000)
  region size 1024K, 7 young (7168K), 4 survivors (4096K)
 Metaspace       used 89478K, committed 90176K, reserved 1130496K
  class space    used 12051K, committed 12352K, reserved 1048576K
}
Event: 17.428 GC heap after
{Heap after GC invocations=42 (full 0):
 garbage-first heap   total 145408K, used 87016K [0x0000000080000000, 0x0000000100000000)
  region size 1024K, 1 young (1024K), 1 survivors (1024K)
 Metaspace       used 89478K, committed 90176K, reserved 1130496K
  class space    used 12051K, committed 12352K, reserved 1048576K
}
Event: 18.221 GC heap before
{Heap before GC invocations=42 (full 0):
 garbage-first heap   total 145408K, used 117736K [0x0000000080000000, 0x0000000100000000)
  region size 1024K, 31 young (31744K), 1 survivors (1024K)
 Metaspace       used 91431K, committed 92160K, reserved 1130496K
  class space    used 12375K, committed 12736K, reserved 1048576K
}
Event: 18.226 GC heap after
{Heap after GC invocations=43 (full 0):
 garbage-first heap   total 145408K, used 89551K [0x0000000080000000, 0x0000000100000000)
  region size 1024K, 4 young (4096K), 4 survivors (4096K)
 Metaspace       used 91431K, committed 92160K, reserved 1130496K
  class space    used 12375K, committed 12736K, reserved 1048576K
}
Event: 18.878 GC heap before
{Heap before GC invocations=44 (full 0):
 garbage-first heap   total 160768K, used 116175K [0x0000000080000000, 0x0000000100000000)
  region size 1024K, 31 young (31744K), 4 survivors (4096K)
 Metaspace       used 91618K, committed 92416K, reserved 1130496K
  class space    used 12376K, committed 12736K, reserved 1048576K
}
Event: 18.883 GC heap after
{Heap after GC invocations=45 (full 0):
 garbage-first heap   total 160768K, used 91376K [0x0000000080000000, 0x0000000100000000)
  region size 1024K, 2 young (2048K), 2 survivors (2048K)
 Metaspace       used 91618K, committed 92416K, reserved 1130496K
  class space    used 12376K, committed 12736K, reserved 1048576K
}
Event: 18.978 GC heap before
{Heap before GC invocations=45 (full 0):
 garbage-first heap   total 160768K, used 95472K [0x0000000080000000, 0x0000000100000000)
  region size 1024K, 7 young (7168K), 2 survivors (2048K)
 Metaspace       used 91651K, committed 92416K, reserved 1130496K
  class space    used 12376K, committed 12736K, reserved 1048576K
}
Event: 18.986 GC heap after
{Heap after GC invocations=46 (full 0):
 garbage-first heap   total 160768K, used 91436K [0x0000000080000000, 0x0000000100000000)
  region size 1024K, 1 young (1024K), 1 survivors (1024K)
 Metaspace       used 91651K, committed 92416K, reserved 1130496K
  class space    used 12376K, committed 12736K, reserved 1048576K
}
Event: 19.544 GC heap before
{Heap before GC invocations=46 (full 0):
 garbage-first heap   total 160768K, used 129324K [0x0000000080000000, 0x0000000100000000)
  region size 1024K, 39 young (39936K), 1 survivors (1024K)
 Metaspace       used 91847K, committed 92608K, reserved 1130496K
  class space    used 12376K, committed 12736K, reserved 1048576K
}
Event: 19.548 GC heap after
{Heap after GC invocations=47 (full 0):
 garbage-first heap   total 233472K, used 93409K [0x0000000080000000, 0x0000000100000000)
  region size 1024K, 3 young (3072K), 3 survivors (3072K)
 Metaspace       used 91847K, committed 92608K, reserved 1130496K
  class space    used 12376K, committed 12736K, reserved 1048576K
}
Event: 20.992 GC heap before
{Heap before GC invocations=48 (full 0):
 garbage-first heap   total 233472K, used 184545K [0x0000000080000000, 0x0000000100000000)
  region size 1024K, 92 young (94208K), 3 survivors (3072K)
 Metaspace       used 93292K, committed 94016K, reserved 1130496K
  class space    used 12561K, committed 12864K, reserved 1048576K
}
Event: 21.001 GC heap after
{Heap after GC invocations=49 (full 0):
 garbage-first heap   total 233472K, used 99916K [0x0000000080000000, 0x0000000100000000)
  region size 1024K, 9 young (9216K), 9 survivors (9216K)
 Metaspace       used 93292K, committed 94016K, reserved 1130496K
  class space    used 12561K, committed 12864K, reserved 1048576K
}
Event: 21.056 GC heap before
{Heap before GC invocations=49 (full 0):
 garbage-first heap   total 233472K, used 104012K [0x0000000080000000, 0x0000000100000000)
  region size 1024K, 11 young (11264K), 9 survivors (9216K)
 Metaspace       used 93395K, committed 94208K, reserved 1130496K
  class space    used 12574K, committed 12928K, reserved 1048576K
}
Event: 21.063 GC heap after
{Heap after GC invocations=50 (full 0):
 garbage-first heap   total 233472K, used 101614K [0x0000000080000000, 0x0000000100000000)
  region size 1024K, 2 young (2048K), 2 survivors (2048K)
 Metaspace       used 93395K, committed 94208K, reserved 1130496K
  class space    used 12574K, committed 12928K, reserved 1048576K
}
Event: 24.769 GC heap before
{Heap before GC invocations=50 (full 0):
 garbage-first heap   total 233472K, used 191726K [0x0000000080000000, 0x0000000100000000)
  region size 1024K, 86 young (88064K), 2 survivors (2048K)
 Metaspace       used 96327K, committed 97152K, reserved 1138688K
  class space    used 12906K, committed 13312K, reserved 1048576K
}
Event: 24.782 GC heap after
{Heap after GC invocations=51 (full 0):
 garbage-first heap   total 233472K, used 121171K [0x0000000080000000, 0x0000000100000000)
  region size 1024K, 11 young (11264K), 11 survivors (11264K)
 Metaspace       used 96327K, committed 97152K, reserved 1138688K
  class space    used 12906K, committed 13312K, reserved 1048576K
}

