# JRE version: OpenJDK Runtime Environment (11.0.12+7) (build 11.0.12+7-b1504.28-7817840)
# Java VM: OpenJDK 64-Bit Server VM (11.0.12+7-b1504.28-7817840, mixed mode, tiered, compressed oops, g1 gc, windows-amd64)
Heap:
 garbage-first heap   total 312320K, used 241664K [0x0000000080000000, 0x0000000100000000)
  region size 1024K, 11 young (11264K), 4 survivors (4096K)
 Metaspace       used 83527K, capacity 85829K, committed 86096K, reserved 1124352K
  class space    used 10834K, capacity 11692K, committed 11776K, reserved 1048576K
GC Heap History (20 events):
Event: 14.892 GC heap before
{Heap before GC invocations=17 (full 0):
 garbage-first heap   total 260096K, used 151035K [0x0000000080000000, 0x0000000100000000)
  region size 1024K, 36 young (36864K), 15 survivors (15360K)
 Metaspace       used 77315K, capacity 79455K, committed 79568K, reserved 1118208K
  class space    used 10013K, capacity 10783K, committed 10880K, reserved 1048576K
}
Event: 14.899 GC heap after
{Heap after GC invocations=18 (full 0):
 garbage-first heap   total 260096K, used 135630K [0x0000000080000000, 0x0000000100000000)
  region size 1024K, 9 young (9216K), 9 survivors (9216K)
 Metaspace       used 77315K, capacity 79455K, committed 79568K, reserved 1118208K
  class space    used 10013K, capacity 10783K, committed 10880K, reserved 1048576K
}
Event: 15.284 GC heap before
{Heap before GC invocations=19 (full 0):
 garbage-first heap   total 260096K, used 207310K [0x0000000080000000, 0x0000000100000000)
  region size 1024K, 75 young (76800K), 9 survivors (9216K)
 Metaspace       used 78356K, capacity 80557K, committed 80720K, reserved 1120256K
  class space    used 10153K, capacity 10932K, committed 11008K, reserved 1048576K
}
Event: 15.301 GC heap after
{Heap after GC invocations=20 (full 0):
 garbage-first heap   total 260096K, used 157624K [0x0000000080000000, 0x0000000100000000)
  region size 1024K, 10 young (10240K), 10 survivors (10240K)
 Metaspace       used 78356K, capacity 80557K, committed 80720K, reserved 1120256K
  class space    used 10153K, capacity 10932K, committed 11008K, reserved 1048576K
}
Event: 15.454 GC heap before
{Heap before GC invocations=20 (full 0):
 garbage-first heap   total 260096K, used 180152K [0x0000000080000000, 0x0000000100000000)
  region size 1024K, 34 young (34816K), 10 survivors (10240K)
 Metaspace       used 79160K, capacity 81373K, committed 81616K, reserved 1120256K
  class space    used 10265K, capacity 11046K, committed 11136K, reserved 1048576K
}
Event: 15.474 GC heap after
{Heap after GC invocations=21 (full 0):
 garbage-first heap   total 260096K, used 166400K [0x0000000080000000, 0x0000000100000000)
  region size 1024K, 7 young (7168K), 7 survivors (7168K)
 Metaspace       used 79160K, capacity 81373K, committed 81616K, reserved 1120256K
  class space    used 10265K, capacity 11046K, committed 11136K, reserved 1048576K
}
Event: 15.795 GC heap before
{Heap before GC invocations=22 (full 0):
 garbage-first heap   total 260096K, used 202240K [0x0000000080000000, 0x0000000100000000)
  region size 1024K, 41 young (41984K), 7 survivors (7168K)
 Metaspace       used 79850K, capacity 82029K, committed 82256K, reserved 1120256K
  class space    used 10392K, capacity 11184K, committed 11264K, reserved 1048576K
}
Event: 15.819 GC heap after
{Heap after GC invocations=23 (full 0):
 garbage-first heap   total 260096K, used 182272K [0x0000000080000000, 0x0000000100000000)
  region size 1024K, 6 young (6144K), 6 survivors (6144K)
 Metaspace       used 79850K, capacity 82029K, committed 82256K, reserved 1120256K
  class space    used 10392K, capacity 11184K, committed 11264K, reserved 1048576K
}
Event: 16.169 GC heap before
{Heap before GC invocations=23 (full 0):
 garbage-first heap   total 260096K, used 209920K [0x0000000080000000, 0x0000000100000000)
  region size 1024K, 33 young (33792K), 6 survivors (6144K)
 Metaspace       used 82364K, capacity 84624K, committed 84688K, reserved 1122304K
  class space    used 10792K, capacity 11644K, committed 11648K, reserved 1048576K
}
Event: 16.186 GC heap after
{Heap after GC invocations=24 (full 0):
 garbage-first heap   total 260096K, used 188040K [0x0000000080000000, 0x0000000100000000)
  region size 1024K, 5 young (5120K), 5 survivors (5120K)
 Metaspace       used 82364K, capacity 84624K, committed 84688K, reserved 1122304K
  class space    used 10792K, capacity 11644K, committed 11648K, reserved 1048576K
}
Event: 16.556 GC heap before
{Heap before GC invocations=25 (full 0):
 garbage-first heap   total 260096K, used 213640K [0x0000000080000000, 0x0000000100000000)
  region size 1024K, 30 young (30720K), 5 survivors (5120K)
 Metaspace       used 82694K, capacity 85029K, committed 85328K, reserved 1122304K
  class space    used 10794K, capacity 11645K, committed 11776K, reserved 1048576K
}
Event: 16.571 GC heap after
{Heap after GC invocations=26 (full 0):
 garbage-first heap   total 260096K, used 198016K [0x0000000080000000, 0x0000000100000000)
  region size 1024K, 4 young (4096K), 4 survivors (4096K)
 Metaspace       used 82694K, capacity 85029K, committed 85328K, reserved 1122304K
  class space    used 10794K, capacity 11645K, committed 11776K, reserved 1048576K
}
Event: 16.731 GC heap before
{Heap before GC invocations=26 (full 0):
 garbage-first heap   total 260096K, used 215424K [0x0000000080000000, 0x0000000100000000)
  region size 1024K, 22 young (22528K), 4 survivors (4096K)
 Metaspace       used 82997K, capacity 85328K, committed 85584K, reserved 1124352K
  class space    used 10813K, capacity 11657K, committed 11776K, reserved 1048576K
}
Event: 16.743 GC heap after
{Heap after GC invocations=27 (full 0):
 garbage-first heap   total 260096K, used 207813K [0x0000000080000000, 0x0000000100000000)
  region size 1024K, 3 young (3072K), 3 survivors (3072K)
 Metaspace       used 82997K, capacity 85328K, committed 85584K, reserved 1124352K
  class space    used 10813K, capacity 11657K, committed 11776K, reserved 1048576K
}
Event: 16.891 GC heap before
{Heap before GC invocations=27 (full 0):
 garbage-first heap   total 260096K, used 219077K [0x0000000080000000, 0x0000000100000000)
  region size 1024K, 15 young (15360K), 3 survivors (3072K)
 Metaspace       used 83162K, capacity 85506K, committed 85840K, reserved 1124352K
  class space    used 10830K, capacity 11695K, committed 11776K, reserved 1048576K
}
Event: 16.902 GC heap after
{Heap after GC invocations=28 (full 0):
 garbage-first heap   total 260096K, used 214016K [0x0000000080000000, 0x0000000100000000)
  region size 1024K, 2 young (2048K), 2 survivors (2048K)
 Metaspace       used 83162K, capacity 85506K, committed 85840K, reserved 1124352K
  class space    used 10830K, capacity 11695K, committed 11776K, reserved 1048576K
}
Event: 16.989 GC heap before
{Heap before GC invocations=28 (full 0):
 garbage-first heap   total 260096K, used 224256K [0x0000000080000000, 0x0000000100000000)
  region size 1024K, 12 young (12288K), 2 survivors (2048K)
 Metaspace       used 83184K, capacity 85506K, committed 85840K, reserved 1124352K
  class space    used 10831K, capacity 11695K, committed 11776K, reserved 1048576K
}
Event: 16.995 GC heap after
{Heap after GC invocations=29 (full 0):
 garbage-first heap   total 260096K, used 220160K [0x0000000080000000, 0x0000000100000000)
  region size 1024K, 2 young (2048K), 2 survivors (2048K)
 Metaspace       used 83184K, capacity 85506K, committed 85840K, reserved 1124352K
  class space    used 10831K, capacity 11695K, committed 11776K, reserved 1048576K
}
Event: 17.144 GC heap before
{Heap before GC invocations=29 (full 0):
 garbage-first heap   total 260096K, used 230400K [0x0000000080000000, 0x0000000100000000)
  region size 1024K, 12 young (12288K), 2 survivors (2048K)
 Metaspace       used 83355K, capacity 85685K, committed 85840K, reserved 1124352K
  class space    used 10829K, capacity 11688K, committed 11776K, reserved 1048576K
}
Event: 17.154 GC heap after
{Heap after GC invocations=30 (full 0):
 garbage-first heap   total 312320K, used 225876K [0x0000000080000000, 0x0000000100000000)
  region size 1024K, 2 young (2048K), 2 survivors (2048K)
 Metaspace       used 83355K, capacity 85685K, committed 85840K, reserved 1124352K
  class space    used 10829K, capacity 11688K, committed 11776K, reserved 1048576K
}

