# JRE version: OpenJDK Runtime Environment (17.0.10) (build 17.0.10+0--11572160)
# Java VM: OpenJDK 64-Bit Server VM (17.0.10+0--11572160, mixed mode, tiered, compressed oops, compressed class ptrs, g1 gc, windows-amd64)
GC Precious Log:
 CPUs: 4 total, 4 available
 Memory: 16247M
 Large Page Support: Disabled
 NUMA Support: Disabled
 Compressed Oops: Enabled (32-bit)
 Heap Region Size: 1M
 Heap Min Capacity: 8M
 Heap Initial Capacity: 254M
 Heap Max Capacity: 2G
 Pre-touch: Disabled
 Parallel Workers: 4
 Concurrent Workers: 1
 Concurrent Refinement Workers: 4
 Periodic GC: Disabled
Heap:
 garbage-first heap   total 427008K, used 294255K [0x0000000080000000, 0x0000000100000000)
  region size 1024K, 53 young (54272K), 4 survivors (4096K)
 Metaspace       used 166162K, committed 167232K, reserved 1245184K
  class space    used 21732K, committed 22272K, reserved 1048576K
GC Heap History (20 events):
Event: 253.736 GC heap before
{Heap before GC invocations=82 (full 0):
 garbage-first heap   total 357376K, used 289578K [0x0000000080000000, 0x0000000100000000)
  region size 1024K, 61 young (62464K), 3 survivors (3072K)
 Metaspace       used 148692K, committed 149760K, reserved 1179648K
  class space    used 19299K, committed 19840K, reserved 1048576K
}
Event: 253.753 GC heap after
{Heap after GC invocations=83 (full 0):
 garbage-first heap   total 357376K, used 235313K [0x0000000080000000, 0x0000000100000000)
  region size 1024K, 8 young (8192K), 8 survivors (8192K)
 Metaspace       used 148692K, committed 149760K, reserved 1179648K
  class space    used 19299K, committed 19840K, reserved 1048576K
}
Event: 257.410 GC heap before
{Heap before GC invocations=84 (full 0):
 garbage-first heap   total 398336K, used 291633K [0x0000000080000000, 0x0000000100000000)
  region size 1024K, 63 young (64512K), 8 survivors (8192K)
 Metaspace       used 149451K, committed 150528K, reserved 1179648K
  class space    used 19303K, committed 19840K, reserved 1048576K
}
Event: 257.424 GC heap after
{Heap after GC invocations=85 (full 0):
 garbage-first heap   total 398336K, used 237682K [0x0000000080000000, 0x0000000100000000)
  region size 1024K, 3 young (3072K), 3 survivors (3072K)
 Metaspace       used 149451K, committed 150528K, reserved 1179648K
  class space    used 19303K, committed 19840K, reserved 1048576K
}
Event: 257.890 GC heap before
{Heap before GC invocations=85 (full 0):
 garbage-first heap   total 398336K, used 254066K [0x0000000080000000, 0x0000000100000000)
  region size 1024K, 19 young (19456K), 3 survivors (3072K)
 Metaspace       used 149515K, committed 150592K, reserved 1179648K
  class space    used 19303K, committed 19840K, reserved 1048576K
}
Event: 257.899 GC heap after
{Heap after GC invocations=86 (full 0):
 garbage-first heap   total 398336K, used 236214K [0x0000000080000000, 0x0000000100000000)
  region size 1024K, 1 young (1024K), 1 survivors (1024K)
 Metaspace       used 149515K, committed 150592K, reserved 1179648K
  class space    used 19303K, committed 19840K, reserved 1048576K
}
Event: 260.757 GC heap before
{Heap before GC invocations=86 (full 0):
 garbage-first heap   total 398336K, used 323254K [0x0000000080000000, 0x0000000100000000)
  region size 1024K, 86 young (88064K), 1 survivors (1024K)
 Metaspace       used 149990K, committed 151104K, reserved 1245184K
  class space    used 19357K, committed 19904K, reserved 1048576K
}
Event: 260.766 GC heap after
{Heap after GC invocations=87 (full 0):
 garbage-first heap   total 398336K, used 241895K [0x0000000080000000, 0x0000000100000000)
  region size 1024K, 7 young (7168K), 7 survivors (7168K)
 Metaspace       used 149990K, committed 151104K, reserved 1245184K
  class space    used 19357K, committed 19904K, reserved 1048576K
}
Event: 261.464 GC heap before
{Heap before GC invocations=87 (full 0):
 garbage-first heap   total 398336K, used 288999K [0x0000000080000000, 0x0000000100000000)
  region size 1024K, 54 young (55296K), 7 survivors (7168K)
 Metaspace       used 150168K, committed 151296K, reserved 1245184K
  class space    used 19377K, committed 19904K, reserved 1048576K
}
Event: 261.474 GC heap after
{Heap after GC invocations=88 (full 0):
 garbage-first heap   total 398336K, used 241767K [0x0000000080000000, 0x0000000100000000)
  region size 1024K, 6 young (6144K), 6 survivors (6144K)
 Metaspace       used 150168K, committed 151296K, reserved 1245184K
  class space    used 19377K, committed 19904K, reserved 1048576K
}
Event: 263.302 GC heap before
{Heap before GC invocations=89 (full 0):
 garbage-first heap   total 427008K, used 329831K [0x0000000080000000, 0x0000000100000000)
  region size 1024K, 90 young (92160K), 6 survivors (6144K)
 Metaspace       used 151164K, committed 152256K, reserved 1245184K
  class space    used 19525K, committed 20096K, reserved 1048576K
}
Event: 263.312 GC heap after
{Heap after GC invocations=90 (full 0):
 garbage-first heap   total 427008K, used 246378K [0x0000000080000000, 0x0000000100000000)
  region size 1024K, 12 young (12288K), 12 survivors (12288K)
 Metaspace       used 151164K, committed 152256K, reserved 1245184K
  class space    used 19525K, committed 20096K, reserved 1048576K
}
Event: 263.321 GC heap before
{Heap before GC invocations=90 (full 0):
 garbage-first heap   total 427008K, used 254570K [0x0000000080000000, 0x0000000100000000)
  region size 1024K, 20 young (20480K), 12 survivors (12288K)
 Metaspace       used 151164K, committed 152256K, reserved 1245184K
  class space    used 19525K, committed 20096K, reserved 1048576K
}
Event: 263.336 GC heap after
{Heap after GC invocations=91 (full 0):
 garbage-first heap   total 427008K, used 237727K [0x0000000080000000, 0x0000000100000000)
  region size 1024K, 1 young (1024K), 1 survivors (1024K)
 Metaspace       used 151164K, committed 152256K, reserved 1245184K
  class space    used 19525K, committed 20096K, reserved 1048576K
}
Event: 264.427 GC heap before
{Heap before GC invocations=91 (full 0):
 garbage-first heap   total 427008K, used 344223K [0x0000000080000000, 0x0000000100000000)
  region size 1024K, 106 young (108544K), 1 survivors (1024K)
 Metaspace       used 158845K, committed 159936K, reserved 1245184K
  class space    used 20668K, committed 21184K, reserved 1048576K
}
Event: 264.431 GC heap after
{Heap after GC invocations=92 (full 0):
 garbage-first heap   total 427008K, used 239069K [0x0000000080000000, 0x0000000100000000)
  region size 1024K, 3 young (3072K), 3 survivors (3072K)
 Metaspace       used 158845K, committed 159936K, reserved 1245184K
  class space    used 20668K, committed 21184K, reserved 1048576K
}
Event: 266.643 GC heap before
{Heap before GC invocations=92 (full 0):
 garbage-first heap   total 427008K, used 349661K [0x0000000080000000, 0x0000000100000000)
  region size 1024K, 111 young (113664K), 3 survivors (3072K)
 Metaspace       used 165945K, committed 167040K, reserved 1245184K
  class space    used 21710K, committed 22272K, reserved 1048576K
}
Event: 266.648 GC heap after
{Heap after GC invocations=93 (full 0):
 garbage-first heap   total 427008K, used 239708K [0x0000000080000000, 0x0000000100000000)
  region size 1024K, 3 young (3072K), 3 survivors (3072K)
 Metaspace       used 165945K, committed 167040K, reserved 1245184K
  class space    used 21710K, committed 22272K, reserved 1048576K
}
Event: 266.671 GC heap before
{Heap before GC invocations=93 (full 0):
 garbage-first heap   total 427008K, used 241756K [0x0000000080000000, 0x0000000100000000)
  region size 1024K, 6 young (6144K), 3 survivors (3072K)
 Metaspace       used 165945K, committed 167040K, reserved 1245184K
  class space    used 21710K, committed 22272K, reserved 1048576K
}
Event: 266.676 GC heap after
{Heap after GC invocations=94 (full 0):
 garbage-first heap   total 427008K, used 239983K [0x0000000080000000, 0x0000000100000000)
  region size 1024K, 4 young (4096K), 4 survivors (4096K)
 Metaspace       used 165945K, committed 167040K, reserved 1245184K
  class space    used 21710K, committed 22272K, reserved 1048576K
}

