# JRE version: OpenJDK Runtime Environment (8.0_242-b01) (build 1.8.0_242-release-1644-b01)
# Java VM: OpenJDK 64-Bit Server VM (25.242-b01 mixed mode windows-amd64 compressed oops)
Heap:
 PSYoungGen      total 126976K, used 6148K [0x00000000d5580000, 0x00000000e3380000, 0x0000000100000000)
  eden space 115200K, 5% used [0x00000000d5580000,0x00000000d5b813f8,0x00000000dc600000)
  from space 11776K, 0% used [0x00000000dc600000,0x00000000dc600000,0x00000000dd180000)
  to   space 11776K, 0% used [0x00000000e2800000,0x00000000e2800000,0x00000000e3380000)
 ParOldGen       total 122368K, used 15418K [0x0000000080000000, 0x0000000087780000, 0x00000000d5580000)
  object space 122368K, 12% used [0x0000000080000000,0x0000000080f0ea20,0x0000000087780000)
 Metaspace       used 34684K, capacity 35612K, committed 35752K, reserved 1079296K
  class space    used 4754K, capacity 4973K, committed 5040K, reserved 1048576K
GC Heap History (10 events):
Event: 4.847 GC heap before
{Heap before GC invocations=5 (full 1):
 PSYoungGen      total 75776K, used 7455K [0x00000000d5580000, 0x00000000de980000, 0x0000000100000000)
  eden space 65024K, 0% used [0x00000000d5580000,0x00000000d5580000,0x00000000d9500000)
  from space 10752K, 69% used [0x00000000d9f80000,0x00000000da6c7e18,0x00000000daa00000)
  to   space 10752K, 0% used [0x00000000d9500000,0x00000000d9500000,0x00000000d9f80000)
 ParOldGen       total 173568K, used 1215K [0x0000000080000000, 0x000000008a980000, 0x00000000d5580000)
  object space 173568K, 0% used [0x0000000080000000,0x000000008012fc48,0x000000008a980000)
 Metaspace       used 20604K, capacity 21228K, committed 21296K, reserved 1067008K
  class space    used 2885K, capacity 3084K, committed 3120K, reserved 1048576K
Event: 4.881 GC heap after
Heap after GC invocations=5 (full 1):
 PSYoungGen      total 75776K, used 0K [0x00000000d5580000, 0x00000000de980000, 0x0000000100000000)
  eden space 65024K, 0% used [0x00000000d5580000,0x00000000d5580000,0x00000000d9500000)
  from space 10752K, 0% used [0x00000000d9f80000,0x00000000d9f80000,0x00000000daa00000)
  to   space 10752K, 0% used [0x00000000d9500000,0x00000000d9500000,0x00000000d9f80000)
 ParOldGen       total 84992K, used 7353K [0x0000000080000000, 0x0000000085300000, 0x00000000d5580000)
  object space 84992K, 8% used [0x0000000080000000,0x000000008072e408,0x0000000085300000)
 Metaspace       used 20604K, capacity 21228K, committed 21296K, reserved 1067008K
  class space    used 2885K, capacity 3084K, committed 3120K, reserved 1048576K
}
Event: 5.968 GC heap before
{Heap before GC invocations=6 (full 1):
 PSYoungGen      total 75776K, used 64999K [0x00000000d5580000, 0x00000000de980000, 0x0000000100000000)
  eden space 65024K, 99% used [0x00000000d5580000,0x00000000d94f9e18,0x00000000d9500000)
  from space 10752K, 0% used [0x00000000d9f80000,0x00000000d9f80000,0x00000000daa00000)
  to   space 10752K, 0% used [0x00000000d9500000,0x00000000d9500000,0x00000000d9f80000)
 ParOldGen       total 84992K, used 7353K [0x0000000080000000, 0x0000000085300000, 0x00000000d5580000)
  object space 84992K, 8% used [0x0000000080000000,0x000000008072e408,0x0000000085300000)
 Metaspace       used 28248K, capacity 28916K, committed 29232K, reserved 1075200K
  class space    used 3894K, capacity 4127K, committed 4144K, reserved 1048576K
Event: 5.973 GC heap after
Heap after GC invocations=6 (full 1):
 PSYoungGen      total 75776K, used 8200K [0x00000000d5580000, 0x00000000ddf80000, 0x0000000100000000)
  eden space 65024K, 0% used [0x00000000d5580000,0x00000000d5580000,0x00000000d9500000)
  from space 10752K, 76% used [0x00000000d9500000,0x00000000d9d023e8,0x00000000d9f80000)
  to   space 12288K, 0% used [0x00000000dd380000,0x00000000dd380000,0x00000000ddf80000)
 ParOldGen       total 84992K, used 7361K [0x0000000080000000, 0x0000000085300000, 0x00000000d5580000)
  object space 84992K, 8% used [0x0000000080000000,0x0000000080730408,0x0000000085300000)
 Metaspace       used 28248K, capacity 28916K, committed 29232K, reserved 1075200K
  class space    used 3894K, capacity 4127K, committed 4144K, reserved 1048576K
}
Event: 6.826 GC heap before
{Heap before GC invocations=7 (full 1):
 PSYoungGen      total 75776K, used 73224K [0x00000000d5580000, 0x00000000ddf80000, 0x0000000100000000)
  eden space 65024K, 100% used [0x00000000d5580000,0x00000000d9500000,0x00000000d9500000)
  from space 10752K, 76% used [0x00000000d9500000,0x00000000d9d023e8,0x00000000d9f80000)
  to   space 12288K, 0% used [0x00000000dd380000,0x00000000dd380000,0x00000000ddf80000)
 ParOldGen       total 84992K, used 7361K [0x0000000080000000, 0x0000000085300000, 0x00000000d5580000)
  object space 84992K, 8% used [0x0000000080000000,0x0000000080730408,0x0000000085300000)
 Metaspace       used 32331K, capacity 33184K, committed 33456K, reserved 1077248K
  class space    used 4410K, capacity 4673K, committed 4784K, reserved 1048576K
Event: 6.838 GC heap after
Heap after GC invocations=7 (full 1):
 PSYoungGen      total 124928K, used 8580K [0x00000000d5580000, 0x00000000ddd00000, 0x0000000100000000)
  eden space 115200K, 0% used [0x00000000d5580000,0x00000000d5580000,0x00000000dc600000)
  from space 9728K, 88% used [0x00000000dd380000,0x00000000ddbe11d0,0x00000000ddd00000)
  to   space 11776K, 0% used [0x00000000dc600000,0x00000000dc600000,0x00000000dd180000)
 ParOldGen       total 84992K, used 7369K [0x0000000080000000, 0x0000000085300000, 0x00000000d5580000)
  object space 84992K, 8% used [0x0000000080000000,0x0000000080732408,0x0000000085300000)
 Metaspace       used 32331K, capacity 33184K, committed 33456K, reserved 1077248K
  class space    used 4410K, capacity 4673K, committed 4784K, reserved 1048576K
}
Event: 7.377 GC heap before
{Heap before GC invocations=8 (full 1):
 PSYoungGen      total 124928K, used 56936K [0x00000000d5580000, 0x00000000ddd00000, 0x0000000100000000)
  eden space 115200K, 41% used [0x00000000d5580000,0x00000000d84b8fc0,0x00000000dc600000)
  from space 9728K, 88% used [0x00000000dd380000,0x00000000ddbe11d0,0x00000000ddd00000)
  to   space 11776K, 0% used [0x00000000dc600000,0x00000000dc600000,0x00000000dd180000)
 ParOldGen       total 84992K, used 7369K [0x0000000080000000, 0x0000000085300000, 0x00000000d5580000)
  object space 84992K, 8% used [0x0000000080000000,0x0000000080732408,0x0000000085300000)
 Metaspace       used 34545K, capacity 35400K, committed 35496K, reserved 1079296K
  class space    used 4737K, capacity 4971K, committed 5040K, reserved 1048576K
Event: 7.388 GC heap after
Heap after GC invocations=8 (full 1):
 PSYoungGen      total 126976K, used 8784K [0x00000000d5580000, 0x00000000e3380000, 0x0000000100000000)
  eden space 115200K, 0% used [0x00000000d5580000,0x00000000d5580000,0x00000000dc600000)
  from space 11776K, 74% used [0x00000000dc600000,0x00000000dce94278,0x00000000dd180000)
  to   space 11776K, 0% used [0x00000000e2800000,0x00000000e2800000,0x00000000e3380000)
 ParOldGen       total 84992K, used 7377K [0x0000000080000000, 0x0000000085300000, 0x00000000d5580000)
  object space 84992K, 8% used [0x0000000080000000,0x0000000080734408,0x0000000085300000)
 Metaspace       used 34545K, capacity 35400K, committed 35496K, reserved 1079296K
  class space    used 4737K, capacity 4971K, committed 5040K, reserved 1048576K
}
Event: 7.388 GC heap before
{Heap before GC invocations=9 (full 2):
 PSYoungGen      total 126976K, used 8784K [0x00000000d5580000, 0x00000000e3380000, 0x0000000100000000)
  eden space 115200K, 0% used [0x00000000d5580000,0x00000000d5580000,0x00000000dc600000)
  from space 11776K, 74% used [0x00000000dc600000,0x00000000dce94278,0x00000000dd180000)
  to   space 11776K, 0% used [0x00000000e2800000,0x00000000e2800000,0x00000000e3380000)
 ParOldGen       total 84992K, used 7377K [0x0000000080000000, 0x0000000085300000, 0x00000000d5580000)
  object space 84992K, 8% used [0x0000000080000000,0x0000000080734408,0x0000000085300000)
 Metaspace       used 34545K, capacity 35400K, committed 35496K, reserved 1079296K
  class space    used 4737K, capacity 4971K, committed 5040K, reserved 1048576K
Event: 7.445 GC heap after
Heap after GC invocations=9 (full 2):
 PSYoungGen      total 126976K, used 0K [0x00000000d5580000, 0x00000000e3380000, 0x0000000100000000)
  eden space 115200K, 0% used [0x00000000d5580000,0x00000000d5580000,0x00000000dc600000)
  from space 11776K, 0% used [0x00000000dc600000,0x00000000dc600000,0x00000000dd180000)
  to   space 11776K, 0% used [0x00000000e2800000,0x00000000e2800000,0x00000000e3380000)
 ParOldGen       total 122368K, used 15418K [0x0000000080000000, 0x0000000087780000, 0x00000000d5580000)
  object space 122368K, 12% used [0x0000000080000000,0x0000000080f0ea20,0x0000000087780000)
 Metaspace       used 34545K, capacity 35400K, committed 35496K, reserved 1079296K
  class space    used 4737K, capacity 4971K, committed 5040K, reserved 1048576K
}

