# JRE version: OpenJDK Runtime Environment (17.0.10) (build 17.0.10+0--11572160)
# Java VM: OpenJDK 64-Bit Server VM (17.0.10+0--11572160, mixed mode, tiered, compressed oops, compressed class ptrs, g1 gc, windows-amd64)
GC Precious Log:
 CPUs: 4 total, 4 available
 Memory: 16247M
 Large Page Support: Disabled
 NUMA Support: Disabled
 Compressed Oops: Enabled (32-bit)
 Heap Region Size: 1M
 Heap Min Capacity: 8M
 Heap Initial Capacity: 254M
 Heap Max Capacity: 2G
 Pre-touch: Disabled
 Parallel Workers: 4
 Concurrent Workers: 1
 Concurrent Refinement Workers: 4
 Periodic GC: Disabled
Heap:
 garbage-first heap   total 271360K, used 178525K [0x0000000080000000, 0x0000000100000000)
  region size 1024K, 8 young (8192K), 8 survivors (8192K)
 Metaspace       used 107761K, committed 108480K, reserved 1179648K
  class space    used 14944K, committed 15296K, reserved 1048576K
GC Heap History (20 events):
Event: 20.677 GC heap after
{Heap after GC invocations=48 (full 0):
 garbage-first heap   total 262144K, used 108218K [0x0000000080000000, 0x0000000100000000)
  region size 1024K, 2 young (2048K), 2 survivors (2048K)
 Metaspace       used 94849K, committed 95616K, reserved 1179648K
  class space    used 12862K, committed 13248K, reserved 1048576K
}
Event: 21.759 GC heap before
{Heap before GC invocations=48 (full 0):
 garbage-first heap   total 262144K, used 202426K [0x0000000080000000, 0x0000000100000000)
  region size 1024K, 95 young (97280K), 2 survivors (2048K)
 Metaspace       used 94946K, committed 95680K, reserved 1179648K
  class space    used 12869K, committed 13248K, reserved 1048576K
}
Event: 21.765 GC heap after
{Heap after GC invocations=49 (full 0):
 garbage-first heap   total 262144K, used 113002K [0x0000000080000000, 0x0000000100000000)
  region size 1024K, 7 young (7168K), 7 survivors (7168K)
 Metaspace       used 94946K, committed 95680K, reserved 1179648K
  class space    used 12869K, committed 13248K, reserved 1048576K
}
Event: 22.793 GC heap before
{Heap before GC invocations=49 (full 0):
 garbage-first heap   total 262144K, used 204138K [0x0000000080000000, 0x0000000100000000)
  region size 1024K, 98 young (100352K), 7 survivors (7168K)
 Metaspace       used 94999K, committed 95744K, reserved 1179648K
  class space    used 12874K, committed 13248K, reserved 1048576K
}
Event: 22.802 GC heap after
{Heap after GC invocations=50 (full 0):
 garbage-first heap   total 262144K, used 115937K [0x0000000080000000, 0x0000000100000000)
  region size 1024K, 9 young (9216K), 9 survivors (9216K)
 Metaspace       used 94999K, committed 95744K, reserved 1179648K
  class space    used 12874K, committed 13248K, reserved 1048576K
}
Event: 23.500 GC heap before
{Heap before GC invocations=51 (full 0):
 garbage-first heap   total 262144K, used 215265K [0x0000000080000000, 0x0000000100000000)
  region size 1024K, 102 young (104448K), 9 survivors (9216K)
 Metaspace       used 95508K, committed 96256K, reserved 1179648K
  class space    used 12972K, committed 13312K, reserved 1048576K
}
Event: 23.515 GC heap after
{Heap after GC invocations=52 (full 0):
 garbage-first heap   total 262144K, used 124364K [0x0000000080000000, 0x0000000100000000)
  region size 1024K, 13 young (13312K), 13 survivors (13312K)
 Metaspace       used 95508K, committed 96256K, reserved 1179648K
  class space    used 12972K, committed 13312K, reserved 1048576K
}
Event: 23.518 GC heap before
{Heap before GC invocations=52 (full 0):
 garbage-first heap   total 262144K, used 125388K [0x0000000080000000, 0x0000000100000000)
  region size 1024K, 14 young (14336K), 13 survivors (13312K)
 Metaspace       used 95508K, committed 96256K, reserved 1179648K
  class space    used 12972K, committed 13312K, reserved 1048576K
}
Event: 23.527 GC heap after
{Heap after GC invocations=53 (full 0):
 garbage-first heap   total 262144K, used 124202K [0x0000000080000000, 0x0000000100000000)
  region size 1024K, 2 young (2048K), 2 survivors (2048K)
 Metaspace       used 95508K, committed 96256K, reserved 1179648K
  class space    used 12972K, committed 13312K, reserved 1048576K
}
Event: 24.694 GC heap before
{Heap before GC invocations=53 (full 0):
 garbage-first heap   total 262144K, used 219434K [0x0000000080000000, 0x0000000100000000)
  region size 1024K, 88 young (90112K), 2 survivors (2048K)
 Metaspace       used 100460K, committed 101184K, reserved 1179648K
  class space    used 13804K, committed 14144K, reserved 1048576K
}
Event: 24.708 GC heap after
{Heap after GC invocations=54 (full 0):
 garbage-first heap   total 262144K, used 139606K [0x0000000080000000, 0x0000000100000000)
  region size 1024K, 11 young (11264K), 11 survivors (11264K)
 Metaspace       used 100460K, committed 101184K, reserved 1179648K
  class space    used 13804K, committed 14144K, reserved 1048576K
}
Event: 25.804 GC heap before
{Heap before GC invocations=54 (full 0):
 garbage-first heap   total 262144K, used 211286K [0x0000000080000000, 0x0000000100000000)
  region size 1024K, 82 young (83968K), 11 survivors (11264K)
 Metaspace       used 107067K, committed 107840K, reserved 1179648K
  class space    used 14876K, committed 15232K, reserved 1048576K
}
Event: 25.820 GC heap after
{Heap after GC invocations=55 (full 0):
 garbage-first heap   total 262144K, used 148310K [0x0000000080000000, 0x0000000100000000)
  region size 1024K, 11 young (11264K), 11 survivors (11264K)
 Metaspace       used 107067K, committed 107840K, reserved 1179648K
  class space    used 14876K, committed 15232K, reserved 1048576K
}
Event: 25.839 GC heap before
{Heap before GC invocations=55 (full 0):
 garbage-first heap   total 262144K, used 149334K [0x0000000080000000, 0x0000000100000000)
  region size 1024K, 14 young (14336K), 11 survivors (11264K)
 Metaspace       used 107140K, committed 107904K, reserved 1179648K
  class space    used 14879K, committed 15232K, reserved 1048576K
}
Event: 25.848 GC heap after
{Heap after GC invocations=56 (full 0):
 garbage-first heap   total 262144K, used 151015K [0x0000000080000000, 0x0000000100000000)
  region size 1024K, 3 young (3072K), 3 survivors (3072K)
 Metaspace       used 107140K, committed 107904K, reserved 1179648K
  class space    used 14879K, committed 15232K, reserved 1048576K
}
Event: 27.062 GC heap before
{Heap before GC invocations=57 (full 0):
 garbage-first heap   total 271360K, used 217575K [0x0000000080000000, 0x0000000100000000)
  region size 1024K, 63 young (64512K), 3 survivors (3072K)
 Metaspace       used 107724K, committed 108480K, reserved 1179648K
  class space    used 14942K, committed 15296K, reserved 1048576K
}
Event: 27.069 GC heap after
{Heap after GC invocations=58 (full 0):
 garbage-first heap   total 271360K, used 159975K [0x0000000080000000, 0x0000000100000000)
  region size 1024K, 7 young (7168K), 7 survivors (7168K)
 Metaspace       used 107724K, committed 108480K, reserved 1179648K
  class space    used 14942K, committed 15296K, reserved 1048576K
}
Event: 27.205 GC heap before
{Heap before GC invocations=58 (full 0):
 garbage-first heap   total 271360K, used 165095K [0x0000000080000000, 0x0000000100000000)
  region size 1024K, 13 young (13312K), 7 survivors (7168K)
 Metaspace       used 107749K, committed 108480K, reserved 1179648K
  class space    used 14944K, committed 15296K, reserved 1048576K
}
Event: 27.212 GC heap after
{Heap after GC invocations=59 (full 0):
 garbage-first heap   total 271360K, used 157871K [0x0000000080000000, 0x0000000100000000)
  region size 1024K, 2 young (2048K), 2 survivors (2048K)
 Metaspace       used 107749K, committed 108480K, reserved 1179648K
  class space    used 14944K, committed 15296K, reserved 1048576K
}
Event: 28.707 GC heap before
{Heap before GC invocations=59 (full 0):
 garbage-first heap   total 271360K, used 220335K [0x0000000080000000, 0x0000000100000000)
  region size 1024K, 63 young (64512K), 2 survivors (2048K)
 Metaspace       used 107761K, committed 108480K, reserved 1179648K
  class space    used 14944K, committed 15296K, reserved 1048576K
}

