# JRE version: OpenJDK Runtime Environment (17.0.6) (build 17.0.6+0-b2043.56-10027231)
# Java VM: OpenJDK 64-Bit Server VM (17.0.6+0-b2043.56-10027231, mixed mode, tiered, compressed oops, compressed class ptrs, g1 gc, windows-amd64)
GC Precious Log:
 CPUs: 4 total, 4 available
 Memory: 16247M
 Large Page Support: Disabled
 NUMA Support: Disabled
 Compressed Oops: Enabled (32-bit)
 Heap Region Size: 1M
 Heap Min Capacity: 8M
 Heap Initial Capacity: 254M
 Heap Max Capacity: 2G
 Pre-touch: Disabled
 Parallel Workers: 4
 Concurrent Workers: 1
 Concurrent Refinement Workers: 4
 Periodic GC: Disabled
Heap:
 garbage-first heap   total 386048K, used 207325K [0x0000000080000000, 0x0000000100000000)
  region size 1024K, 8 young (8192K), 8 survivors (8192K)
 Metaspace       used 112844K, committed 113664K, reserved 1155072K
  class space    used 14932K, committed 15296K, reserved 1048576K
GC Heap History (20 events):
Event: 19.913 GC heap after
{Heap after GC invocations=36 (full 0):
 garbage-first heap   total 260096K, used 122535K [0x0000000080000000, 0x0000000100000000)
  region size 1024K, 11 young (11264K), 11 survivors (11264K)
 Metaspace       used 98269K, committed 99072K, reserved 1138688K
  class space    used 13326K, committed 13696K, reserved 1048576K
}
Event: 58.608 GC heap before
{Heap before GC invocations=36 (full 0):
 garbage-first heap   total 260096K, used 210599K [0x0000000080000000, 0x0000000100000000)
  region size 1024K, 98 young (100352K), 11 survivors (11264K)
 Metaspace       used 103716K, committed 104512K, reserved 1146880K
  class space    used 13841K, committed 14208K, reserved 1048576K
}
Event: 58.622 GC heap after
{Heap after GC invocations=37 (full 0):
 garbage-first heap   total 260096K, used 129393K [0x0000000080000000, 0x0000000100000000)
  region size 1024K, 13 young (13312K), 13 survivors (13312K)
 Metaspace       used 103716K, committed 104512K, reserved 1146880K
  class space    used 13841K, committed 14208K, reserved 1048576K
}
Event: 61.163 GC heap before
{Heap before GC invocations=37 (full 0):
 garbage-first heap   total 260096K, used 211313K [0x0000000080000000, 0x0000000100000000)
  region size 1024K, 94 young (96256K), 13 survivors (13312K)
 Metaspace       used 104675K, committed 105600K, reserved 1146880K
  class space    used 13948K, committed 14400K, reserved 1048576K
}
Event: 61.184 GC heap after
{Heap after GC invocations=38 (full 0):
 garbage-first heap   total 260096K, used 138695K [0x0000000080000000, 0x0000000100000000)
  region size 1024K, 12 young (12288K), 12 survivors (12288K)
 Metaspace       used 104675K, committed 105600K, reserved 1146880K
  class space    used 13948K, committed 14400K, reserved 1048576K
}
Event: 61.549 GC heap before
{Heap before GC invocations=38 (full 0):
 garbage-first heap   total 260096K, used 210375K [0x0000000080000000, 0x0000000100000000)
  region size 1024K, 83 young (84992K), 12 survivors (12288K)
 Metaspace       used 105085K, committed 105984K, reserved 1146880K
  class space    used 13978K, committed 14400K, reserved 1048576K
}
Event: 61.567 GC heap after
{Heap after GC invocations=39 (full 0):
 garbage-first heap   total 260096K, used 145701K [0x0000000080000000, 0x0000000100000000)
  region size 1024K, 7 young (7168K), 7 survivors (7168K)
 Metaspace       used 105085K, committed 105984K, reserved 1146880K
  class space    used 13978K, committed 14400K, reserved 1048576K
}
Event: 62.297 GC heap before
{Heap before GC invocations=39 (full 0):
 garbage-first heap   total 260096K, used 211237K [0x0000000080000000, 0x0000000100000000)
  region size 1024K, 72 young (73728K), 7 survivors (7168K)
 Metaspace       used 105332K, committed 106240K, reserved 1146880K
  class space    used 14018K, committed 14464K, reserved 1048576K
}
Event: 62.307 GC heap after
{Heap after GC invocations=40 (full 0):
 garbage-first heap   total 260096K, used 149713K [0x0000000080000000, 0x0000000100000000)
  region size 1024K, 4 young (4096K), 4 survivors (4096K)
 Metaspace       used 105332K, committed 106240K, reserved 1146880K
  class space    used 14018K, committed 14464K, reserved 1048576K
}
Event: 66.022 GC heap before
{Heap before GC invocations=40 (full 0):
 garbage-first heap   total 260096K, used 214225K [0x0000000080000000, 0x0000000100000000)
  region size 1024K, 68 young (69632K), 4 survivors (4096K)
 Metaspace       used 105916K, committed 106816K, reserved 1146880K
  class space    used 14083K, committed 14528K, reserved 1048576K
}
Event: 66.035 GC heap after
{Heap after GC invocations=41 (full 0):
 garbage-first heap   total 260096K, used 159070K [0x0000000080000000, 0x0000000100000000)
  region size 1024K, 9 young (9216K), 9 survivors (9216K)
 Metaspace       used 105916K, committed 106816K, reserved 1146880K
  class space    used 14083K, committed 14528K, reserved 1048576K
}
Event: 72.933 GC heap before
{Heap before GC invocations=41 (full 0):
 garbage-first heap   total 260096K, used 210270K [0x0000000080000000, 0x0000000100000000)
  region size 1024K, 61 young (62464K), 9 survivors (9216K)
 Metaspace       used 108849K, committed 109696K, reserved 1146880K
  class space    used 14502K, committed 14912K, reserved 1048576K
}
Event: 72.946 GC heap after
{Heap after GC invocations=42 (full 0):
 garbage-first heap   total 260096K, used 167622K [0x0000000080000000, 0x0000000100000000)
  region size 1024K, 8 young (8192K), 8 survivors (8192K)
 Metaspace       used 108849K, committed 109696K, reserved 1146880K
  class space    used 14502K, committed 14912K, reserved 1048576K
}
Event: 73.549 GC heap before
{Heap before GC invocations=43 (full 0):
 garbage-first heap   total 309248K, used 214726K [0x0000000080000000, 0x0000000100000000)
  region size 1024K, 56 young (57344K), 8 survivors (8192K)
 Metaspace       used 112785K, committed 113600K, reserved 1155072K
  class space    used 14925K, committed 15296K, reserved 1048576K
}
Event: 73.562 GC heap after
{Heap after GC invocations=44 (full 0):
 garbage-first heap   total 309248K, used 175877K [0x0000000080000000, 0x0000000100000000)
  region size 1024K, 7 young (7168K), 7 survivors (7168K)
 Metaspace       used 112785K, committed 113600K, reserved 1155072K
  class space    used 14925K, committed 15296K, reserved 1048576K
}
Event: 73.602 GC heap before
{Heap before GC invocations=44 (full 0):
 garbage-first heap   total 309248K, used 183045K [0x0000000080000000, 0x0000000100000000)
  region size 1024K, 15 young (15360K), 7 survivors (7168K)
 Metaspace       used 112808K, committed 113600K, reserved 1155072K
  class space    used 14930K, committed 15296K, reserved 1048576K
}
Event: 73.626 GC heap after
{Heap after GC invocations=45 (full 0):
 garbage-first heap   total 309248K, used 172940K [0x0000000080000000, 0x0000000100000000)
  region size 1024K, 2 young (2048K), 2 survivors (2048K)
 Metaspace       used 112808K, committed 113600K, reserved 1155072K
  class space    used 14930K, committed 15296K, reserved 1048576K
}
Event: 73.902 GC heap before
{Heap before GC invocations=45 (full 0):
 garbage-first heap   total 309248K, used 249740K [0x0000000080000000, 0x0000000100000000)
  region size 1024K, 70 young (71680K), 2 survivors (2048K)
 Metaspace       used 112826K, committed 113664K, reserved 1155072K
  class space    used 14930K, committed 15296K, reserved 1048576K
}
Event: 73.917 GC heap after
{Heap after GC invocations=46 (full 0):
 garbage-first heap   total 309248K, used 193535K [0x0000000080000000, 0x0000000100000000)
  region size 1024K, 9 young (9216K), 9 survivors (9216K)
 Metaspace       used 112826K, committed 113664K, reserved 1155072K
  class space    used 14930K, committed 15296K, reserved 1048576K
}
Event: 74.269 GC heap before
{Heap before GC invocations=46 (full 0):
 garbage-first heap   total 386048K, used 252927K [0x0000000080000000, 0x0000000100000000)
  region size 1024K, 59 young (60416K), 9 survivors (9216K)
 Metaspace       used 112844K, committed 113664K, reserved 1155072K
  class space    used 14932K, committed 15296K, reserved 1048576K
}

