# JRE version: OpenJDK Runtime Environment (17.0.6) (build 17.0.6+0-b2043.56-10027231)
# Java VM: OpenJDK 64-Bit Server VM (17.0.6+0-b2043.56-10027231, mixed mode, tiered, compressed oops, compressed class ptrs, g1 gc, windows-amd64)
GC Precious Log:
 CPUs: 4 total, 4 available
 Memory: 16247M
 Large Page Support: Disabled
 NUMA Support: Disabled
 Compressed Oops: Enabled (32-bit)
 Heap Region Size: 1M
 Heap Min Capacity: 8M
 Heap Initial Capacity: 254M
 Heap Max Capacity: 2G
 Pre-touch: Disabled
 Parallel Workers: 4
 Concurrent Workers: 1
 Concurrent Refinement Workers: 4
 Periodic GC: Disabled
Heap:
 garbage-first heap   total 217088K, used 109808K [0x0000000080000000, 0x0000000100000000)
  region size 1024K, 6 young (6144K), 6 survivors (6144K)
 Metaspace       used 97460K, committed 98304K, reserved 1138688K
  class space    used 12928K, committed 13312K, reserved 1048576K
GC Heap History (20 events):
Event: 15.822 GC heap after
{Heap after GC invocations=37 (full 0):
 garbage-first heap   total 205824K, used 96437K [0x0000000080000000, 0x0000000100000000)
  region size 1024K, 1 young (1024K), 1 survivors (1024K)
 Metaspace       used 90460K, committed 91200K, reserved 1130496K
  class space    used 12209K, committed 12544K, reserved 1048576K
}
Event: 16.171 GC heap before
{Heap before GC invocations=37 (full 0):
 garbage-first heap   total 205824K, used 114869K [0x0000000080000000, 0x0000000100000000)
  region size 1024K, 21 young (21504K), 1 survivors (1024K)
 Metaspace       used 90787K, committed 91584K, reserved 1130496K
  class space    used 12257K, committed 12608K, reserved 1048576K
}
Event: 16.175 GC heap after
{Heap after GC invocations=38 (full 0):
 garbage-first heap   total 205824K, used 96437K [0x0000000080000000, 0x0000000100000000)
  region size 1024K, 2 young (2048K), 2 survivors (2048K)
 Metaspace       used 90787K, committed 91584K, reserved 1130496K
  class space    used 12257K, committed 12608K, reserved 1048576K
}
Event: 17.307 GC heap before
{Heap before GC invocations=39 (full 0):
 garbage-first heap   total 205824K, used 180405K [0x0000000080000000, 0x0000000100000000)
  region size 1024K, 66 young (67584K), 2 survivors (2048K)
 Metaspace       used 94008K, committed 94720K, reserved 1138688K
  class space    used 12630K, committed 12928K, reserved 1048576K
}
Event: 17.312 GC heap after
{Heap after GC invocations=40 (full 0):
 garbage-first heap   total 205824K, used 97095K [0x0000000080000000, 0x0000000100000000)
  region size 1024K, 3 young (3072K), 3 survivors (3072K)
 Metaspace       used 94008K, committed 94720K, reserved 1138688K
  class space    used 12630K, committed 12928K, reserved 1048576K
}
Event: 17.424 GC heap before
{Heap before GC invocations=40 (full 0):
 garbage-first heap   total 205824K, used 103239K [0x0000000080000000, 0x0000000100000000)
  region size 1024K, 10 young (10240K), 3 survivors (3072K)
 Metaspace       used 94840K, committed 95616K, reserved 1138688K
  class space    used 12708K, committed 13056K, reserved 1048576K
}
Event: 17.429 GC heap after
{Heap after GC invocations=41 (full 0):
 garbage-first heap   total 205824K, used 96961K [0x0000000080000000, 0x0000000100000000)
  region size 1024K, 2 young (2048K), 2 survivors (2048K)
 Metaspace       used 94840K, committed 95616K, reserved 1138688K
  class space    used 12708K, committed 13056K, reserved 1048576K
}
Event: 17.564 GC heap before
{Heap before GC invocations=41 (full 0):
 garbage-first heap   total 205824K, used 104129K [0x0000000080000000, 0x0000000100000000)
  region size 1024K, 10 young (10240K), 2 survivors (2048K)
 Metaspace       used 95459K, committed 96256K, reserved 1138688K
  class space    used 12756K, committed 13120K, reserved 1048576K
}
Event: 17.566 GC heap after
{Heap after GC invocations=42 (full 0):
 garbage-first heap   total 205824K, used 96967K [0x0000000080000000, 0x0000000100000000)
  region size 1024K, 2 young (2048K), 2 survivors (2048K)
 Metaspace       used 95459K, committed 96256K, reserved 1138688K
  class space    used 12756K, committed 13120K, reserved 1048576K
}
Event: 18.741 GC heap before
{Heap before GC invocations=43 (full 0):
 garbage-first heap   total 205824K, used 168647K [0x0000000080000000, 0x0000000100000000)
  region size 1024K, 71 young (72704K), 2 survivors (2048K)
 Metaspace       used 96388K, committed 97216K, reserved 1138688K
  class space    used 12851K, committed 13248K, reserved 1048576K
}
Event: 18.748 GC heap after
{Heap after GC invocations=44 (full 0):
 garbage-first heap   total 205824K, used 100133K [0x0000000080000000, 0x0000000100000000)
  region size 1024K, 5 young (5120K), 5 survivors (5120K)
 Metaspace       used 96388K, committed 97216K, reserved 1138688K
  class space    used 12851K, committed 13248K, reserved 1048576K
}
Event: 18.829 GC heap before
{Heap before GC invocations=44 (full 0):
 garbage-first heap   total 205824K, used 104229K [0x0000000080000000, 0x0000000100000000)
  region size 1024K, 10 young (10240K), 5 survivors (5120K)
 Metaspace       used 96397K, committed 97216K, reserved 1138688K
  class space    used 12851K, committed 13248K, reserved 1048576K
}
Event: 18.837 GC heap after
{Heap after GC invocations=45 (full 0):
 garbage-first heap   total 205824K, used 100595K [0x0000000080000000, 0x0000000100000000)
  region size 1024K, 1 young (1024K), 1 survivors (1024K)
 Metaspace       used 96397K, committed 97216K, reserved 1138688K
  class space    used 12851K, committed 13248K, reserved 1048576K
}
Event: 19.751 GC heap before
{Heap before GC invocations=45 (full 0):
 garbage-first heap   total 205824K, used 168179K [0x0000000080000000, 0x0000000100000000)
  region size 1024K, 68 young (69632K), 1 survivors (1024K)
 Metaspace       used 96588K, committed 97408K, reserved 1138688K
  class space    used 12856K, committed 13248K, reserved 1048576K
}
Event: 19.756 GC heap after
{Heap after GC invocations=46 (full 0):
 garbage-first heap   total 205824K, used 102883K [0x0000000080000000, 0x0000000100000000)
  region size 1024K, 3 young (3072K), 3 survivors (3072K)
 Metaspace       used 96588K, committed 97408K, reserved 1138688K
  class space    used 12856K, committed 13248K, reserved 1048576K
}
Event: 20.887 GC heap before
{Heap before GC invocations=47 (full 0):
 garbage-first heap   total 205824K, used 170467K [0x0000000080000000, 0x0000000100000000)
  region size 1024K, 70 young (71680K), 3 survivors (3072K)
 Metaspace       used 96731K, committed 97536K, reserved 1138688K
  class space    used 12862K, committed 13248K, reserved 1048576K
}
Event: 20.893 GC heap after
{Heap after GC invocations=48 (full 0):
 garbage-first heap   total 205824K, used 105084K [0x0000000080000000, 0x0000000100000000)
  region size 1024K, 6 young (6144K), 6 survivors (6144K)
 Metaspace       used 96731K, committed 97536K, reserved 1138688K
  class space    used 12862K, committed 13248K, reserved 1048576K
}
Event: 20.924 GC heap before
{Heap before GC invocations=48 (full 0):
 garbage-first heap   total 205824K, used 108156K [0x0000000080000000, 0x0000000100000000)
  region size 1024K, 10 young (10240K), 6 survivors (6144K)
 Metaspace       used 96740K, committed 97536K, reserved 1138688K
  class space    used 12862K, committed 13248K, reserved 1048576K
}
Event: 20.929 GC heap after
{Heap after GC invocations=49 (full 0):
 garbage-first heap   total 205824K, used 105317K [0x0000000080000000, 0x0000000100000000)
  region size 1024K, 1 young (1024K), 1 survivors (1024K)
 Metaspace       used 96740K, committed 97536K, reserved 1138688K
  class space    used 12862K, committed 13248K, reserved 1048576K
}
Event: 21.706 GC heap before
{Heap before GC invocations=49 (full 0):
 garbage-first heap   total 205824K, used 171877K [0x0000000080000000, 0x0000000100000000)
  region size 1024K, 67 young (68608K), 1 survivors (1024K)
 Metaspace       used 97460K, committed 98304K, reserved 1138688K
  class space    used 12928K, committed 13312K, reserved 1048576K
}

