# JRE version: OpenJDK Runtime Environment (8.0_242-b01) (build 1.8.0_242-release-1644-b01)
# Java VM: OpenJDK 64-Bit Server VM (25.242-b01 mixed mode windows-amd64 compressed oops)
Heap:
 PSYoungGen      total 607744K, used 372367K [0x00000000d5580000, 0x0000000100000000, 0x0000000100000000)
  eden space 536064K, 56% used [0x00000000d5580000,0x00000000e7dce3d8,0x00000000f6100000)
  from space 71680K, 96% used [0x00000000fb400000,0x00000000ff755938,0x00000000ffa00000)
  to   space 81408K, 0% used [0x00000000f6100000,0x00000000f6100000,0x00000000fb080000)
 ParOldGen       total 364544K, used 129004K [0x0000000080000000, 0x0000000096400000, 0x00000000d5580000)
  object space 364544K, 35% used [0x0000000080000000,0x0000000087dfb080,0x0000000096400000)
 Metaspace       used 164525K, capacity 174050K, committed 174256K, reserved 1200128K
  class space    used 21295K, capacity 23124K, committed 23216K, reserved 1048576K
GC Heap History (10 events):
Event: 396.580 GC heap before
{Heap before GC invocations=25 (full 5):
 PSYoungGen      total 619008K, used 47479K [0x00000000d5580000, 0x0000000100000000, 0x0000000100000000)
  eden space 540160K, 0% used [0x00000000d5580000,0x00000000d5580000,0x00000000f6500000)
  from space 78848K, 60% used [0x00000000fb300000,0x00000000fe15de78,0x0000000100000000)
  to   space 79360K, 0% used [0x00000000f6500000,0x00000000f6500000,0x00000000fb280000)
 ParOldGen       total 264704K, used 151948K [0x0000000080000000, 0x0000000090280000, 0x00000000d5580000)
  object space 264704K, 57% used [0x0000000080000000,0x0000000089463098,0x0000000090280000)
 Metaspace       used 155826K, capacity 164198K, committed 164336K, reserved 1191936K
  class space    used 20375K, capacity 22036K, committed 22064K, reserved 1048576K
Event: 396.916 GC heap after
Heap after GC invocations=25 (full 5):
 PSYoungGen      total 619008K, used 0K [0x00000000d5580000, 0x0000000100000000, 0x0000000100000000)
  eden space 540160K, 0% used [0x00000000d5580000,0x00000000d5580000,0x00000000f6500000)
  from space 78848K, 0% used [0x00000000fb300000,0x00000000fb300000,0x0000000100000000)
  to   space 79360K, 0% used [0x00000000f6500000,0x00000000f6500000,0x00000000fb280000)
 ParOldGen       total 364544K, used 128972K [0x0000000080000000, 0x0000000096400000, 0x00000000d5580000)
  object space 364544K, 35% used [0x0000000080000000,0x0000000087df3080,0x0000000096400000)
 Metaspace       used 155773K, capacity 164070K, committed 164336K, reserved 1191936K
  class space    used 20361K, capacity 22020K, committed 22064K, reserved 1048576K
}
Event: 522.653 GC heap before
{Heap before GC invocations=26 (full 5):
 PSYoungGen      total 619008K, used 540160K [0x00000000d5580000, 0x0000000100000000, 0x0000000100000000)
  eden space 540160K, 100% used [0x00000000d5580000,0x00000000f6500000,0x00000000f6500000)
  from space 78848K, 0% used [0x00000000fb300000,0x00000000fb300000,0x0000000100000000)
  to   space 79360K, 0% used [0x00000000f6500000,0x00000000f6500000,0x00000000fb280000)
 ParOldGen       total 364544K, used 128972K [0x0000000080000000, 0x0000000096400000, 0x00000000d5580000)
  object space 364544K, 35% used [0x0000000080000000,0x0000000087df3080,0x0000000096400000)
 Metaspace       used 161947K, capacity 170904K, committed 171056K, reserved 1198080K
  class space    used 21064K, capacity 22815K, committed 22832K, reserved 1048576K
Event: 522.675 GC heap after
Heap after GC invocations=26 (full 5):
 PSYoungGen      total 568320K, used 27729K [0x00000000d5580000, 0x00000000ffa80000, 0x0000000100000000)
  eden space 540160K, 0% used [0x00000000d5580000,0x00000000d5580000,0x00000000f6500000)
  from space 28160K, 98% used [0x00000000f6500000,0x00000000f80146d0,0x00000000f8080000)
  to   space 76288K, 0% used [0x00000000fb000000,0x00000000fb000000,0x00000000ffa80000)
 ParOldGen       total 364544K, used 128980K [0x0000000080000000, 0x0000000096400000, 0x00000000d5580000)
  object space 364544K, 35% used [0x0000000080000000,0x0000000087df5080,0x0000000096400000)
 Metaspace       used 161947K, capacity 170904K, committed 171056K, reserved 1198080K
  class space    used 21064K, capacity 22815K, committed 22832K, reserved 1048576K
}
Event: 678.804 GC heap before
{Heap before GC invocations=27 (full 5):
 PSYoungGen      total 568320K, used 567889K [0x00000000d5580000, 0x00000000ffa80000, 0x0000000100000000)
  eden space 540160K, 100% used [0x00000000d5580000,0x00000000f6500000,0x00000000f6500000)
  from space 28160K, 98% used [0x00000000f6500000,0x00000000f80146d0,0x00000000f8080000)
  to   space 76288K, 0% used [0x00000000fb000000,0x00000000fb000000,0x00000000ffa80000)
 ParOldGen       total 364544K, used 128980K [0x0000000080000000, 0x0000000096400000, 0x00000000d5580000)
  object space 364544K, 35% used [0x0000000080000000,0x0000000087df5080,0x0000000096400000)
 Metaspace       used 162464K, capacity 171658K, committed 171952K, reserved 1198080K
  class space    used 21101K, capacity 22882K, committed 22960K, reserved 1048576K
Event: 678.827 GC heap after
Heap after GC invocations=27 (full 5):
 PSYoungGen      total 620032K, used 27476K [0x00000000d5580000, 0x0000000100000000, 0x0000000100000000)
  eden space 543744K, 0% used [0x00000000d5580000,0x00000000d5580000,0x00000000f6880000)
  from space 76288K, 36% used [0x00000000fb000000,0x00000000fcad51e8,0x00000000ffa80000)
  to   space 73216K, 0% used [0x00000000f6880000,0x00000000f6880000,0x00000000fb000000)
 ParOldGen       total 364544K, used 128988K [0x0000000080000000, 0x0000000096400000, 0x00000000d5580000)
  object space 364544K, 35% used [0x0000000080000000,0x0000000087df7080,0x0000000096400000)
 Metaspace       used 162464K, capacity 171658K, committed 171952K, reserved 1198080K
  class space    used 21101K, capacity 22882K, committed 22960K, reserved 1048576K
}
Event: 744.922 GC heap before
{Heap before GC invocations=28 (full 5):
 PSYoungGen      total 620032K, used 571220K [0x00000000d5580000, 0x0000000100000000, 0x0000000100000000)
  eden space 543744K, 100% used [0x00000000d5580000,0x00000000f6880000,0x00000000f6880000)
  from space 76288K, 36% used [0x00000000fb000000,0x00000000fcad51e8,0x00000000ffa80000)
  to   space 73216K, 0% used [0x00000000f6880000,0x00000000f6880000,0x00000000fb000000)
 ParOldGen       total 364544K, used 128988K [0x0000000080000000, 0x0000000096400000, 0x00000000d5580000)
  object space 364544K, 35% used [0x0000000080000000,0x0000000087df7080,0x0000000096400000)
 Metaspace       used 162796K, capacity 172170K, committed 172208K, reserved 1198080K
  class space    used 21131K, capacity 22934K, committed 22960K, reserved 1048576K
Event: 744.950 GC heap after
Heap after GC invocations=28 (full 5):
 PSYoungGen      total 616960K, used 20201K [0x00000000d5580000, 0x00000000ffa00000, 0x0000000100000000)
  eden space 543744K, 0% used [0x00000000d5580000,0x00000000d5580000,0x00000000f6880000)
  from space 73216K, 27% used [0x00000000f6880000,0x00000000f7c3a4f8,0x00000000fb000000)
  to   space 71680K, 0% used [0x00000000fb400000,0x00000000fb400000,0x00000000ffa00000)
 ParOldGen       total 364544K, used 128996K [0x0000000080000000, 0x0000000096400000, 0x00000000d5580000)
  object space 364544K, 35% used [0x0000000080000000,0x0000000087df9080,0x0000000096400000)
 Metaspace       used 162796K, capacity 172170K, committed 172208K, reserved 1198080K
  class space    used 21131K, capacity 22934K, committed 22960K, reserved 1048576K
}
Event: 761.953 GC heap before
{Heap before GC invocations=29 (full 5):
 PSYoungGen      total 616960K, used 563945K [0x00000000d5580000, 0x00000000ffa00000, 0x0000000100000000)
  eden space 543744K, 100% used [0x00000000d5580000,0x00000000f6880000,0x00000000f6880000)
  from space 73216K, 27% used [0x00000000f6880000,0x00000000f7c3a4f8,0x00000000fb000000)
  to   space 71680K, 0% used [0x00000000fb400000,0x00000000fb400000,0x00000000ffa00000)
 ParOldGen       total 364544K, used 128996K [0x0000000080000000, 0x0000000096400000, 0x00000000d5580000)
  object space 364544K, 35% used [0x0000000080000000,0x0000000087df9080,0x0000000096400000)
 Metaspace       used 164311K, capacity 173824K, committed 174000K, reserved 1200128K
  class space    used 21288K, capacity 23117K, committed 23216K, reserved 1048576K
Event: 762.004 GC heap after
Heap after GC invocations=29 (full 5):
 PSYoungGen      total 607744K, used 68950K [0x00000000d5580000, 0x0000000100000000, 0x0000000100000000)
  eden space 536064K, 0% used [0x00000000d5580000,0x00000000d5580000,0x00000000f6100000)
  from space 71680K, 96% used [0x00000000fb400000,0x00000000ff755938,0x00000000ffa00000)
  to   space 81408K, 0% used [0x00000000f6100000,0x00000000f6100000,0x00000000fb080000)
 ParOldGen       total 364544K, used 129004K [0x0000000080000000, 0x0000000096400000, 0x00000000d5580000)
  object space 364544K, 35% used [0x0000000080000000,0x0000000087dfb080,0x0000000096400000)
 Metaspace       used 164311K, capacity 173824K, committed 174000K, reserved 1200128K
  class space    used 21288K, capacity 23117K, committed 23216K, reserved 1048576K
}

