# JRE version: OpenJDK Runtime Environment (17.0.6) (build 17.0.6+0-b2043.56-10027231)
# Java VM: OpenJDK 64-Bit Server VM (17.0.6+0-b2043.56-10027231, mixed mode, tiered, compressed oops, compressed class ptrs, g1 gc, windows-amd64)
GC Precious Log:
 CPUs: 4 total, 4 available
 Memory: 16247M
 Large Page Support: Disabled
 NUMA Support: Disabled
 Compressed Oops: Enabled (32-bit)
 Heap Region Size: 1M
 Heap Min Capacity: 8M
 Heap Initial Capacity: 254M
 Heap Max Capacity: 2G
 Pre-touch: Disabled
 Parallel Workers: 4
 Concurrent Workers: 1
 Concurrent Refinement Workers: 4
 Periodic GC: Disabled
Heap:
 garbage-first heap   total 121856K, used 70752K [0x0000000080000000, 0x0000000100000000)
  region size 1024K, 3 young (3072K), 3 survivors (3072K)
 Metaspace       used 77836K, committed 78464K, reserved 1122304K
  class space    used 10561K, committed 10880K, reserved 1048576K
GC Heap History (20 events):
Event: 7.053 GC heap after
{Heap after GC invocations=18 (full 0):
 garbage-first heap   total 118784K, used 52695K [0x0000000080000000, 0x0000000100000000)
  region size 1024K, 3 young (3072K), 3 survivors (3072K)
 Metaspace       used 58703K, committed 59200K, reserved 1105920K
  class space    used 7773K, committed 8000K, reserved 1048576K
}
Event: 7.584 GC heap before
{Heap before GC invocations=19 (full 0):
 garbage-first heap   total 118784K, used 93655K [0x0000000080000000, 0x0000000100000000)
  region size 1024K, 43 young (44032K), 3 survivors (3072K)
 Metaspace       used 63629K, committed 64128K, reserved 1105920K
  class space    used 8440K, committed 8640K, reserved 1048576K
}
Event: 7.587 GC heap after
{Heap after GC invocations=20 (full 0):
 garbage-first heap   total 118784K, used 54352K [0x0000000080000000, 0x0000000100000000)
  region size 1024K, 5 young (5120K), 5 survivors (5120K)
 Metaspace       used 63629K, committed 64128K, reserved 1105920K
  class space    used 8440K, committed 8640K, reserved 1048576K
}
Event: 7.712 GC heap before
{Heap before GC invocations=20 (full 0):
 garbage-first heap   total 118784K, used 67664K [0x0000000080000000, 0x0000000100000000)
  region size 1024K, 16 young (16384K), 5 survivors (5120K)
 Metaspace       used 65178K, committed 65664K, reserved 1105920K
  class space    used 8618K, committed 8832K, reserved 1048576K
}
Event: 7.715 GC heap after
{Heap after GC invocations=21 (full 0):
 garbage-first heap   total 118784K, used 59597K [0x0000000080000000, 0x0000000100000000)
  region size 1024K, 5 young (5120K), 5 survivors (5120K)
 Metaspace       used 65178K, committed 65664K, reserved 1105920K
  class space    used 8618K, committed 8832K, reserved 1048576K
}
Event: 8.061 GC heap before
{Heap before GC invocations=22 (full 0):
 garbage-first heap   total 121856K, used 98509K [0x0000000080000000, 0x0000000100000000)
  region size 1024K, 40 young (40960K), 5 survivors (5120K)
 Metaspace       used 67377K, committed 67904K, reserved 1114112K
  class space    used 8909K, committed 9152K, reserved 1048576K
}
Event: 8.066 GC heap after
{Heap after GC invocations=23 (full 0):
 garbage-first heap   total 121856K, used 59236K [0x0000000080000000, 0x0000000100000000)
  region size 1024K, 5 young (5120K), 5 survivors (5120K)
 Metaspace       used 67377K, committed 67904K, reserved 1114112K
  class space    used 8909K, committed 9152K, reserved 1048576K
}
Event: 8.451 GC heap before
{Heap before GC invocations=23 (full 0):
 garbage-first heap   total 121856K, used 99172K [0x0000000080000000, 0x0000000100000000)
  region size 1024K, 44 young (45056K), 5 survivors (5120K)
 Metaspace       used 69615K, committed 70272K, reserved 1114112K
  class space    used 9229K, committed 9536K, reserved 1048576K
}
Event: 8.455 GC heap after
{Heap after GC invocations=24 (full 0):
 garbage-first heap   total 121856K, used 62229K [0x0000000080000000, 0x0000000100000000)
  region size 1024K, 6 young (6144K), 6 survivors (6144K)
 Metaspace       used 69615K, committed 70272K, reserved 1114112K
  class space    used 9229K, committed 9536K, reserved 1048576K
}
Event: 8.727 GC heap before
{Heap before GC invocations=24 (full 0):
 garbage-first heap   total 121856K, used 99093K [0x0000000080000000, 0x0000000100000000)
  region size 1024K, 42 young (43008K), 6 survivors (6144K)
 Metaspace       used 69877K, committed 70528K, reserved 1114112K
  class space    used 9276K, committed 9600K, reserved 1048576K
}
Event: 8.733 GC heap after
{Heap after GC invocations=25 (full 0):
 garbage-first heap   total 121856K, used 65573K [0x0000000080000000, 0x0000000100000000)
  region size 1024K, 6 young (6144K), 6 survivors (6144K)
 Metaspace       used 69877K, committed 70528K, reserved 1114112K
  class space    used 9276K, committed 9600K, reserved 1048576K
}
Event: 9.078 GC heap before
{Heap before GC invocations=26 (full 0):
 garbage-first heap   total 121856K, used 99365K [0x0000000080000000, 0x0000000100000000)
  region size 1024K, 39 young (39936K), 6 survivors (6144K)
 Metaspace       used 72105K, committed 72704K, reserved 1114112K
  class space    used 9581K, committed 9856K, reserved 1048576K
}
Event: 9.085 GC heap after
{Heap after GC invocations=27 (full 0):
 garbage-first heap   total 121856K, used 68112K [0x0000000080000000, 0x0000000100000000)
  region size 1024K, 3 young (3072K), 3 survivors (3072K)
 Metaspace       used 72105K, committed 72704K, reserved 1114112K
  class space    used 9581K, committed 9856K, reserved 1048576K
}
Event: 9.169 GC heap before
{Heap before GC invocations=27 (full 0):
 garbage-first heap   total 121856K, used 75280K [0x0000000080000000, 0x0000000100000000)
  region size 1024K, 11 young (11264K), 3 survivors (3072K)
 Metaspace       used 72807K, committed 73408K, reserved 1114112K
  class space    used 9672K, committed 9984K, reserved 1048576K
}
Event: 9.174 GC heap after
{Heap after GC invocations=28 (full 0):
 garbage-first heap   total 121856K, used 68217K [0x0000000080000000, 0x0000000100000000)
  region size 1024K, 3 young (3072K), 3 survivors (3072K)
 Metaspace       used 72807K, committed 73408K, reserved 1114112K
  class space    used 9672K, committed 9984K, reserved 1048576K
}
Event: 9.991 GC heap before
{Heap before GC invocations=29 (full 0):
 garbage-first heap   total 121856K, used 103033K [0x0000000080000000, 0x0000000100000000)
  region size 1024K, 36 young (36864K), 3 survivors (3072K)
 Metaspace       used 75437K, committed 76096K, reserved 1122304K
  class space    used 10203K, committed 10496K, reserved 1048576K
}
Event: 9.996 GC heap after
{Heap after GC invocations=30 (full 0):
 garbage-first heap   total 121856K, used 69133K [0x0000000080000000, 0x0000000100000000)
  region size 1024K, 2 young (2048K), 2 survivors (2048K)
 Metaspace       used 75437K, committed 76096K, reserved 1122304K
  class space    used 10203K, committed 10496K, reserved 1048576K
}
Event: 10.040 GC heap before
{Heap before GC invocations=30 (full 0):
 garbage-first heap   total 121856K, used 72205K [0x0000000080000000, 0x0000000100000000)
  region size 1024K, 5 young (5120K), 2 survivors (2048K)
 Metaspace       used 75695K, committed 76352K, reserved 1122304K
  class space    used 10243K, committed 10560K, reserved 1048576K
}
Event: 10.046 GC heap after
{Heap after GC invocations=31 (full 0):
 garbage-first heap   total 121856K, used 68939K [0x0000000080000000, 0x0000000100000000)
  region size 1024K, 1 young (1024K), 1 survivors (1024K)
 Metaspace       used 75695K, committed 76352K, reserved 1122304K
  class space    used 10243K, committed 10560K, reserved 1048576K
}
Event: 10.504 GC heap before
{Heap before GC invocations=31 (full 0):
 garbage-first heap   total 121856K, used 102731K [0x0000000080000000, 0x0000000100000000)
  region size 1024K, 34 young (34816K), 1 survivors (1024K)
 Metaspace       used 77836K, committed 78464K, reserved 1122304K
  class space    used 10561K, committed 10880K, reserved 1048576K
}

