# JRE version: OpenJDK Runtime Environment (17.0.6) (build 17.0.6+0-b2043.56-10027231)
# Java VM: OpenJDK 64-Bit Server VM (17.0.6+0-b2043.56-10027231, mixed mode, tiered, compressed oops, compressed class ptrs, g1 gc, windows-amd64)
GC Precious Log:
 CPUs: 4 total, 4 available
 Memory: 16247M
 Large Page Support: Disabled
 NUMA Support: Disabled
 Compressed Oops: Enabled (32-bit)
 Heap Region Size: 1M
 Heap Min Capacity: 8M
 Heap Initial Capacity: 254M
 Heap Max Capacity: 2G
 Pre-touch: Disabled
 Parallel Workers: 4
 Concurrent Workers: 1
 Concurrent Refinement Workers: 4
 Periodic GC: Disabled
Heap:
 garbage-first heap   total 211968K, used 115213K [0x0000000080000000, 0x0000000100000000)
  region size 1024K, 4 young (4096K), 4 survivors (4096K)
 Metaspace       used 90870K, committed 91584K, reserved 1130496K
  class space    used 12201K, committed 12480K, reserved 1048576K
GC Heap History (20 events):
Event: 9.409 GC heap after
{Heap after GC invocations=22 (full 0):
 garbage-first heap   total 167936K, used 67195K [0x0000000080000000, 0x0000000100000000)
  region size 1024K, 5 young (5120K), 5 survivors (5120K)
 Metaspace       used 76377K, committed 76928K, reserved 1122304K
  class space    used 10279K, committed 10496K, reserved 1048576K
}
Event: 10.160 GC heap before
{Heap before GC invocations=22 (full 0):
 garbage-first heap   total 167936K, used 131707K [0x0000000080000000, 0x0000000100000000)
  region size 1024K, 68 young (69632K), 5 survivors (5120K)
 Metaspace       used 81173K, committed 81792K, reserved 1122304K
  class space    used 11026K, committed 11264K, reserved 1048576K
}
Event: 10.170 GC heap after
{Heap after GC invocations=23 (full 0):
 garbage-first heap   total 167936K, used 71281K [0x0000000080000000, 0x0000000100000000)
  region size 1024K, 9 young (9216K), 9 survivors (9216K)
 Metaspace       used 81173K, committed 81792K, reserved 1122304K
  class space    used 11026K, committed 11264K, reserved 1048576K
}
Event: 10.781 GC heap before
{Heap before GC invocations=23 (full 0):
 garbage-first heap   total 167936K, used 132721K [0x0000000080000000, 0x0000000100000000)
  region size 1024K, 69 young (70656K), 9 survivors (9216K)
 Metaspace       used 84652K, committed 85312K, reserved 1130496K
  class space    used 11483K, committed 11776K, reserved 1048576K
}
Event: 10.793 GC heap after
{Heap after GC invocations=24 (full 0):
 garbage-first heap   total 167936K, used 78265K [0x0000000080000000, 0x0000000100000000)
  region size 1024K, 9 young (9216K), 9 survivors (9216K)
 Metaspace       used 84652K, committed 85312K, reserved 1130496K
  class space    used 11483K, committed 11776K, reserved 1048576K
}
Event: 11.528 GC heap before
{Heap before GC invocations=24 (full 0):
 garbage-first heap   total 167936K, used 132537K [0x0000000080000000, 0x0000000100000000)
  region size 1024K, 62 young (63488K), 9 survivors (9216K)
 Metaspace       used 88842K, committed 89600K, reserved 1130496K
  class space    used 12046K, committed 12416K, reserved 1048576K
}
Event: 11.542 GC heap after
{Heap after GC invocations=25 (full 0):
 garbage-first heap   total 201728K, used 87289K [0x0000000080000000, 0x0000000100000000)
  region size 1024K, 8 young (8192K), 8 survivors (8192K)
 Metaspace       used 88842K, committed 89600K, reserved 1130496K
  class space    used 12046K, committed 12416K, reserved 1048576K
}
Event: 12.451 GC heap before
{Heap before GC invocations=25 (full 0):
 garbage-first heap   total 201728K, used 154873K [0x0000000080000000, 0x0000000100000000)
  region size 1024K, 75 young (76800K), 8 survivors (8192K)
 Metaspace       used 89339K, committed 90112K, reserved 1130496K
  class space    used 12059K, committed 12416K, reserved 1048576K
}
Event: 12.461 GC heap after
{Heap after GC invocations=26 (full 0):
 garbage-first heap   total 201728K, used 92696K [0x0000000080000000, 0x0000000100000000)
  region size 1024K, 5 young (5120K), 5 survivors (5120K)
 Metaspace       used 89339K, committed 90112K, reserved 1130496K
  class space    used 12059K, committed 12416K, reserved 1048576K
}
Event: 13.211 GC heap before
{Heap before GC invocations=26 (full 0):
 garbage-first heap   total 201728K, used 161304K [0x0000000080000000, 0x0000000100000000)
  region size 1024K, 71 young (72704K), 5 survivors (5120K)
 Metaspace       used 90258K, committed 90944K, reserved 1130496K
  class space    used 12156K, committed 12480K, reserved 1048576K
}
Event: 13.220 GC heap after
{Heap after GC invocations=27 (full 0):
 garbage-first heap   total 201728K, used 98811K [0x0000000080000000, 0x0000000100000000)
  region size 1024K, 9 young (9216K), 9 survivors (9216K)
 Metaspace       used 90258K, committed 90944K, reserved 1130496K
  class space    used 12156K, committed 12480K, reserved 1048576K
}
Event: 13.672 GC heap before
{Heap before GC invocations=27 (full 0):
 garbage-first heap   total 201728K, used 160251K [0x0000000080000000, 0x0000000100000000)
  region size 1024K, 70 young (71680K), 9 survivors (9216K)
 Metaspace       used 90454K, committed 91136K, reserved 1130496K
  class space    used 12171K, committed 12480K, reserved 1048576K
}
Event: 13.681 GC heap after
{Heap after GC invocations=28 (full 0):
 garbage-first heap   total 201728K, used 103547K [0x0000000080000000, 0x0000000100000000)
  region size 1024K, 5 young (5120K), 5 survivors (5120K)
 Metaspace       used 90454K, committed 91136K, reserved 1130496K
  class space    used 12171K, committed 12480K, reserved 1048576K
}
Event: 14.124 GC heap before
{Heap before GC invocations=28 (full 0):
 garbage-first heap   total 201728K, used 162939K [0x0000000080000000, 0x0000000100000000)
  region size 1024K, 64 young (65536K), 5 survivors (5120K)
 Metaspace       used 90761K, committed 91456K, reserved 1130496K
  class space    used 12195K, committed 12480K, reserved 1048576K
}
Event: 14.133 GC heap after
{Heap after GC invocations=29 (full 0):
 garbage-first heap   total 201728K, used 109284K [0x0000000080000000, 0x0000000100000000)
  region size 1024K, 8 young (8192K), 8 survivors (8192K)
 Metaspace       used 90761K, committed 91456K, reserved 1130496K
  class space    used 12195K, committed 12480K, reserved 1048576K
}
Event: 14.610 GC heap before
{Heap before GC invocations=30 (full 0):
 garbage-first heap   total 211968K, used 162532K [0x0000000080000000, 0x0000000100000000)
  region size 1024K, 61 young (62464K), 8 survivors (8192K)
 Metaspace       used 90824K, committed 91520K, reserved 1130496K
  class space    used 12198K, committed 12480K, reserved 1048576K
}
Event: 14.620 GC heap after
{Heap after GC invocations=31 (full 0):
 garbage-first heap   total 211968K, used 112874K [0x0000000080000000, 0x0000000100000000)
  region size 1024K, 4 young (4096K), 4 survivors (4096K)
 Metaspace       used 90824K, committed 91520K, reserved 1130496K
  class space    used 12198K, committed 12480K, reserved 1048576K
}
Event: 14.660 GC heap before
{Heap before GC invocations=31 (full 0):
 garbage-first heap   total 211968K, used 117994K [0x0000000080000000, 0x0000000100000000)
  region size 1024K, 10 young (10240K), 4 survivors (4096K)
 Metaspace       used 90826K, committed 91520K, reserved 1130496K
  class space    used 12198K, committed 12480K, reserved 1048576K
}
Event: 14.665 GC heap after
{Heap after GC invocations=32 (full 0):
 garbage-first heap   total 211968K, used 112984K [0x0000000080000000, 0x0000000100000000)
  region size 1024K, 1 young (1024K), 1 survivors (1024K)
 Metaspace       used 90826K, committed 91520K, reserved 1130496K
  class space    used 12198K, committed 12480K, reserved 1048576K
}
Event: 14.999 GC heap before
{Heap before GC invocations=32 (full 0):
 garbage-first heap   total 211968K, used 173400K [0x0000000080000000, 0x0000000100000000)
  region size 1024K, 61 young (62464K), 1 survivors (1024K)
 Metaspace       used 90870K, committed 91584K, reserved 1130496K
  class space    used 12201K, committed 12480K, reserved 1048576K
}

