# JRE version: OpenJDK Runtime Environment (8.0_242-b01) (build 1.8.0_242-release-1644-b01)
# Java VM: OpenJDK 64-Bit Server VM (25.242-b01 mixed mode windows-amd64 compressed oops)
Heap:
 PSYoungGen      total 75776K, used 27795K [0x00000000d5580000, 0x00000000ddf00000, 0x0000000100000000)
  eden space 65024K, 29% used [0x00000000d5580000,0x00000000d6856770,0x00000000d9500000)
  from space 10752K, 79% used [0x00000000d9500000,0x00000000d9d4e518,0x00000000d9f80000)
  to   space 12288K, 0% used [0x00000000dd300000,0x00000000dd300000,0x00000000ddf00000)
 ParOldGen       total 86016K, used 7588K [0x0000000080000000, 0x0000000085400000, 0x00000000d5580000)
  object space 86016K, 8% used [0x0000000080000000,0x0000000080769028,0x0000000085400000)
 Metaspace       used 29994K, capacity 30694K, committed 31024K, reserved 1075200K
  class space    used 4041K, capacity 4290K, committed 4400K, reserved 1048576K
GC Heap History (10 events):
Event: 9.095 GC heap before
{Heap before GC invocations=2 (full 0):
 PSYoungGen      total 75776K, used 70749K [0x00000000d5580000, 0x00000000daa00000, 0x0000000100000000)
  eden space 65024K, 100% used [0x00000000d5580000,0x00000000d9500000,0x00000000d9500000)
  from space 10752K, 53% used [0x00000000d9500000,0x00000000d9a97758,0x00000000d9f80000)
  to   space 10752K, 0% used [0x00000000d9f80000,0x00000000d9f80000,0x00000000daa00000)
 ParOldGen       total 173568K, used 8K [0x0000000080000000, 0x000000008a980000, 0x00000000d5580000)
  object space 173568K, 0% used [0x0000000080000000,0x0000000080002000,0x000000008a980000)
 Metaspace       used 14679K, capacity 15110K, committed 15488K, reserved 1062912K
  class space    used 1937K, capacity 2089K, committed 2176K, reserved 1048576K
Event: 9.121 GC heap after
Heap after GC invocations=2 (full 0):
 PSYoungGen      total 75776K, used 9095K [0x00000000d5580000, 0x00000000daa00000, 0x0000000100000000)
  eden space 65024K, 0% used [0x00000000d5580000,0x00000000d5580000,0x00000000d9500000)
  from space 10752K, 84% used [0x00000000d9f80000,0x00000000da861c40,0x00000000daa00000)
  to   space 10752K, 0% used [0x00000000d9500000,0x00000000d9500000,0x00000000d9f80000)
 ParOldGen       total 173568K, used 24K [0x0000000080000000, 0x000000008a980000, 0x00000000d5580000)
  object space 173568K, 0% used [0x0000000080000000,0x0000000080006000,0x000000008a980000)
 Metaspace       used 14679K, capacity 15110K, committed 15488K, reserved 1062912K
  class space    used 1937K, capacity 2089K, committed 2176K, reserved 1048576K
}
Event: 10.754 GC heap before
{Heap before GC invocations=3 (full 0):
 PSYoungGen      total 75776K, used 74119K [0x00000000d5580000, 0x00000000daa00000, 0x0000000100000000)
  eden space 65024K, 100% used [0x00000000d5580000,0x00000000d9500000,0x00000000d9500000)
  from space 10752K, 84% used [0x00000000d9f80000,0x00000000da861c40,0x00000000daa00000)
  to   space 10752K, 0% used [0x00000000d9500000,0x00000000d9500000,0x00000000d9f80000)
 ParOldGen       total 173568K, used 24K [0x0000000080000000, 0x000000008a980000, 0x00000000d5580000)
  object space 173568K, 0% used [0x0000000080000000,0x0000000080006000,0x000000008a980000)
 Metaspace       used 19970K, capacity 20552K, committed 20736K, reserved 1067008K
  class space    used 2794K, capacity 2974K, committed 3072K, reserved 1048576K
Event: 10.789 GC heap after
Heap after GC invocations=3 (full 0):
 PSYoungGen      total 75776K, used 10746K [0x00000000d5580000, 0x00000000daa00000, 0x0000000100000000)
  eden space 65024K, 0% used [0x00000000d5580000,0x00000000d5580000,0x00000000d9500000)
  from space 10752K, 99% used [0x00000000d9500000,0x00000000d9f7e958,0x00000000d9f80000)
  to   space 10752K, 0% used [0x00000000d9f80000,0x00000000d9f80000,0x00000000daa00000)
 ParOldGen       total 173568K, used 1046K [0x0000000080000000, 0x000000008a980000, 0x00000000d5580000)
  object space 173568K, 0% used [0x0000000080000000,0x0000000080105890,0x000000008a980000)
 Metaspace       used 19970K, capacity 20552K, committed 20736K, reserved 1067008K
  class space    used 2794K, capacity 2974K, committed 3072K, reserved 1048576K
}
Event: 11.012 GC heap before
{Heap before GC invocations=4 (full 0):
 PSYoungGen      total 75776K, used 21739K [0x00000000d5580000, 0x00000000daa00000, 0x0000000100000000)
  eden space 65024K, 16% used [0x00000000d5580000,0x00000000d603c4d0,0x00000000d9500000)
  from space 10752K, 99% used [0x00000000d9500000,0x00000000d9f7e958,0x00000000d9f80000)
  to   space 10752K, 0% used [0x00000000d9f80000,0x00000000d9f80000,0x00000000daa00000)
 ParOldGen       total 173568K, used 1046K [0x0000000080000000, 0x000000008a980000, 0x00000000d5580000)
  object space 173568K, 0% used [0x0000000080000000,0x0000000080105890,0x000000008a980000)
 Metaspace       used 20646K, capacity 21260K, committed 21296K, reserved 1067008K
  class space    used 2894K, capacity 3116K, committed 3120K, reserved 1048576K
Event: 11.023 GC heap after
Heap after GC invocations=4 (full 0):
 PSYoungGen      total 75776K, used 7741K [0x00000000d5580000, 0x00000000daa00000, 0x0000000100000000)
  eden space 65024K, 0% used [0x00000000d5580000,0x00000000d5580000,0x00000000d9500000)
  from space 10752K, 72% used [0x00000000d9f80000,0x00000000da70f5c8,0x00000000daa00000)
  to   space 10752K, 0% used [0x00000000d9500000,0x00000000d9500000,0x00000000d9f80000)
 ParOldGen       total 173568K, used 1054K [0x0000000080000000, 0x000000008a980000, 0x00000000d5580000)
  object space 173568K, 0% used [0x0000000080000000,0x0000000080107890,0x000000008a980000)
 Metaspace       used 20646K, capacity 21260K, committed 21296K, reserved 1067008K
  class space    used 2894K, capacity 3116K, committed 3120K, reserved 1048576K
}
Event: 11.023 GC heap before
{Heap before GC invocations=5 (full 1):
 PSYoungGen      total 75776K, used 7741K [0x00000000d5580000, 0x00000000daa00000, 0x0000000100000000)
  eden space 65024K, 0% used [0x00000000d5580000,0x00000000d5580000,0x00000000d9500000)
  from space 10752K, 72% used [0x00000000d9f80000,0x00000000da70f5c8,0x00000000daa00000)
  to   space 10752K, 0% used [0x00000000d9500000,0x00000000d9500000,0x00000000d9f80000)
 ParOldGen       total 173568K, used 1054K [0x0000000080000000, 0x000000008a980000, 0x00000000d5580000)
  object space 173568K, 0% used [0x0000000080000000,0x0000000080107890,0x000000008a980000)
 Metaspace       used 20646K, capacity 21260K, committed 21296K, reserved 1067008K
  class space    used 2894K, capacity 3116K, committed 3120K, reserved 1048576K
Event: 11.074 GC heap after
Heap after GC invocations=5 (full 1):
 PSYoungGen      total 75776K, used 0K [0x00000000d5580000, 0x00000000daa00000, 0x0000000100000000)
  eden space 65024K, 0% used [0x00000000d5580000,0x00000000d5580000,0x00000000d9500000)
  from space 10752K, 0% used [0x00000000d9f80000,0x00000000d9f80000,0x00000000daa00000)
  to   space 10752K, 0% used [0x00000000d9500000,0x00000000d9500000,0x00000000d9f80000)
 ParOldGen       total 86016K, used 7580K [0x0000000080000000, 0x0000000085400000, 0x00000000d5580000)
  object space 86016K, 8% used [0x0000000080000000,0x0000000080767028,0x0000000085400000)
 Metaspace       used 20646K, capacity 21260K, committed 21296K, reserved 1067008K
  class space    used 2894K, capacity 3116K, committed 3120K, reserved 1048576K
}
Event: 13.518 GC heap before
{Heap before GC invocations=6 (full 1):
 PSYoungGen      total 75776K, used 64268K [0x00000000d5580000, 0x00000000daa00000, 0x0000000100000000)
  eden space 65024K, 98% used [0x00000000d5580000,0x00000000d94430e8,0x00000000d9500000)
  from space 10752K, 0% used [0x00000000d9f80000,0x00000000d9f80000,0x00000000daa00000)
  to   space 10752K, 0% used [0x00000000d9500000,0x00000000d9500000,0x00000000d9f80000)
 ParOldGen       total 86016K, used 7580K [0x0000000080000000, 0x0000000085400000, 0x00000000d5580000)
  object space 86016K, 8% used [0x0000000080000000,0x0000000080767028,0x0000000085400000)
 Metaspace       used 28237K, capacity 28916K, committed 29232K, reserved 1075200K
  class space    used 3895K, capacity 4127K, committed 4144K, reserved 1048576K
Event: 13.529 GC heap after
Heap after GC invocations=6 (full 1):
 PSYoungGen      total 75776K, used 8505K [0x00000000d5580000, 0x00000000ddf00000, 0x0000000100000000)
  eden space 65024K, 0% used [0x00000000d5580000,0x00000000d5580000,0x00000000d9500000)
  from space 10752K, 79% used [0x00000000d9500000,0x00000000d9d4e518,0x00000000d9f80000)
  to   space 12288K, 0% used [0x00000000dd300000,0x00000000dd300000,0x00000000ddf00000)
 ParOldGen       total 86016K, used 7588K [0x0000000080000000, 0x0000000085400000, 0x00000000d5580000)
  object space 86016K, 8% used [0x0000000080000000,0x0000000080769028,0x0000000085400000)
 Metaspace       used 28237K, capacity 28916K, committed 29232K, reserved 1075200K
  class space    used 3895K, capacity 4127K, committed 4144K, reserved 1048576K
}

