# JRE version: OpenJDK Runtime Environment (17.0.6) (build 17.0.6+0-b2043.56-10027231)
# Java VM: OpenJDK 64-Bit Server VM (17.0.6+0-b2043.56-10027231, mixed mode, tiered, compressed oops, compressed class ptrs, g1 gc, windows-amd64)
GC Precious Log:
 CPUs: 4 total, 4 available
 Memory: 16247M
 Large Page Support: Disabled
 NUMA Support: Disabled
 Compressed Oops: Enabled (32-bit)
 Heap Region Size: 1M
 Heap Min Capacity: 8M
 Heap Initial Capacity: 254M
 Heap Max Capacity: 2G
 Pre-touch: Disabled
 Parallel Workers: 4
 Concurrent Workers: 1
 Concurrent Refinement Workers: 4
 Periodic GC: Disabled
Heap:
 garbage-first heap   total 260096K, used 114395K [0x0000000080000000, 0x0000000100000000)
  region size 1024K, 6 young (6144K), 6 survivors (6144K)
 Metaspace       used 98027K, committed 98816K, reserved 1138688K
  class space    used 13112K, committed 13440K, reserved 1048576K
GC Heap History (20 events):
Event: 9.926 GC heap after
{Heap after GC invocations=32 (full 0):
 garbage-first heap   total 204800K, used 62698K [0x0000000080000000, 0x0000000100000000)
  region size 1024K, 8 young (8192K), 8 survivors (8192K)
 Metaspace       used 68457K, committed 69120K, reserved 1114112K
  class space    used 9001K, committed 9280K, reserved 1048576K
}
Event: 9.956 GC heap before
{Heap before GC invocations=32 (full 0):
 garbage-first heap   total 204800K, used 64746K [0x0000000080000000, 0x0000000100000000)
  region size 1024K, 10 young (10240K), 8 survivors (8192K)
 Metaspace       used 68519K, committed 69120K, reserved 1114112K
  class space    used 9011K, committed 9280K, reserved 1048576K
}
Event: 9.961 GC heap after
{Heap after GC invocations=33 (full 0):
 garbage-first heap   total 204800K, used 63043K [0x0000000080000000, 0x0000000100000000)
  region size 1024K, 2 young (2048K), 2 survivors (2048K)
 Metaspace       used 68519K, committed 69120K, reserved 1114112K
  class space    used 9011K, committed 9280K, reserved 1048576K
}
Event: 11.358 GC heap before
{Heap before GC invocations=33 (full 0):
 garbage-first heap   total 204800K, used 148035K [0x0000000080000000, 0x0000000100000000)
  region size 1024K, 84 young (86016K), 2 survivors (2048K)
 Metaspace       used 76360K, committed 76992K, reserved 1122304K
  class space    used 10278K, committed 10560K, reserved 1048576K
}
Event: 11.364 GC heap after
{Heap after GC invocations=34 (full 0):
 garbage-first heap   total 204800K, used 67836K [0x0000000080000000, 0x0000000100000000)
  region size 1024K, 6 young (6144K), 6 survivors (6144K)
 Metaspace       used 76360K, committed 76992K, reserved 1122304K
  class space    used 10278K, committed 10560K, reserved 1048576K
}
Event: 12.730 GC heap before
{Heap before GC invocations=34 (full 0):
 garbage-first heap   total 204800K, used 150780K [0x0000000080000000, 0x0000000100000000)
  region size 1024K, 87 young (89088K), 6 survivors (6144K)
 Metaspace       used 83588K, committed 84288K, reserved 1122304K
  class space    used 11323K, committed 11648K, reserved 1048576K
}
Event: 12.743 GC heap after
{Heap after GC invocations=35 (full 0):
 garbage-first heap   total 204800K, used 74053K [0x0000000080000000, 0x0000000100000000)
  region size 1024K, 11 young (11264K), 11 survivors (11264K)
 Metaspace       used 83588K, committed 84288K, reserved 1122304K
  class space    used 11323K, committed 11648K, reserved 1048576K
}
Event: 13.941 GC heap before
{Heap before GC invocations=35 (full 0):
 garbage-first heap   total 204800K, used 155973K [0x0000000080000000, 0x0000000100000000)
  region size 1024K, 91 young (93184K), 11 survivors (11264K)
 Metaspace       used 88202K, committed 88960K, reserved 1130496K
  class space    used 11936K, committed 12288K, reserved 1048576K
}
Event: 13.963 GC heap after
{Heap after GC invocations=36 (full 0):
 garbage-first heap   total 204800K, used 86424K [0x0000000080000000, 0x0000000100000000)
  region size 1024K, 12 young (12288K), 12 survivors (12288K)
 Metaspace       used 88202K, committed 88960K, reserved 1130496K
  class space    used 11936K, committed 12288K, reserved 1048576K
}
Event: 15.170 GC heap before
{Heap before GC invocations=36 (full 0):
 garbage-first heap   total 204800K, used 155032K [0x0000000080000000, 0x0000000100000000)
  region size 1024K, 80 young (81920K), 12 survivors (12288K)
 Metaspace       used 89372K, committed 90176K, reserved 1130496K
  class space    used 12055K, committed 12416K, reserved 1048576K
}
Event: 15.186 GC heap after
{Heap after GC invocations=37 (full 0):
 garbage-first heap   total 204800K, used 93471K [0x0000000080000000, 0x0000000100000000)
  region size 1024K, 6 young (6144K), 6 survivors (6144K)
 Metaspace       used 89372K, committed 90176K, reserved 1130496K
  class space    used 12055K, committed 12416K, reserved 1048576K
}
Event: 16.020 GC heap before
{Heap before GC invocations=37 (full 0):
 garbage-first heap   total 204800K, used 161055K [0x0000000080000000, 0x0000000100000000)
  region size 1024K, 71 young (72704K), 6 survivors (6144K)
 Metaspace       used 90247K, committed 91008K, reserved 1130496K
  class space    used 12149K, committed 12480K, reserved 1048576K
}
Event: 16.030 GC heap after
{Heap after GC invocations=38 (full 0):
 garbage-first heap   total 204800K, used 100293K [0x0000000080000000, 0x0000000100000000)
  region size 1024K, 7 young (7168K), 7 survivors (7168K)
 Metaspace       used 90247K, committed 91008K, reserved 1130496K
  class space    used 12149K, committed 12480K, reserved 1048576K
}
Event: 16.743 GC heap before
{Heap before GC invocations=38 (full 0):
 garbage-first heap   total 204800K, used 160709K [0x0000000080000000, 0x0000000100000000)
  region size 1024K, 67 young (68608K), 7 survivors (7168K)
 Metaspace       used 90499K, committed 91200K, reserved 1130496K
  class space    used 12167K, committed 12480K, reserved 1048576K
}
Event: 16.755 GC heap after
{Heap after GC invocations=39 (full 0):
 garbage-first heap   total 204800K, used 104872K [0x0000000080000000, 0x0000000100000000)
  region size 1024K, 5 young (5120K), 5 survivors (5120K)
 Metaspace       used 90499K, committed 91200K, reserved 1130496K
  class space    used 12167K, committed 12480K, reserved 1048576K
}
Event: 17.428 GC heap before
{Heap before GC invocations=40 (full 0):
 garbage-first heap   total 204800K, used 162786K [0x0000000080000000, 0x0000000100000000)
  region size 1024K, 63 young (64512K), 5 survivors (5120K)
 Metaspace       used 90815K, committed 91584K, reserved 1130496K
  class space    used 12192K, committed 12544K, reserved 1048576K
}
Event: 17.440 GC heap after
{Heap after GC invocations=41 (full 0):
 garbage-first heap   total 204800K, used 110221K [0x0000000080000000, 0x0000000100000000)
  region size 1024K, 8 young (8192K), 8 survivors (8192K)
 Metaspace       used 90815K, committed 91584K, reserved 1130496K
  class space    used 12192K, committed 12544K, reserved 1048576K
}
Event: 17.454 GC heap before
{Heap before GC invocations=41 (full 0):
 garbage-first heap   total 204800K, used 111245K [0x0000000080000000, 0x0000000100000000)
  region size 1024K, 10 young (10240K), 8 survivors (8192K)
 Metaspace       used 90815K, committed 91584K, reserved 1130496K
  class space    used 12192K, committed 12544K, reserved 1048576K
}
Event: 17.464 GC heap after
{Heap after GC invocations=42 (full 0):
 garbage-first heap   total 204800K, used 110379K [0x0000000080000000, 0x0000000100000000)
  region size 1024K, 2 young (2048K), 2 survivors (2048K)
 Metaspace       used 90815K, committed 91584K, reserved 1130496K
  class space    used 12192K, committed 12544K, reserved 1048576K
}
Event: 19.011 GC heap before
{Heap before GC invocations=42 (full 0):
 garbage-first heap   total 204800K, used 163627K [0x0000000080000000, 0x0000000100000000)
  region size 1024K, 55 young (56320K), 2 survivors (2048K)
 Metaspace       used 98027K, committed 98816K, reserved 1138688K
  class space    used 13112K, committed 13440K, reserved 1048576K
}

