# JRE version: OpenJDK Runtime Environment (11.0.12+7) (build 11.0.12+7-b1504.28-7817840)
# Java VM: OpenJDK 64-Bit Server VM (11.0.12+7-b1504.28-7817840, mixed mode, tiered, compressed oops, g1 gc, windows-amd64)
Heap:
 garbage-first heap   total 384000K, used 188769K [0x0000000080000000, 0x0000000100000000)
  region size 1024K, 29 young (29696K), 7 survivors (7168K)
 Metaspace       used 112879K, capacity 115832K, committed 116048K, reserved 1150976K
  class space    used 13724K, capacity 14746K, committed 14848K, reserved 1048576K
GC Heap History (20 events):
Event: 2370.019 GC heap before
{Heap before GC invocations=89 (full 0):
 garbage-first heap   total 260096K, used 218305K [0x0000000080000000, 0x0000000100000000)
  region size 1024K, 45 young (46080K), 5 survivors (5120K)
 Metaspace       used 112682K, capacity 115639K, committed 115792K, reserved 1150976K
  class space    used 13708K, capacity 14728K, committed 14848K, reserved 1048576K
}
Event: 2370.026 GC heap after
{Heap after GC invocations=90 (full 0):
 garbage-first heap   total 260096K, used 185624K [0x0000000080000000, 0x0000000100000000)
  region size 1024K, 6 young (6144K), 6 survivors (6144K)
 Metaspace       used 112682K, capacity 115639K, committed 115792K, reserved 1150976K
  class space    used 13708K, capacity 14728K, committed 14848K, reserved 1048576K
}
Event: 2370.047 GC heap before
{Heap before GC invocations=90 (full 0):
 garbage-first heap   total 260096K, used 195864K [0x0000000080000000, 0x0000000100000000)
  region size 1024K, 12 young (12288K), 6 survivors (6144K)
 Metaspace       used 112684K, capacity 115639K, committed 115792K, reserved 1150976K
  class space    used 13708K, capacity 14728K, committed 14848K, reserved 1048576K
}
Event: 2370.056 GC heap after
{Heap after GC invocations=91 (full 0):
 garbage-first heap   total 312320K, used 165335K [0x0000000080000000, 0x0000000100000000)
  region size 1024K, 2 young (2048K), 2 survivors (2048K)
 Metaspace       used 112684K, capacity 115639K, committed 115792K, reserved 1150976K
  class space    used 13708K, capacity 14728K, committed 14848K, reserved 1048576K
}
Event: 2370.108 GC heap before
{Heap before GC invocations=91 (full 0):
 garbage-first heap   total 312320K, used 180695K [0x0000000080000000, 0x0000000100000000)
  region size 1024K, 15 young (15360K), 2 survivors (2048K)
 Metaspace       used 112690K, capacity 115639K, committed 115792K, reserved 1150976K
  class space    used 13708K, capacity 14728K, committed 14848K, reserved 1048576K
}
Event: 2370.116 GC heap after
{Heap after GC invocations=92 (full 0):
 garbage-first heap   total 312320K, used 165086K [0x0000000080000000, 0x0000000100000000)
  region size 1024K, 2 young (2048K), 2 survivors (2048K)
 Metaspace       used 112690K, capacity 115639K, committed 115792K, reserved 1150976K
  class space    used 13708K, capacity 14728K, committed 14848K, reserved 1048576K
}
Event: 2370.428 GC heap before
{Heap before GC invocations=92 (full 0):
 garbage-first heap   total 312320K, used 235742K [0x0000000080000000, 0x0000000100000000)
  region size 1024K, 71 young (72704K), 2 survivors (2048K)
 Metaspace       used 112730K, capacity 115643K, committed 115792K, reserved 1150976K
  class space    used 13709K, capacity 14728K, committed 14848K, reserved 1048576K
}
Event: 2370.431 GC heap after
{Heap after GC invocations=93 (full 0):
 garbage-first heap   total 312320K, used 161720K [0x0000000080000000, 0x0000000100000000)
  region size 1024K, 3 young (3072K), 3 survivors (3072K)
 Metaspace       used 112730K, capacity 115643K, committed 115792K, reserved 1150976K
  class space    used 13709K, capacity 14728K, committed 14848K, reserved 1048576K
}
Event: 2370.726 GC heap before
{Heap before GC invocations=93 (full 0):
 garbage-first heap   total 312320K, used 238520K [0x0000000080000000, 0x0000000100000000)
  region size 1024K, 78 young (79872K), 3 survivors (3072K)
 Metaspace       used 112747K, capacity 115644K, committed 115792K, reserved 1150976K
  class space    used 13709K, capacity 14728K, committed 14848K, reserved 1048576K
}
Event: 2370.730 GC heap after
{Heap after GC invocations=94 (full 0):
 garbage-first heap   total 312320K, used 162612K [0x0000000080000000, 0x0000000100000000)
  region size 1024K, 4 young (4096K), 4 survivors (4096K)
 Metaspace       used 112747K, capacity 115644K, committed 115792K, reserved 1150976K
  class space    used 13709K, capacity 14728K, committed 14848K, reserved 1048576K
}
Event: 2371.143 GC heap before
{Heap before GC invocations=94 (full 0):
 garbage-first heap   total 312320K, used 244532K [0x0000000080000000, 0x0000000100000000)
  region size 1024K, 84 young (86016K), 4 survivors (4096K)
 Metaspace       used 112760K, capacity 115645K, committed 115792K, reserved 1150976K
  class space    used 13709K, capacity 14728K, committed 14848K, reserved 1048576K
}
Event: 2371.147 GC heap after
{Heap after GC invocations=95 (full 0):
 garbage-first heap   total 312320K, used 162821K [0x0000000080000000, 0x0000000100000000)
  region size 1024K, 4 young (4096K), 4 survivors (4096K)
 Metaspace       used 112760K, capacity 115645K, committed 115792K, reserved 1150976K
  class space    used 13709K, capacity 14728K, committed 14848K, reserved 1048576K
}
Event: 2371.713 GC heap before
{Heap before GC invocations=95 (full 0):
 garbage-first heap   total 312320K, used 248837K [0x0000000080000000, 0x0000000100000000)
  region size 1024K, 88 young (90112K), 4 survivors (4096K)
 Metaspace       used 112864K, capacity 115765K, committed 116048K, reserved 1150976K
  class space    used 13723K, capacity 14745K, committed 14848K, reserved 1048576K
}
Event: 2371.717 GC heap after
{Heap after GC invocations=96 (full 0):
 garbage-first heap   total 312320K, used 164062K [0x0000000080000000, 0x0000000100000000)
  region size 1024K, 5 young (5120K), 5 survivors (5120K)
 Metaspace       used 112864K, capacity 115765K, committed 116048K, reserved 1150976K
  class space    used 13723K, capacity 14745K, committed 14848K, reserved 1048576K
}
Event: 2372.154 GC heap before
{Heap before GC invocations=96 (full 0):
 garbage-first heap   total 312320K, used 253150K [0x0000000080000000, 0x0000000100000000)
  region size 1024K, 92 young (94208K), 5 survivors (5120K)
 Metaspace       used 112866K, capacity 115765K, committed 116048K, reserved 1150976K
  class space    used 13723K, capacity 14745K, committed 14848K, reserved 1048576K
}
Event: 2372.164 GC heap after
{Heap after GC invocations=97 (full 0):
 garbage-first heap   total 312320K, used 170427K [0x0000000080000000, 0x0000000100000000)
  region size 1024K, 12 young (12288K), 12 survivors (12288K)
 Metaspace       used 112866K, capacity 115765K, committed 116048K, reserved 1150976K
  class space    used 13723K, capacity 14745K, committed 14848K, reserved 1048576K
}
Event: 2372.205 GC heap before
{Heap before GC invocations=97 (full 0):
 garbage-first heap   total 312320K, used 255419K [0x0000000080000000, 0x0000000100000000)
  region size 1024K, 95 young (97280K), 12 survivors (12288K)
 Metaspace       used 112866K, capacity 115765K, committed 116048K, reserved 1150976K
  class space    used 13723K, capacity 14745K, committed 14848K, reserved 1048576K
}
Event: 2372.217 GC heap after
{Heap after GC invocations=98 (full 0):
 garbage-first heap   total 312320K, used 172955K [0x0000000080000000, 0x0000000100000000)
  region size 1024K, 3 young (3072K), 3 survivors (3072K)
 Metaspace       used 112866K, capacity 115765K, committed 116048K, reserved 1150976K
  class space    used 13723K, capacity 14745K, committed 14848K, reserved 1048576K
}
Event: 2372.783 GC heap before
{Heap before GC invocations=98 (full 0):
 garbage-first heap   total 312320K, used 258971K [0x0000000080000000, 0x0000000100000000)
  region size 1024K, 88 young (90112K), 3 survivors (3072K)
 Metaspace       used 112878K, capacity 115832K, committed 116048K, reserved 1150976K
  class space    used 13724K, capacity 14746K, committed 14848K, reserved 1048576K
}
Event: 2372.796 GC heap after
{Heap after GC invocations=99 (full 0):
 garbage-first heap   total 384000K, used 176481K [0x0000000080000000, 0x0000000100000000)
  region size 1024K, 7 young (7168K), 7 survivors (7168K)
 Metaspace       used 112878K, capacity 115832K, committed 116048K, reserved 1150976K
  class space    used 13724K, capacity 14746K, committed 14848K, reserved 1048576K
}

