# JRE version: OpenJDK Runtime Environment (17.0.6) (build 17.0.6+0-b2043.56-10027231)
# Java VM: OpenJDK 64-Bit Server VM (17.0.6+0-b2043.56-10027231, mixed mode, tiered, compressed oops, compressed class ptrs, g1 gc, windows-amd64)
GC Precious Log:
 CPUs: 4 total, 4 available
 Memory: 16247M
 Large Page Support: Disabled
 NUMA Support: Disabled
 Compressed Oops: Enabled (32-bit)
 Heap Region Size: 1M
 Heap Min Capacity: 8M
 Heap Initial Capacity: 254M
 Heap Max Capacity: 2G
 Pre-touch: Disabled
 Parallel Workers: 4
 Concurrent Workers: 1
 Concurrent Refinement Workers: 4
 Periodic GC: Disabled
Heap:
 garbage-first heap   total 215040K, used 85777K [0x0000000080000000, 0x0000000100000000)
  region size 1024K, 27 young (27648K), 7 survivors (7168K)
 Metaspace       used 76747K, committed 77440K, reserved 1122304K
  class space    used 10379K, committed 10688K, reserved 1048576K
GC Heap History (20 events):
Event: 6.148 GC heap before
{Heap before GC invocations=18 (full 0):
 garbage-first heap   total 89088K, used 68977K [0x0000000080000000, 0x0000000100000000)
  region size 1024K, 20 young (20480K), 2 survivors (2048K)
 Metaspace       used 55700K, committed 56192K, reserved 1105920K
  class space    used 7428K, committed 7616K, reserved 1048576K
}
Event: 6.150 GC heap after
{Heap after GC invocations=19 (full 0):
 garbage-first heap   total 107520K, used 51097K [0x0000000080000000, 0x0000000100000000)
  region size 1024K, 1 young (1024K), 1 survivors (1024K)
 Metaspace       used 55700K, committed 56192K, reserved 1105920K
  class space    used 7428K, committed 7616K, reserved 1048576K
}
Event: 6.462 GC heap before
{Heap before GC invocations=20 (full 0):
 garbage-first heap   total 107520K, used 80793K [0x0000000080000000, 0x0000000100000000)
  region size 1024K, 30 young (30720K), 1 survivors (1024K)
 Metaspace       used 59159K, committed 59648K, reserved 1105920K
  class space    used 7833K, committed 8064K, reserved 1048576K
}
Event: 6.465 GC heap after
{Heap after GC invocations=21 (full 0):
 garbage-first heap   total 107520K, used 51705K [0x0000000080000000, 0x0000000100000000)
  region size 1024K, 2 young (2048K), 2 survivors (2048K)
 Metaspace       used 59159K, committed 59648K, reserved 1105920K
  class space    used 7833K, committed 8064K, reserved 1048576K
}
Event: 6.502 GC heap before
{Heap before GC invocations=21 (full 0):
 garbage-first heap   total 107520K, used 53753K [0x0000000080000000, 0x0000000100000000)
  region size 1024K, 5 young (5120K), 2 survivors (2048K)
 Metaspace       used 59397K, committed 59904K, reserved 1105920K
  class space    used 7850K, committed 8064K, reserved 1048576K
}
Event: 6.505 GC heap after
{Heap after GC invocations=22 (full 0):
 garbage-first heap   total 107520K, used 51723K [0x0000000080000000, 0x0000000100000000)
  region size 1024K, 1 young (1024K), 1 survivors (1024K)
 Metaspace       used 59397K, committed 59904K, reserved 1105920K
  class space    used 7850K, committed 8064K, reserved 1048576K
}
Event: 6.989 GC heap before
{Heap before GC invocations=22 (full 0):
 garbage-first heap   total 107520K, used 82443K [0x0000000080000000, 0x0000000100000000)
  region size 1024K, 31 young (31744K), 1 survivors (1024K)
 Metaspace       used 63542K, committed 64000K, reserved 1105920K
  class space    used 8419K, committed 8640K, reserved 1048576K
}
Event: 6.993 GC heap after
{Heap after GC invocations=23 (full 0):
 garbage-first heap   total 107520K, used 53128K [0x0000000080000000, 0x0000000100000000)
  region size 1024K, 2 young (2048K), 2 survivors (2048K)
 Metaspace       used 63542K, committed 64000K, reserved 1105920K
  class space    used 8419K, committed 8640K, reserved 1048576K
}
Event: 7.381 GC heap before
{Heap before GC invocations=24 (full 0):
 garbage-first heap   total 107520K, used 91016K [0x0000000080000000, 0x0000000100000000)
  region size 1024K, 33 young (33792K), 2 survivors (2048K)
 Metaspace       used 66049K, committed 66560K, reserved 1114112K
  class space    used 8729K, committed 8960K, reserved 1048576K
}
Event: 7.384 GC heap after
{Heap after GC invocations=25 (full 0):
 garbage-first heap   total 107520K, used 57834K [0x0000000080000000, 0x0000000100000000)
  region size 1024K, 5 young (5120K), 5 survivors (5120K)
 Metaspace       used 66049K, committed 66560K, reserved 1114112K
  class space    used 8729K, committed 8960K, reserved 1048576K
}
Event: 7.399 GC heap before
{Heap before GC invocations=25 (full 0):
 garbage-first heap   total 107520K, used 58858K [0x0000000080000000, 0x0000000100000000)
  region size 1024K, 6 young (6144K), 5 survivors (5120K)
 Metaspace       used 66179K, committed 66688K, reserved 1114112K
  class space    used 8741K, committed 8960K, reserved 1048576K
}
Event: 7.404 GC heap after
{Heap after GC invocations=26 (full 0):
 garbage-first heap   total 107520K, used 57502K [0x0000000080000000, 0x0000000100000000)
  region size 1024K, 1 young (1024K), 1 survivors (1024K)
 Metaspace       used 66179K, committed 66688K, reserved 1114112K
  class space    used 8741K, committed 8960K, reserved 1048576K
}
Event: 7.719 GC heap before
{Heap before GC invocations=26 (full 0):
 garbage-first heap   total 107520K, used 84126K [0x0000000080000000, 0x0000000100000000)
  region size 1024K, 27 young (27648K), 1 survivors (1024K)
 Metaspace       used 68186K, committed 68736K, reserved 1114112K
  class space    used 9016K, committed 9216K, reserved 1048576K
}
Event: 7.721 GC heap after
{Heap after GC invocations=27 (full 0):
 garbage-first heap   total 107520K, used 58697K [0x0000000080000000, 0x0000000100000000)
  region size 1024K, 2 young (2048K), 2 survivors (2048K)
 Metaspace       used 68186K, committed 68736K, reserved 1114112K
  class space    used 9016K, committed 9216K, reserved 1048576K
}
Event: 8.084 GC heap before
{Heap before GC invocations=28 (full 0):
 garbage-first heap   total 107520K, used 86345K [0x0000000080000000, 0x0000000100000000)
  region size 1024K, 29 young (29696K), 2 survivors (2048K)
 Metaspace       used 69560K, committed 70080K, reserved 1114112K
  class space    used 9215K, committed 9472K, reserved 1048576K
}
Event: 8.088 GC heap after
{Heap after GC invocations=29 (full 0):
 garbage-first heap   total 107520K, used 60383K [0x0000000080000000, 0x0000000100000000)
  region size 1024K, 4 young (4096K), 4 survivors (4096K)
 Metaspace       used 69560K, committed 70080K, reserved 1114112K
  class space    used 9215K, committed 9472K, reserved 1048576K
}
Event: 8.100 GC heap before
{Heap before GC invocations=29 (full 0):
 garbage-first heap   total 107520K, used 61407K [0x0000000080000000, 0x0000000100000000)
  region size 1024K, 5 young (5120K), 4 survivors (4096K)
 Metaspace       used 69577K, committed 70144K, reserved 1114112K
  class space    used 9217K, committed 9472K, reserved 1048576K
}
Event: 8.103 GC heap after
{Heap after GC invocations=30 (full 0):
 garbage-first heap   total 215040K, used 60570K [0x0000000080000000, 0x0000000100000000)
  region size 1024K, 1 young (1024K), 1 survivors (1024K)
 Metaspace       used 69577K, committed 70144K, reserved 1114112K
  class space    used 9217K, committed 9472K, reserved 1048576K
}
Event: 10.381 GC heap before
{Heap before GC invocations=30 (full 0):
 garbage-first heap   total 215040K, used 169114K [0x0000000080000000, 0x0000000100000000)
  region size 1024K, 107 young (109568K), 1 survivors (1024K)
 Metaspace       used 75155K, committed 75776K, reserved 1114112K
  class space    used 10128K, committed 10432K, reserved 1048576K
}
Event: 10.389 GC heap after
{Heap after GC invocations=31 (full 0):
 garbage-first heap   total 215040K, used 66321K [0x0000000080000000, 0x0000000100000000)
  region size 1024K, 7 young (7168K), 7 survivors (7168K)
 Metaspace       used 75155K, committed 75776K, reserved 1114112K
  class space    used 10128K, committed 10432K, reserved 1048576K
}

