# JRE version: OpenJDK Runtime Environment (8.0_242-b01) (build 1.8.0_242-release-1644-b01)
# Java VM: OpenJDK 64-Bit Server VM (25.242-b01 mixed mode windows-amd64 compressed oops)
Heap:
 PSYoungGen      total 121344K, used 121324K [0x00000000d5580000, 0x00000000dd780000, 0x0000000100000000)
  eden space 109568K, 100% used [0x00000000d5580000,0x00000000dc080000,0x00000000dc080000)
  from space 11776K, 99% used [0x00000000dc080000,0x00000000dcbfb300,0x00000000dcc00000)
  to   space 11264K, 99% used [0x00000000dcc80000,0x00000000dd77f2d0,0x00000000dd780000)
 ParOldGen       total 92672K, used 37523K [0x0000000080000000, 0x0000000085a80000, 0x00000000d5580000)
  object space 92672K, 40% used [0x0000000080000000,0x00000000824a4f30,0x0000000085a80000)
 Metaspace       used 55936K, capacity 58158K, committed 58416K, reserved 1099776K
  class space    used 7656K, capacity 8209K, committed 8240K, reserved 1048576K
GC Heap History (10 events):
Event: 6.353 GC heap after
Heap after GC invocations=7 (full 1):
 PSYoungGen      total 120832K, used 8614K [0x00000000d5580000, 0x00000000dd780000, 0x0000000100000000)
  eden space 109568K, 0% used [0x00000000d5580000,0x00000000d5580000,0x00000000dc080000)
  from space 11264K, 76% used [0x00000000dcc80000,0x00000000dd4e9900,0x00000000dd780000)
  to   space 11776K, 0% used [0x00000000dc080000,0x00000000dc080000,0x00000000dcc00000)
 ParOldGen       total 92672K, used 7415K [0x0000000080000000, 0x0000000085a80000, 0x00000000d5580000)
  object space 92672K, 8% used [0x0000000080000000,0x000000008073dcc8,0x0000000085a80000)
 Metaspace       used 32308K, capacity 33120K, committed 33328K, reserved 1077248K
  class space    used 4405K, capacity 4609K, committed 4656K, reserved 1048576K
}
Event: 7.036 GC heap before
{Heap before GC invocations=8 (full 1):
 PSYoungGen      total 120832K, used 56430K [0x00000000d5580000, 0x00000000dd780000, 0x0000000100000000)
  eden space 109568K, 43% used [0x00000000d5580000,0x00000000d84320d0,0x00000000dc080000)
  from space 11264K, 76% used [0x00000000dcc80000,0x00000000dd4e9900,0x00000000dd780000)
  to   space 11776K, 0% used [0x00000000dc080000,0x00000000dc080000,0x00000000dcc00000)
 ParOldGen       total 92672K, used 7415K [0x0000000080000000, 0x0000000085a80000, 0x00000000d5580000)
  object space 92672K, 8% used [0x0000000080000000,0x000000008073dcc8,0x0000000085a80000)
 Metaspace       used 34546K, capacity 35400K, committed 35496K, reserved 1079296K
  class space    used 4737K, capacity 4971K, committed 5040K, reserved 1048576K
Event: 7.064 GC heap after
Heap after GC invocations=8 (full 1):
 PSYoungGen      total 121344K, used 8815K [0x00000000d5580000, 0x00000000dd780000, 0x0000000100000000)
  eden space 109568K, 0% used [0x00000000d5580000,0x00000000d5580000,0x00000000dc080000)
  from space 11776K, 74% used [0x00000000dc080000,0x00000000dc91be48,0x00000000dcc00000)
  to   space 11264K, 0% used [0x00000000dcc80000,0x00000000dcc80000,0x00000000dd780000)
 ParOldGen       total 92672K, used 7423K [0x0000000080000000, 0x0000000085a80000, 0x00000000d5580000)
  object space 92672K, 8% used [0x0000000080000000,0x000000008073fcc8,0x0000000085a80000)
 Metaspace       used 34546K, capacity 35400K, committed 35496K, reserved 1079296K
  class space    used 4737K, capacity 4971K, committed 5040K, reserved 1048576K
}
Event: 7.064 GC heap before
{Heap before GC invocations=9 (full 2):
 PSYoungGen      total 121344K, used 8815K [0x00000000d5580000, 0x00000000dd780000, 0x0000000100000000)
  eden space 109568K, 0% used [0x00000000d5580000,0x00000000d5580000,0x00000000dc080000)
  from space 11776K, 74% used [0x00000000dc080000,0x00000000dc91be48,0x00000000dcc00000)
  to   space 11264K, 0% used [0x00000000dcc80000,0x00000000dcc80000,0x00000000dd780000)
 ParOldGen       total 92672K, used 7423K [0x0000000080000000, 0x0000000085a80000, 0x00000000d5580000)
  object space 92672K, 8% used [0x0000000080000000,0x000000008073fcc8,0x0000000085a80000)
 Metaspace       used 34546K, capacity 35400K, committed 35496K, reserved 1079296K
  class space    used 4737K, capacity 4971K, committed 5040K, reserved 1048576K
Event: 7.128 GC heap after
Heap after GC invocations=9 (full 2):
 PSYoungGen      total 121344K, used 0K [0x00000000d5580000, 0x00000000dd780000, 0x0000000100000000)
  eden space 109568K, 0% used [0x00000000d5580000,0x00000000d5580000,0x00000000dc080000)
  from space 11776K, 0% used [0x00000000dc080000,0x00000000dc080000,0x00000000dcc00000)
  to   space 11264K, 0% used [0x00000000dcc80000,0x00000000dcc80000,0x00000000dd780000)
 ParOldGen       total 92672K, used 15429K [0x0000000080000000, 0x0000000085a80000, 0x00000000d5580000)
  object space 92672K, 16% used [0x0000000080000000,0x0000000080f115e8,0x0000000085a80000)
 Metaspace       used 34546K, capacity 35400K, committed 35496K, reserved 1079296K
  class space    used 4737K, capacity 4971K, committed 5040K, reserved 1048576K
}
Event: 8.850 GC heap before
{Heap before GC invocations=10 (full 2):
 PSYoungGen      total 121344K, used 109568K [0x00000000d5580000, 0x00000000dd780000, 0x0000000100000000)
  eden space 109568K, 100% used [0x00000000d5580000,0x00000000dc080000,0x00000000dc080000)
  from space 11776K, 0% used [0x00000000dc080000,0x00000000dc080000,0x00000000dcc00000)
  to   space 11264K, 0% used [0x00000000dcc80000,0x00000000dcc80000,0x00000000dd780000)
 ParOldGen       total 92672K, used 15429K [0x0000000080000000, 0x0000000085a80000, 0x00000000d5580000)
  object space 92672K, 16% used [0x0000000080000000,0x0000000080f115e8,0x0000000085a80000)
 Metaspace       used 43391K, capacity 44932K, committed 45232K, reserved 1087488K
  class space    used 5877K, capacity 6254K, committed 6320K, reserved 1048576K
Event: 8.863 GC heap after
Heap after GC invocations=10 (full 2):
 PSYoungGen      total 120832K, used 11259K [0x00000000d5580000, 0x00000000dd780000, 0x0000000100000000)
  eden space 109568K, 0% used [0x00000000d5580000,0x00000000d5580000,0x00000000dc080000)
  from space 11264K, 99% used [0x00000000dcc80000,0x00000000dd77edc0,0x00000000dd780000)
  to   space 11776K, 0% used [0x00000000dc080000,0x00000000dc080000,0x00000000dcc00000)
 ParOldGen       total 92672K, used 18222K [0x0000000080000000, 0x0000000085a80000, 0x00000000d5580000)
  object space 92672K, 19% used [0x0000000080000000,0x00000000811cb928,0x0000000085a80000)
 Metaspace       used 43391K, capacity 44932K, committed 45232K, reserved 1087488K
  class space    used 5877K, capacity 6254K, committed 6320K, reserved 1048576K
}
Event: 10.212 GC heap before
{Heap before GC invocations=11 (full 2):
 PSYoungGen      total 120832K, used 120827K [0x00000000d5580000, 0x00000000dd780000, 0x0000000100000000)
  eden space 109568K, 100% used [0x00000000d5580000,0x00000000dc080000,0x00000000dc080000)
  from space 11264K, 99% used [0x00000000dcc80000,0x00000000dd77edc0,0x00000000dd780000)
  to   space 11776K, 0% used [0x00000000dc080000,0x00000000dc080000,0x00000000dcc00000)
 ParOldGen       total 92672K, used 18222K [0x0000000080000000, 0x0000000085a80000, 0x00000000d5580000)
  object space 92672K, 19% used [0x0000000080000000,0x00000000811cb928,0x0000000085a80000)
 Metaspace       used 50106K, capacity 51730K, committed 51888K, reserved 1093632K
  class space    used 6698K, capacity 7076K, committed 7088K, reserved 1048576K
Event: 10.301 GC heap after
Heap after GC invocations=11 (full 2):
 PSYoungGen      total 121344K, used 11756K [0x00000000d5580000, 0x00000000dd780000, 0x0000000100000000)
  eden space 109568K, 0% used [0x00000000d5580000,0x00000000d5580000,0x00000000dc080000)
  from space 11776K, 99% used [0x00000000dc080000,0x00000000dcbfb300,0x00000000dcc00000)
  to   space 11264K, 0% used [0x00000000dcc80000,0x00000000dcc80000,0x00000000dd780000)
 ParOldGen       total 92672K, used 26571K [0x0000000080000000, 0x0000000085a80000, 0x00000000d5580000)
  object space 92672K, 28% used [0x0000000080000000,0x00000000819f2e10,0x0000000085a80000)
 Metaspace       used 50106K, capacity 51730K, committed 51888K, reserved 1093632K
  class space    used 6698K, capacity 7076K, committed 7088K, reserved 1048576K
}
Event: 12.011 GC heap before
{Heap before GC invocations=12 (full 2):
 PSYoungGen      total 121344K, used 121324K [0x00000000d5580000, 0x00000000dd780000, 0x0000000100000000)
  eden space 109568K, 100% used [0x00000000d5580000,0x00000000dc080000,0x00000000dc080000)
  from space 11776K, 99% used [0x00000000dc080000,0x00000000dcbfb300,0x00000000dcc00000)
  to   space 11264K, 0% used [0x00000000dcc80000,0x00000000dcc80000,0x00000000dd780000)
 ParOldGen       total 92672K, used 26571K [0x0000000080000000, 0x0000000085a80000, 0x00000000d5580000)
  object space 92672K, 28% used [0x0000000080000000,0x00000000819f2e10,0x0000000085a80000)
 Metaspace       used 55936K, capacity 58158K, committed 58416K, reserved 1099776K
  class space    used 7656K, capacity 8209K, committed 8240K, reserved 1048576K

