# JRE version: OpenJDK Runtime Environment (17.0.10) (build 17.0.10+0--11572160)
# Java VM: OpenJDK 64-Bit Server VM (17.0.10+0--11572160, mixed mode, tiered, compressed oops, compressed class ptrs, g1 gc, windows-amd64)
GC Precious Log:
 CPUs: 4 total, 4 available
 Memory: 16247M
 Large Page Support: Disabled
 NUMA Support: Disabled
 Compressed Oops: Enabled (32-bit)
 Heap Region Size: 1M
 Heap Min Capacity: 8M
 Heap Initial Capacity: 254M
 Heap Max Capacity: 2G
 Pre-touch: Disabled
 Parallel Workers: 4
 Concurrent Workers: 1
 Concurrent Refinement Workers: 4
 Periodic GC: Disabled
Heap:
 garbage-first heap   total 385024K, used 203648K [0x0000000080000000, 0x0000000100000000)
  region size 1024K, 6 young (6144K), 6 survivors (6144K)
 Metaspace       used 112794K, committed 113536K, reserved 1179648K
  class space    used 15463K, committed 15808K, reserved 1048576K
GC Heap History (20 events):
Event: 22.604 GC heap after
{Heap after GC invocations=53 (full 0):
 garbage-first heap   total 385024K, used 98411K [0x0000000080000000, 0x0000000100000000)
  region size 1024K, 1 young (1024K), 1 survivors (1024K)
 Metaspace       used 94862K, committed 95616K, reserved 1179648K
  class space    used 12860K, committed 13248K, reserved 1048576K
}
Event: 23.964 GC heap before
{Heap before GC invocations=53 (full 0):
 garbage-first heap   total 385024K, used 247915K [0x0000000080000000, 0x0000000100000000)
  region size 1024K, 148 young (151552K), 1 survivors (1024K)
 Metaspace       used 95075K, committed 95808K, reserved 1179648K
  class space    used 12881K, committed 13248K, reserved 1048576K
}
Event: 23.974 GC heap after
{Heap after GC invocations=54 (full 0):
 garbage-first heap   total 385024K, used 106534K [0x0000000080000000, 0x0000000100000000)
  region size 1024K, 9 young (9216K), 9 survivors (9216K)
 Metaspace       used 95075K, committed 95808K, reserved 1179648K
  class space    used 12881K, committed 13248K, reserved 1048576K
}
Event: 24.242 GC heap before
{Heap before GC invocations=54 (full 0):
 garbage-first heap   total 385024K, used 143398K [0x0000000080000000, 0x0000000100000000)
  region size 1024K, 46 young (47104K), 9 survivors (9216K)
 Metaspace       used 95099K, committed 95808K, reserved 1179648K
  class space    used 12882K, committed 13248K, reserved 1048576K
}
Event: 24.251 GC heap after
{Heap after GC invocations=55 (full 0):
 garbage-first heap   total 385024K, used 107627K [0x0000000080000000, 0x0000000100000000)
  region size 1024K, 10 young (10240K), 10 survivors (10240K)
 Metaspace       used 95099K, committed 95808K, reserved 1179648K
  class space    used 12882K, committed 13248K, reserved 1048576K
}
Event: 28.707 GC heap before
{Heap before GC invocations=56 (full 0):
 garbage-first heap   total 385024K, used 310379K [0x0000000080000000, 0x0000000100000000)
  region size 1024K, 199 young (203776K), 10 survivors (10240K)
 Metaspace       used 99996K, committed 100736K, reserved 1179648K
  class space    used 13594K, committed 13952K, reserved 1048576K
}
Event: 28.725 GC heap after
{Heap after GC invocations=57 (full 0):
 garbage-first heap   total 385024K, used 124973K [0x0000000080000000, 0x0000000100000000)
  region size 1024K, 25 young (25600K), 25 survivors (25600K)
 Metaspace       used 99996K, committed 100736K, reserved 1179648K
  class space    used 13594K, committed 13952K, reserved 1048576K
}
Event: 28.730 GC heap before
{Heap before GC invocations=57 (full 0):
 garbage-first heap   total 385024K, used 125997K [0x0000000080000000, 0x0000000100000000)
  region size 1024K, 26 young (26624K), 25 survivors (25600K)
 Metaspace       used 99996K, committed 100736K, reserved 1179648K
  class space    used 13594K, committed 13952K, reserved 1048576K
}
Event: 28.743 GC heap after
{Heap after GC invocations=58 (full 0):
 garbage-first heap   total 385024K, used 126775K [0x0000000080000000, 0x0000000100000000)
  region size 1024K, 2 young (2048K), 2 survivors (2048K)
 Metaspace       used 99996K, committed 100736K, reserved 1179648K
  class space    used 13594K, committed 13952K, reserved 1048576K
}
Event: 30.125 GC heap before
{Heap before GC invocations=58 (full 0):
 garbage-first heap   total 385024K, used 304951K [0x0000000080000000, 0x0000000100000000)
  region size 1024K, 177 young (181248K), 2 survivors (2048K)
 Metaspace       used 105149K, committed 105920K, reserved 1179648K
  class space    used 14395K, committed 14784K, reserved 1048576K
}
Event: 30.156 GC heap after
{Heap after GC invocations=59 (full 0):
 garbage-first heap   total 385024K, used 159744K [0x0000000080000000, 0x0000000100000000)
  region size 1024K, 23 young (23552K), 23 survivors (23552K)
 Metaspace       used 105149K, committed 105920K, reserved 1179648K
  class space    used 14395K, committed 14784K, reserved 1048576K
}
Event: 30.962 GC heap before
{Heap before GC invocations=59 (full 0):
 garbage-first heap   total 385024K, used 303104K [0x0000000080000000, 0x0000000100000000)
  region size 1024K, 163 young (166912K), 23 survivors (23552K)
 Metaspace       used 108603K, committed 109312K, reserved 1179648K
  class space    used 14892K, committed 15232K, reserved 1048576K
}
Event: 31.000 GC heap after
{Heap after GC invocations=60 (full 0):
 garbage-first heap   total 385024K, used 176128K [0x0000000080000000, 0x0000000100000000)
  region size 1024K, 17 young (17408K), 17 survivors (17408K)
 Metaspace       used 108603K, committed 109312K, reserved 1179648K
  class space    used 14892K, committed 15232K, reserved 1048576K
}
Event: 31.534 GC heap before
{Heap before GC invocations=60 (full 0):
 garbage-first heap   total 385024K, used 304128K [0x0000000080000000, 0x0000000100000000)
  region size 1024K, 143 young (146432K), 17 survivors (17408K)
 Metaspace       used 109321K, committed 110080K, reserved 1179648K
  class space    used 14930K, committed 15296K, reserved 1048576K
}
Event: 31.565 GC heap after
{Heap after GC invocations=61 (full 0):
 garbage-first heap   total 385024K, used 192512K [0x0000000080000000, 0x0000000100000000)
  region size 1024K, 16 young (16384K), 16 survivors (16384K)
 Metaspace       used 109321K, committed 110080K, reserved 1179648K
  class space    used 14930K, committed 15296K, reserved 1048576K
}
Event: 32.737 GC heap before
{Heap before GC invocations=62 (full 0):
 garbage-first heap   total 385024K, used 308224K [0x0000000080000000, 0x0000000100000000)
  region size 1024K, 129 young (132096K), 16 survivors (16384K)
 Metaspace       used 110683K, committed 111360K, reserved 1179648K
  class space    used 15164K, committed 15488K, reserved 1048576K
}
Event: 32.754 GC heap after
{Heap after GC invocations=63 (full 0):
 garbage-first heap   total 385024K, used 195584K [0x0000000080000000, 0x0000000100000000)
  region size 1024K, 4 young (4096K), 4 survivors (4096K)
 Metaspace       used 110683K, committed 111360K, reserved 1179648K
  class space    used 15164K, committed 15488K, reserved 1048576K
}
Event: 32.877 GC heap before
{Heap before GC invocations=63 (full 0):
 garbage-first heap   total 385024K, used 208896K [0x0000000080000000, 0x0000000100000000)
  region size 1024K, 18 young (18432K), 4 survivors (4096K)
 Metaspace       used 111109K, committed 111872K, reserved 1179648K
  class space    used 15235K, committed 15616K, reserved 1048576K
}
Event: 32.885 GC heap after
{Heap after GC invocations=64 (full 0):
 garbage-first heap   total 385024K, used 195707K [0x0000000080000000, 0x0000000100000000)
  region size 1024K, 2 young (2048K), 2 survivors (2048K)
 Metaspace       used 111109K, committed 111872K, reserved 1179648K
  class space    used 15235K, committed 15616K, reserved 1048576K
}
Event: 34.190 GC heap before
{Heap before GC invocations=64 (full 0):
 garbage-first heap   total 385024K, used 316539K [0x0000000080000000, 0x0000000100000000)
  region size 1024K, 117 young (119808K), 2 survivors (2048K)
 Metaspace       used 112794K, committed 113536K, reserved 1179648K
  class space    used 15463K, committed 15808K, reserved 1048576K
}

