# JRE version: OpenJDK Runtime Environment (11.0.12+7) (build 11.0.12+7-b1504.28-7817840)
# Java VM: OpenJDK 64-Bit Server VM (11.0.12+7-b1504.28-7817840, mixed mode, tiered, compressed oops, g1 gc, windows-amd64)
Heap:
 garbage-first heap   total 654336K, used 378368K [0x0000000080000000, 0x0000000100000000)
  region size 1024K, 8 young (8192K), 8 survivors (8192K)
 Metaspace       used 115447K, capacity 118757K, committed 118988K, reserved 1153024K
  class space    used 14586K, capacity 15868K, committed 15872K, reserved 1048576K
GC Heap History (20 events):
Event: 33.466 GC heap after
{Heap after GC invocations=62 (full 0):
 garbage-first heap   total 444416K, used 207481K [0x0000000080000000, 0x0000000100000000)
  region size 1024K, 17 young (17408K), 17 survivors (17408K)
 Metaspace       used 113477K, capacity 116708K, committed 117068K, reserved 1150976K
  class space    used 14401K, capacity 15619K, committed 15744K, reserved 1048576K
}
Event: 34.222 GC heap before
{Heap before GC invocations=62 (full 0):
 garbage-first heap   total 444416K, used 379513K [0x0000000080000000, 0x0000000100000000)
  region size 1024K, 186 young (190464K), 17 survivors (17408K)
 Metaspace       used 113571K, capacity 116789K, committed 117068K, reserved 1150976K
  class space    used 14401K, capacity 15619K, committed 15744K, reserved 1048576K
}
Event: 34.238 GC heap after
{Heap after GC invocations=63 (full 0):
 garbage-first heap   total 444416K, used 211960K [0x0000000080000000, 0x0000000100000000)
  region size 1024K, 17 young (17408K), 17 survivors (17408K)
 Metaspace       used 113571K, capacity 116789K, committed 117068K, reserved 1150976K
  class space    used 14401K, capacity 15619K, committed 15744K, reserved 1048576K
}
Event: 35.113 GC heap before
{Heap before GC invocations=63 (full 0):
 garbage-first heap   total 444416K, used 376824K [0x0000000080000000, 0x0000000100000000)
  region size 1024K, 179 young (183296K), 17 survivors (17408K)
 Metaspace       used 113591K, capacity 116798K, committed 117068K, reserved 1150976K
  class space    used 14401K, capacity 15619K, committed 15744K, reserved 1048576K
}
Event: 35.130 GC heap after
{Heap after GC invocations=64 (full 0):
 garbage-first heap   total 510976K, used 212180K [0x0000000080000000, 0x0000000100000000)
  region size 1024K, 9 young (9216K), 9 survivors (9216K)
 Metaspace       used 113591K, capacity 116798K, committed 117068K, reserved 1150976K
  class space    used 14401K, capacity 15619K, committed 15744K, reserved 1048576K
}
Event: 36.217 GC heap before
{Heap before GC invocations=64 (full 0):
 garbage-first heap   total 510976K, used 420052K [0x0000000080000000, 0x0000000100000000)
  region size 1024K, 213 young (218112K), 9 survivors (9216K)
 Metaspace       used 113596K, capacity 116798K, committed 117068K, reserved 1150976K
  class space    used 14402K, capacity 15619K, committed 15744K, reserved 1048576K
}
Event: 36.224 GC heap after
{Heap after GC invocations=65 (full 0):
 garbage-first heap   total 510976K, used 212387K [0x0000000080000000, 0x0000000100000000)
  region size 1024K, 9 young (9216K), 9 survivors (9216K)
 Metaspace       used 113596K, capacity 116798K, committed 117068K, reserved 1150976K
  class space    used 14402K, capacity 15619K, committed 15744K, reserved 1048576K
}
Event: 37.223 GC heap before
{Heap before GC invocations=65 (full 0):
 garbage-first heap   total 510976K, used 438691K [0x0000000080000000, 0x0000000100000000)
  region size 1024K, 231 young (236544K), 9 survivors (9216K)
 Metaspace       used 113609K, capacity 116799K, committed 117068K, reserved 1150976K
  class space    used 14404K, capacity 15619K, committed 15744K, reserved 1048576K
}
Event: 37.229 GC heap after
{Heap after GC invocations=66 (full 0):
 garbage-first heap   total 510976K, used 211693K [0x0000000080000000, 0x0000000100000000)
  region size 1024K, 8 young (8192K), 8 survivors (8192K)
 Metaspace       used 113609K, capacity 116799K, committed 117068K, reserved 1150976K
  class space    used 14404K, capacity 15619K, committed 15744K, reserved 1048576K
}
Event: 39.604 GC heap before
{Heap before GC invocations=66 (full 0):
 garbage-first heap   total 510976K, used 467693K [0x0000000080000000, 0x0000000100000000)
  region size 1024K, 226 young (231424K), 8 survivors (8192K)
 Metaspace       used 114728K, capacity 118014K, committed 118220K, reserved 1150976K
  class space    used 14521K, capacity 15773K, committed 15872K, reserved 1048576K
}
Event: 39.623 GC heap after
{Heap after GC invocations=67 (full 0):
 garbage-first heap   total 510976K, used 263989K [0x0000000080000000, 0x0000000100000000)
  region size 1024K, 30 young (30720K), 30 survivors (30720K)
 Metaspace       used 114728K, capacity 118014K, committed 118220K, reserved 1150976K
  class space    used 14521K, capacity 15773K, committed 15872K, reserved 1048576K
}
Event: 40.370 GC heap before
{Heap before GC invocations=68 (full 0):
 garbage-first heap   total 510976K, used 436021K [0x0000000080000000, 0x0000000100000000)
  region size 1024K, 182 young (186368K), 30 survivors (30720K)
 Metaspace       used 115278K, capacity 118615K, committed 118732K, reserved 1153024K
  class space    used 14578K, capacity 15865K, committed 15872K, reserved 1048576K
}
Event: 40.466 GC heap after
{Heap after GC invocations=69 (full 0):
 garbage-first heap   total 522240K, used 323951K [0x0000000080000000, 0x0000000100000000)
  region size 1024K, 23 young (23552K), 23 survivors (23552K)
 Metaspace       used 115278K, capacity 118615K, committed 118732K, reserved 1153024K
  class space    used 14578K, capacity 15865K, committed 15872K, reserved 1048576K
}
Event: 40.489 GC heap before
{Heap before GC invocations=69 (full 0):
 garbage-first heap   total 522240K, used 325999K [0x0000000080000000, 0x0000000100000000)
  region size 1024K, 25 young (25600K), 23 survivors (23552K)
 Metaspace       used 115278K, capacity 118615K, committed 118732K, reserved 1153024K
  class space    used 14578K, capacity 15865K, committed 15872K, reserved 1048576K
}
Event: 40.540 GC heap after
{Heap after GC invocations=70 (full 0):
 garbage-first heap   total 522240K, used 291840K [0x0000000080000000, 0x0000000100000000)
  region size 1024K, 3 young (3072K), 3 survivors (3072K)
 Metaspace       used 115278K, capacity 118615K, committed 118732K, reserved 1153024K
  class space    used 14578K, capacity 15865K, committed 15872K, reserved 1048576K
}
Event: 40.797 GC heap before
{Heap before GC invocations=70 (full 0):
 garbage-first heap   total 522240K, used 401408K [0x0000000080000000, 0x0000000100000000)
  region size 1024K, 110 young (112640K), 3 survivors (3072K)
 Metaspace       used 115325K, capacity 118679K, committed 118732K, reserved 1153024K
  class space    used 14578K, capacity 15865K, committed 15872K, reserved 1048576K
}
Event: 40.849 GC heap after
{Heap after GC invocations=71 (full 0):
 garbage-first heap   total 522240K, used 346624K [0x0000000080000000, 0x0000000100000000)
  region size 1024K, 14 young (14336K), 14 survivors (14336K)
 Metaspace       used 115325K, capacity 118679K, committed 118732K, reserved 1153024K
  class space    used 14578K, capacity 15865K, committed 15872K, reserved 1048576K
}
Event: 41.108 GC heap before
{Heap before GC invocations=71 (full 0):
 garbage-first heap   total 522240K, used 410112K [0x0000000080000000, 0x0000000100000000)
  region size 1024K, 77 young (78848K), 14 survivors (14336K)
 Metaspace       used 115385K, capacity 118690K, committed 118732K, reserved 1153024K
  class space    used 14580K, capacity 15867K, committed 15872K, reserved 1048576K
}
Event: 41.150 GC heap after
{Heap after GC invocations=72 (full 0):
 garbage-first heap   total 522240K, used 369664K [0x0000000080000000, 0x0000000100000000)
  region size 1024K, 10 young (10240K), 10 survivors (10240K)
 Metaspace       used 115385K, capacity 118690K, committed 118732K, reserved 1153024K
  class space    used 14580K, capacity 15867K, committed 15872K, reserved 1048576K
}
Event: 41.484 GC heap before
{Heap before GC invocations=72 (full 0):
 garbage-first heap   total 522240K, used 424960K [0x0000000080000000, 0x0000000100000000)
  region size 1024K, 62 young (63488K), 10 survivors (10240K)
 Metaspace       used 115447K, capacity 118757K, committed 118988K, reserved 1153024K
  class space    used 14586K, capacity 15868K, committed 15872K, reserved 1048576K
}

