# JRE version: OpenJDK Runtime Environment (17.0.6) (build 17.0.6+0-b2043.56-10027231)
# Java VM: OpenJDK 64-Bit Server VM (17.0.6+0-b2043.56-10027231, mixed mode, tiered, compressed oops, compressed class ptrs, g1 gc, windows-amd64)
GC Precious Log:
 CPUs: 4 total, 4 available
 Memory: 16247M
 Large Page Support: Disabled
 NUMA Support: Disabled
 Compressed Oops: Enabled (32-bit)
 Heap Region Size: 1M
 Heap Min Capacity: 8M
 Heap Initial Capacity: 254M
 Heap Max Capacity: 2G
 Pre-touch: Disabled
 Parallel Workers: 4
 Concurrent Workers: 1
 Concurrent Refinement Workers: 4
 Periodic GC: Disabled
Heap:
 garbage-first heap   total 260096K, used 123732K [0x0000000080000000, 0x0000000100000000)
  region size 1024K, 2 young (2048K), 2 survivors (2048K)
 Metaspace       used 95256K, committed 96064K, reserved 1138688K
  class space    used 12750K, committed 13120K, reserved 1048576K
GC Heap History (20 events):
Event: 14.466 GC heap after
{Heap after GC invocations=40 (full 0):
 garbage-first heap   total 171008K, used 66441K [0x0000000080000000, 0x0000000100000000)
  region size 1024K, 7 young (7168K), 7 survivors (7168K)
 Metaspace       used 76500K, committed 77056K, reserved 1122304K
  class space    used 10298K, committed 10560K, reserved 1048576K
}
Event: 14.467 GC heap before
{Heap before GC invocations=40 (full 0):
 garbage-first heap   total 171008K, used 67465K [0x0000000080000000, 0x0000000100000000)
  region size 1024K, 8 young (8192K), 7 survivors (7168K)
 Metaspace       used 76500K, committed 77056K, reserved 1122304K
  class space    used 10298K, committed 10560K, reserved 1048576K
}
Event: 14.477 GC heap after
{Heap after GC invocations=41 (full 0):
 garbage-first heap   total 171008K, used 65886K [0x0000000080000000, 0x0000000100000000)
  region size 1024K, 1 young (1024K), 1 survivors (1024K)
 Metaspace       used 76500K, committed 77056K, reserved 1122304K
  class space    used 10298K, committed 10560K, reserved 1048576K
}
Event: 15.436 GC heap before
{Heap before GC invocations=41 (full 0):
 garbage-first heap   total 171008K, used 131422K [0x0000000080000000, 0x0000000100000000)
  region size 1024K, 65 young (66560K), 1 survivors (1024K)
 Metaspace       used 81448K, committed 82048K, reserved 1122304K
  class space    used 11075K, committed 11328K, reserved 1048576K
}
Event: 15.442 GC heap after
{Heap after GC invocations=42 (full 0):
 garbage-first heap   total 171008K, used 70241K [0x0000000080000000, 0x0000000100000000)
  region size 1024K, 5 young (5120K), 5 survivors (5120K)
 Metaspace       used 81448K, committed 82048K, reserved 1122304K
  class space    used 11075K, committed 11328K, reserved 1048576K
}
Event: 16.782 GC heap before
{Heap before GC invocations=42 (full 0):
 garbage-first heap   total 171008K, used 133729K [0x0000000080000000, 0x0000000100000000)
  region size 1024K, 67 young (68608K), 5 survivors (5120K)
 Metaspace       used 84770K, committed 85440K, reserved 1130496K
  class space    used 11504K, committed 11776K, reserved 1048576K
}
Event: 16.793 GC heap after
{Heap after GC invocations=43 (full 0):
 garbage-first heap   total 171008K, used 78265K [0x0000000080000000, 0x0000000100000000)
  region size 1024K, 9 young (9216K), 9 survivors (9216K)
 Metaspace       used 84770K, committed 85440K, reserved 1130496K
  class space    used 11504K, committed 11776K, reserved 1048576K
}
Event: 18.613 GC heap before
{Heap before GC invocations=43 (full 0):
 garbage-first heap   total 171008K, used 134585K [0x0000000080000000, 0x0000000100000000)
  region size 1024K, 64 young (65536K), 9 survivors (9216K)
 Metaspace       used 89062K, committed 89856K, reserved 1130496K
  class space    used 12051K, committed 12416K, reserved 1048576K
}
Event: 18.627 GC heap after
{Heap after GC invocations=44 (full 0):
 garbage-first heap   total 171008K, used 86985K [0x0000000080000000, 0x0000000100000000)
  region size 1024K, 8 young (8192K), 8 survivors (8192K)
 Metaspace       used 89062K, committed 89856K, reserved 1130496K
  class space    used 12051K, committed 12416K, reserved 1048576K
}
Event: 19.449 GC heap before
{Heap before GC invocations=44 (full 0):
 garbage-first heap   total 171008K, used 134089K [0x0000000080000000, 0x0000000100000000)
  region size 1024K, 55 young (56320K), 8 survivors (8192K)
 Metaspace       used 89415K, committed 90176K, reserved 1130496K
  class space    used 12055K, committed 12416K, reserved 1048576K
}
Event: 19.458 GC heap after
{Heap after GC invocations=45 (full 0):
 garbage-first heap   total 171008K, used 90494K [0x0000000080000000, 0x0000000100000000)
  region size 1024K, 4 young (4096K), 4 survivors (4096K)
 Metaspace       used 89415K, committed 90176K, reserved 1130496K
  class space    used 12055K, committed 12416K, reserved 1048576K
}
Event: 20.382 GC heap before
{Heap before GC invocations=45 (full 0):
 garbage-first heap   total 171008K, used 137598K [0x0000000080000000, 0x0000000100000000)
  region size 1024K, 50 young (51200K), 4 survivors (4096K)
 Metaspace       used 90141K, committed 90880K, reserved 1130496K
  class space    used 12119K, committed 12416K, reserved 1048576K
}
Event: 20.388 GC heap after
{Heap after GC invocations=46 (full 0):
 garbage-first heap   total 171008K, used 94966K [0x0000000080000000, 0x0000000100000000)
  region size 1024K, 7 young (7168K), 7 survivors (7168K)
 Metaspace       used 90141K, committed 90880K, reserved 1130496K
  class space    used 12119K, committed 12416K, reserved 1048576K
}
Event: 21.168 GC heap before
{Heap before GC invocations=46 (full 0):
 garbage-first heap   total 171008K, used 143094K [0x0000000080000000, 0x0000000100000000)
  region size 1024K, 50 young (51200K), 7 survivors (7168K)
 Metaspace       used 92928K, committed 93696K, reserved 1130496K
  class space    used 12511K, committed 12864K, reserved 1048576K
}
Event: 21.181 GC heap after
{Heap after GC invocations=47 (full 0):
 garbage-first heap   total 171008K, used 108641K [0x0000000080000000, 0x0000000100000000)
  region size 1024K, 7 young (7168K), 7 survivors (7168K)
 Metaspace       used 92928K, committed 93696K, reserved 1130496K
  class space    used 12511K, committed 12864K, reserved 1048576K
}
Event: 21.444 GC heap before
{Heap before GC invocations=47 (full 0):
 garbage-first heap   total 171008K, used 133217K [0x0000000080000000, 0x0000000100000000)
  region size 1024K, 31 young (31744K), 7 survivors (7168K)
 Metaspace       used 93434K, committed 94208K, reserved 1138688K
  class space    used 12562K, committed 12928K, reserved 1048576K
}
Event: 21.454 GC heap after
{Heap after GC invocations=48 (full 0):
 garbage-first heap   total 171008K, used 117248K [0x0000000080000000, 0x0000000100000000)
  region size 1024K, 4 young (4096K), 4 survivors (4096K)
 Metaspace       used 93434K, committed 94208K, reserved 1138688K
  class space    used 12562K, committed 12928K, reserved 1048576K
}
Event: 21.848 GC heap before
{Heap before GC invocations=48 (full 0):
 garbage-first heap   total 171008K, used 152064K [0x0000000080000000, 0x0000000100000000)
  region size 1024K, 22 young (22528K), 4 survivors (4096K)
 Metaspace       used 93924K, committed 94720K, reserved 1138688K
  class space    used 12613K, committed 12992K, reserved 1048576K
}
Event: 21.855 GC heap after
{Heap after GC invocations=49 (full 0):
 garbage-first heap   total 171008K, used 121342K [0x0000000080000000, 0x0000000100000000)
  region size 1024K, 3 young (3072K), 3 survivors (3072K)
 Metaspace       used 93924K, committed 94720K, reserved 1138688K
  class space    used 12613K, committed 12992K, reserved 1048576K
}
Event: 22.080 GC heap before
{Heap before GC invocations=49 (full 0):
 garbage-first heap   total 171008K, used 139774K [0x0000000080000000, 0x0000000100000000)
  region size 1024K, 20 young (20480K), 3 survivors (3072K)
 Metaspace       used 95256K, committed 96064K, reserved 1138688K
  class space    used 12750K, committed 13120K, reserved 1048576K
}

