# JRE version: OpenJDK Runtime Environment (11.0.12+7) (build 11.0.12+7-b1504.28-7817840)
# Java VM: OpenJDK 64-Bit Server VM (11.0.12+7-b1504.28-7817840, mixed mode, tiered, compressed oops, g1 gc, windows-amd64)
Heap:
 garbage-first heap   total 557056K, used 256692K [0x0000000080000000, 0x0000000100000000)
  region size 1024K, 1 young (1024K), 1 survivors (1024K)
 Metaspace       used 83947K, capacity 86313K, committed 86608K, reserved 1124352K
  class space    used 10903K, capacity 11732K, committed 11776K, reserved 1048576K
GC Heap History (20 events):
Event: 20.441 GC heap after
{Heap after GC invocations=26 (full 0):
 garbage-first heap   total 260096K, used 192000K [0x0000000080000000, 0x0000000100000000)
  region size 1024K, 5 young (5120K), 5 survivors (5120K)
 Metaspace       used 82503K, capacity 84834K, committed 84944K, reserved 1122304K
  class space    used 10724K, capacity 11541K, committed 11648K, reserved 1048576K
}
Event: 20.525 GC heap before
{Heap before GC invocations=26 (full 0):
 garbage-first heap   total 260096K, used 211456K [0x0000000080000000, 0x0000000100000000)
  region size 1024K, 24 young (24576K), 5 survivors (5120K)
 Metaspace       used 82509K, capacity 84834K, committed 84944K, reserved 1122304K
  class space    used 10724K, capacity 11541K, committed 11648K, reserved 1048576K
}
Event: 20.540 GC heap after
{Heap after GC invocations=27 (full 0):
 garbage-first heap   total 260096K, used 204288K [0x0000000080000000, 0x0000000100000000)
  region size 1024K, 3 young (3072K), 3 survivors (3072K)
 Metaspace       used 82509K, capacity 84834K, committed 84944K, reserved 1122304K
  class space    used 10724K, capacity 11541K, committed 11648K, reserved 1048576K
}
Event: 20.572 GC heap before
{Heap before GC invocations=27 (full 0):
 garbage-first heap   total 260096K, used 217600K [0x0000000080000000, 0x0000000100000000)
  region size 1024K, 16 young (16384K), 3 survivors (3072K)
 Metaspace       used 82512K, capacity 84834K, committed 84944K, reserved 1122304K
  class space    used 10724K, capacity 11541K, committed 11648K, reserved 1048576K
}
Event: 20.581 GC heap after
{Heap after GC invocations=28 (full 0):
 garbage-first heap   total 260096K, used 212992K [0x0000000080000000, 0x0000000100000000)
  region size 1024K, 2 young (2048K), 2 survivors (2048K)
 Metaspace       used 82512K, capacity 84834K, committed 84944K, reserved 1122304K
  class space    used 10724K, capacity 11541K, committed 11648K, reserved 1048576K
}
Event: 20.639 GC heap before
{Heap before GC invocations=28 (full 0):
 garbage-first heap   total 260096K, used 223232K [0x0000000080000000, 0x0000000100000000)
  region size 1024K, 12 young (12288K), 2 survivors (2048K)
 Metaspace       used 82538K, capacity 84834K, committed 84944K, reserved 1122304K
  class space    used 10724K, capacity 11541K, committed 11648K, reserved 1048576K
}
Event: 20.647 GC heap after
{Heap after GC invocations=29 (full 0):
 garbage-first heap   total 260096K, used 219634K [0x0000000080000000, 0x0000000100000000)
  region size 1024K, 2 young (2048K), 2 survivors (2048K)
 Metaspace       used 82538K, capacity 84834K, committed 84944K, reserved 1122304K
  class space    used 10724K, capacity 11541K, committed 11648K, reserved 1048576K
}
Event: 20.686 GC heap before
{Heap before GC invocations=29 (full 0):
 garbage-first heap   total 260096K, used 229874K [0x0000000080000000, 0x0000000100000000)
  region size 1024K, 12 young (12288K), 2 survivors (2048K)
 Metaspace       used 82540K, capacity 84834K, committed 84944K, reserved 1122304K
  class space    used 10724K, capacity 11541K, committed 11648K, reserved 1048576K
}
Event: 20.693 GC heap after
{Heap after GC invocations=30 (full 0):
 garbage-first heap   total 260096K, used 225963K [0x0000000080000000, 0x0000000100000000)
  region size 1024K, 2 young (2048K), 2 survivors (2048K)
 Metaspace       used 82540K, capacity 84834K, committed 84944K, reserved 1122304K
  class space    used 10724K, capacity 11541K, committed 11648K, reserved 1048576K
}
Event: 20.774 GC heap before
{Heap before GC invocations=30 (full 0):
 garbage-first heap   total 260096K, used 236203K [0x0000000080000000, 0x0000000100000000)
  region size 1024K, 12 young (12288K), 2 survivors (2048K)
 Metaspace       used 82550K, capacity 84898K, committed 85200K, reserved 1122304K
  class space    used 10724K, capacity 11541K, committed 11648K, reserved 1048576K
}
Event: 20.789 GC heap after
{Heap after GC invocations=31 (full 0):
 garbage-first heap   total 260096K, used 232448K [0x0000000080000000, 0x0000000100000000)
  region size 1024K, 2 young (2048K), 2 survivors (2048K)
 Metaspace       used 82550K, capacity 84898K, committed 85200K, reserved 1122304K
  class space    used 10724K, capacity 11541K, committed 11648K, reserved 1048576K
}
Event: 20.858 GC heap before
{Heap before GC invocations=31 (full 0):
 garbage-first heap   total 260096K, used 242688K [0x0000000080000000, 0x0000000100000000)
  region size 1024K, 12 young (12288K), 2 survivors (2048K)
 Metaspace       used 82552K, capacity 84898K, committed 85200K, reserved 1122304K
  class space    used 10724K, capacity 11541K, committed 11648K, reserved 1048576K
}
Event: 20.868 GC heap after
{Heap after GC invocations=32 (full 0):
 garbage-first heap   total 312320K, used 238592K [0x0000000080000000, 0x0000000100000000)
  region size 1024K, 2 young (2048K), 2 survivors (2048K)
 Metaspace       used 82552K, capacity 84898K, committed 85200K, reserved 1122304K
  class space    used 10724K, capacity 11541K, committed 11648K, reserved 1048576K
}
Event: 21.079 GC heap before
{Heap before GC invocations=33 (full 0):
 garbage-first heap   total 312320K, used 254976K [0x0000000080000000, 0x0000000100000000)
  region size 1024K, 19 young (19456K), 2 survivors (2048K)
 Metaspace       used 83584K, capacity 85965K, committed 86096K, reserved 1124352K
  class space    used 10871K, capacity 11683K, committed 11776K, reserved 1048576K
}
Event: 21.094 GC heap after
{Heap after GC invocations=34 (full 0):
 garbage-first heap   total 312320K, used 247073K [0x0000000080000000, 0x0000000100000000)
  region size 1024K, 3 young (3072K), 3 survivors (3072K)
 Metaspace       used 83584K, capacity 85965K, committed 86096K, reserved 1124352K
  class space    used 10871K, capacity 11683K, committed 11776K, reserved 1048576K
}
Event: 21.222 GC heap before
{Heap before GC invocations=34 (full 0):
 garbage-first heap   total 312320K, used 259361K [0x0000000080000000, 0x0000000100000000)
  region size 1024K, 16 young (16384K), 3 survivors (3072K)
 Metaspace       used 83769K, capacity 86038K, committed 86352K, reserved 1124352K
  class space    used 10887K, capacity 11686K, committed 11776K, reserved 1048576K
}
Event: 21.238 GC heap after
{Heap after GC invocations=35 (full 0):
 garbage-first heap   total 312320K, used 252860K [0x0000000080000000, 0x0000000100000000)
  region size 1024K, 2 young (2048K), 2 survivors (2048K)
 Metaspace       used 83769K, capacity 86038K, committed 86352K, reserved 1124352K
  class space    used 10887K, capacity 11686K, committed 11776K, reserved 1048576K
}
Event: 21.320 GC heap before
{Heap before GC invocations=35 (full 0):
 garbage-first heap   total 312320K, used 266172K [0x0000000080000000, 0x0000000100000000)
  region size 1024K, 15 young (15360K), 2 survivors (2048K)
 Metaspace       used 83845K, capacity 86169K, committed 86352K, reserved 1124352K
  class space    used 10898K, capacity 11729K, committed 11776K, reserved 1048576K
}
Event: 21.327 GC heap after
{Heap after GC invocations=36 (full 0):
 garbage-first heap   total 312320K, used 256000K [0x0000000080000000, 0x0000000100000000)
  region size 1024K, 2 young (2048K), 2 survivors (2048K)
 Metaspace       used 83845K, capacity 86169K, committed 86352K, reserved 1124352K
  class space    used 10898K, capacity 11729K, committed 11776K, reserved 1048576K
}
Event: 21.464 GC heap before
{Heap before GC invocations=36 (full 0):
 garbage-first heap   total 312320K, used 269312K [0x0000000080000000, 0x0000000100000000)
  region size 1024K, 15 young (15360K), 2 survivors (2048K)
 Metaspace       used 83947K, capacity 86313K, committed 86608K, reserved 1124352K
  class space    used 10903K, capacity 11732K, committed 11776K, reserved 1048576K
}

