# JRE version: OpenJDK Runtime Environment (8.0_242-b01) (build 1.8.0_242-release-1644-b01)
# Java VM: OpenJDK 64-Bit Server VM (25.242-b01 mixed mode windows-amd64 compressed oops)
Heap:
 PSYoungGen      total 229376K, used 13027K [0x00000000d5580000, 0x00000000e6a80000, 0x0000000100000000)
  eden space 209408K, 0% used [0x00000000d5580000,0x00000000d5580000,0x00000000e2200000)
  from space 19968K, 65% used [0x00000000e3580000,0x00000000e4238f28,0x00000000e4900000)
  to   space 19968K, 0% used [0x00000000e2200000,0x00000000e2200000,0x00000000e3580000)
 ParOldGen       total 140288K, used 37035K [0x0000000080000000, 0x0000000088900000, 0x00000000d5580000)
  object space 140288K, 26% used [0x0000000080000000,0x000000008242afe0,0x0000000088900000)
 Metaspace       used 56998K, capacity 59134K, committed 59160K, reserved 1099776K
  class space    used 7837K, capacity 8365K, committed 8368K, reserved 1048576K
GC Heap History (10 events):
Event: 4.521 GC heap after
Heap after GC invocations=8 (full 1):
 PSYoungGen      total 120320K, used 8771K [0x00000000d5580000, 0x00000000e2180000, 0x0000000100000000)
  eden space 108544K, 0% used [0x00000000d5580000,0x00000000d5580000,0x00000000dbf80000)
  from space 11776K, 74% used [0x00000000dbf80000,0x00000000dc810e60,0x00000000dcb00000)
  to   space 11776K, 0% used [0x00000000e1600000,0x00000000e1600000,0x00000000e2180000)
 ParOldGen       total 93184K, used 7423K [0x0000000080000000, 0x0000000085b00000, 0x00000000d5580000)
  object space 93184K, 7% used [0x0000000080000000,0x000000008073fdb8,0x0000000085b00000)
 Metaspace       used 34528K, capacity 35388K, committed 35496K, reserved 1079296K
  class space    used 4739K, capacity 4971K, committed 5040K, reserved 1048576K
}
Event: 4.522 GC heap before
{Heap before GC invocations=9 (full 2):
 PSYoungGen      total 120320K, used 8771K [0x00000000d5580000, 0x00000000e2180000, 0x0000000100000000)
  eden space 108544K, 0% used [0x00000000d5580000,0x00000000d5580000,0x00000000dbf80000)
  from space 11776K, 74% used [0x00000000dbf80000,0x00000000dc810e60,0x00000000dcb00000)
  to   space 11776K, 0% used [0x00000000e1600000,0x00000000e1600000,0x00000000e2180000)
 ParOldGen       total 93184K, used 7423K [0x0000000080000000, 0x0000000085b00000, 0x00000000d5580000)
  object space 93184K, 7% used [0x0000000080000000,0x000000008073fdb8,0x0000000085b00000)
 Metaspace       used 34528K, capacity 35388K, committed 35496K, reserved 1079296K
  class space    used 4739K, capacity 4971K, committed 5040K, reserved 1048576K
Event: 4.567 GC heap after
Heap after GC invocations=9 (full 2):
 PSYoungGen      total 120320K, used 0K [0x00000000d5580000, 0x00000000e2180000, 0x0000000100000000)
  eden space 108544K, 0% used [0x00000000d5580000,0x00000000d5580000,0x00000000dbf80000)
  from space 11776K, 0% used [0x00000000dbf80000,0x00000000dbf80000,0x00000000dcb00000)
  to   space 11776K, 0% used [0x00000000e1600000,0x00000000e1600000,0x00000000e2180000)
 ParOldGen       total 140288K, used 15454K [0x0000000080000000, 0x0000000088900000, 0x00000000d5580000)
  object space 140288K, 11% used [0x0000000080000000,0x0000000080f17a78,0x0000000088900000)
 Metaspace       used 34528K, capacity 35388K, committed 35496K, reserved 1079296K
  class space    used 4739K, capacity 4971K, committed 5040K, reserved 1048576K
}
Event: 5.806 GC heap before
{Heap before GC invocations=10 (full 2):
 PSYoungGen      total 120320K, used 108544K [0x00000000d5580000, 0x00000000e2180000, 0x0000000100000000)
  eden space 108544K, 100% used [0x00000000d5580000,0x00000000dbf80000,0x00000000dbf80000)
  from space 11776K, 0% used [0x00000000dbf80000,0x00000000dbf80000,0x00000000dcb00000)
  to   space 11776K, 0% used [0x00000000e1600000,0x00000000e1600000,0x00000000e2180000)
 ParOldGen       total 140288K, used 15454K [0x0000000080000000, 0x0000000088900000, 0x00000000d5580000)
  object space 140288K, 11% used [0x0000000080000000,0x0000000080f17a78,0x0000000088900000)
 Metaspace       used 43065K, capacity 44620K, committed 44976K, reserved 1087488K
  class space    used 5828K, capacity 6218K, committed 6320K, reserved 1048576K
Event: 5.818 GC heap after
Heap after GC invocations=10 (full 2):
 PSYoungGen      total 174592K, used 11745K [0x00000000d5580000, 0x00000000e2180000, 0x0000000100000000)
  eden space 162816K, 0% used [0x00000000d5580000,0x00000000d5580000,0x00000000df480000)
  from space 11776K, 99% used [0x00000000e1600000,0x00000000e21786d8,0x00000000e2180000)
  to   space 13312K, 0% used [0x00000000e0780000,0x00000000e0780000,0x00000000e1480000)
 ParOldGen       total 140288K, used 17491K [0x0000000080000000, 0x0000000088900000, 0x00000000d5580000)
  object space 140288K, 12% used [0x0000000080000000,0x0000000081114fc0,0x0000000088900000)
 Metaspace       used 43065K, capacity 44620K, committed 44976K, reserved 1087488K
  class space    used 5828K, capacity 6218K, committed 6320K, reserved 1048576K
}
Event: 7.484 GC heap before
{Heap before GC invocations=11 (full 2):
 PSYoungGen      total 174592K, used 174561K [0x00000000d5580000, 0x00000000e2180000, 0x0000000100000000)
  eden space 162816K, 100% used [0x00000000d5580000,0x00000000df480000,0x00000000df480000)
  from space 11776K, 99% used [0x00000000e1600000,0x00000000e21786d8,0x00000000e2180000)
  to   space 13312K, 0% used [0x00000000e0780000,0x00000000e0780000,0x00000000e1480000)
 ParOldGen       total 140288K, used 17491K [0x0000000080000000, 0x0000000088900000, 0x00000000d5580000)
  object space 140288K, 12% used [0x0000000080000000,0x0000000081114fc0,0x0000000088900000)
 Metaspace       used 54140K, capacity 56138K, committed 56368K, reserved 1097728K
  class space    used 7369K, capacity 7864K, committed 7984K, reserved 1048576K
Event: 7.506 GC heap after
Heap after GC invocations=11 (full 2):
 PSYoungGen      total 195584K, used 13300K [0x00000000d5580000, 0x00000000e4900000, 0x0000000100000000)
  eden space 182272K, 0% used [0x00000000d5580000,0x00000000d5580000,0x00000000e0780000)
  from space 13312K, 99% used [0x00000000e0780000,0x00000000e147d320,0x00000000e1480000)
  to   space 19968K, 0% used [0x00000000e3580000,0x00000000e3580000,0x00000000e4900000)
 ParOldGen       total 140288K, used 30622K [0x0000000080000000, 0x0000000088900000, 0x00000000d5580000)
  object space 140288K, 21% used [0x0000000080000000,0x0000000081de7810,0x0000000088900000)
 Metaspace       used 54140K, capacity 56138K, committed 56368K, reserved 1097728K
  class space    used 7369K, capacity 7864K, committed 7984K, reserved 1048576K
}
Event: 8.106 GC heap before
{Heap before GC invocations=12 (full 2):
 PSYoungGen      total 195584K, used 87836K [0x00000000d5580000, 0x00000000e4900000, 0x0000000100000000)
  eden space 182272K, 40% used [0x00000000d5580000,0x00000000d9e49e28,0x00000000e0780000)
  from space 13312K, 99% used [0x00000000e0780000,0x00000000e147d320,0x00000000e1480000)
  to   space 19968K, 0% used [0x00000000e3580000,0x00000000e3580000,0x00000000e4900000)
 ParOldGen       total 140288K, used 30622K [0x0000000080000000, 0x0000000088900000, 0x00000000d5580000)
  object space 140288K, 21% used [0x0000000080000000,0x0000000081de7810,0x0000000088900000)
 Metaspace       used 56998K, capacity 59134K, committed 59160K, reserved 1099776K
  class space    used 7837K, capacity 8365K, committed 8368K, reserved 1048576K
Event: 8.135 GC heap after
Heap after GC invocations=12 (full 2):
 PSYoungGen      total 229376K, used 13027K [0x00000000d5580000, 0x00000000e6a80000, 0x0000000100000000)
  eden space 209408K, 0% used [0x00000000d5580000,0x00000000d5580000,0x00000000e2200000)
  from space 19968K, 65% used [0x00000000e3580000,0x00000000e4238f28,0x00000000e4900000)
  to   space 19968K, 0% used [0x00000000e2200000,0x00000000e2200000,0x00000000e3580000)
 ParOldGen       total 140288K, used 37035K [0x0000000080000000, 0x0000000088900000, 0x00000000d5580000)
  object space 140288K, 26% used [0x0000000080000000,0x000000008242afe0,0x0000000088900000)
 Metaspace       used 56998K, capacity 59134K, committed 59160K, reserved 1099776K
  class space    used 7837K, capacity 8365K, committed 8368K, reserved 1048576K
}
Event: 8.135 GC heap before
{Heap before GC invocations=13 (full 3):
 PSYoungGen      total 229376K, used 13027K [0x00000000d5580000, 0x00000000e6a80000, 0x0000000100000000)
  eden space 209408K, 0% used [0x00000000d5580000,0x00000000d5580000,0x00000000e2200000)
  from space 19968K, 65% used [0x00000000e3580000,0x00000000e4238f28,0x00000000e4900000)
  to   space 19968K, 0% used [0x00000000e2200000,0x00000000e2200000,0x00000000e3580000)
 ParOldGen       total 140288K, used 37035K [0x0000000080000000, 0x0000000088900000, 0x00000000d5580000)
  object space 140288K, 26% used [0x0000000080000000,0x000000008242afe0,0x0000000088900000)
 Metaspace       used 56998K, capacity 59134K, committed 59160K, reserved 1099776K
  class space    used 7837K, capacity 8365K, committed 8368K, reserved 1048576K

