# JRE version: OpenJDK Runtime Environment (17.0.6) (build 17.0.6+0-b2043.56-10027231)
# Java VM: OpenJDK 64-Bit Server VM (17.0.6+0-b2043.56-10027231, mixed mode, tiered, compressed oops, compressed class ptrs, g1 gc, windows-amd64)
GC Precious Log:
 CPUs: 4 total, 4 available
 Memory: 16247M
 Large Page Support: Disabled
 NUMA Support: Disabled
 Compressed Oops: Enabled (32-bit)
 Heap Region Size: 1M
 Heap Min Capacity: 8M
 Heap Initial Capacity: 254M
 Heap Max Capacity: 2G
 Pre-touch: Disabled
 Parallel Workers: 4
 Concurrent Workers: 1
 Concurrent Refinement Workers: 4
 Periodic GC: Disabled
Heap:
 garbage-first heap   total 247808K, used 193024K [0x0000000080000000, 0x0000000100000000)
  region size 1024K, 29 young (29696K), 7 survivors (7168K)
 Metaspace       used 108528K, committed 109312K, reserved 1146880K
  class space    used 14261K, committed 14656K, reserved 1048576K
GC Heap History (20 events):
Event: 16.274 GC heap before
{Heap before GC invocations=38 (full 0):
 garbage-first heap   total 205824K, used 164957K [0x0000000080000000, 0x0000000100000000)
  region size 1024K, 62 young (63488K), 5 survivors (5120K)
 Metaspace       used 92498K, committed 93248K, reserved 1130496K
  class space    used 12538K, committed 12864K, reserved 1048576K
}
Event: 16.283 GC heap after
{Heap after GC invocations=39 (full 0):
 garbage-first heap   total 205824K, used 113224K [0x0000000080000000, 0x0000000100000000)
  region size 1024K, 8 young (8192K), 8 survivors (8192K)
 Metaspace       used 92498K, committed 93248K, reserved 1130496K
  class space    used 12538K, committed 12864K, reserved 1048576K
}
Event: 16.745 GC heap before
{Heap before GC invocations=39 (full 0):
 garbage-first heap   total 205824K, used 166472K [0x0000000080000000, 0x0000000100000000)
  region size 1024K, 61 young (62464K), 8 survivors (8192K)
 Metaspace       used 92572K, committed 93312K, reserved 1130496K
  class space    used 12544K, committed 12864K, reserved 1048576K
}
Event: 16.755 GC heap after
{Heap after GC invocations=40 (full 0):
 garbage-first heap   total 205824K, used 116834K [0x0000000080000000, 0x0000000100000000)
  region size 1024K, 4 young (4096K), 4 survivors (4096K)
 Metaspace       used 92572K, committed 93312K, reserved 1130496K
  class space    used 12544K, committed 12864K, reserved 1048576K
}
Event: 17.148 GC heap before
{Heap before GC invocations=40 (full 0):
 garbage-first heap   total 205824K, used 168034K [0x0000000080000000, 0x0000000100000000)
  region size 1024K, 55 young (56320K), 4 survivors (4096K)
 Metaspace       used 92598K, committed 93312K, reserved 1130496K
  class space    used 12544K, committed 12864K, reserved 1048576K
}
Event: 17.153 GC heap after
{Heap after GC invocations=41 (full 0):
 garbage-first heap   total 205824K, used 118900K [0x0000000080000000, 0x0000000100000000)
  region size 1024K, 6 young (6144K), 6 survivors (6144K)
 Metaspace       used 92598K, committed 93312K, reserved 1130496K
  class space    used 12544K, committed 12864K, reserved 1048576K
}
Event: 17.554 GC heap before
{Heap before GC invocations=41 (full 0):
 garbage-first heap   total 205824K, used 171124K [0x0000000080000000, 0x0000000100000000)
  region size 1024K, 57 young (58368K), 6 survivors (6144K)
 Metaspace       used 92665K, committed 93440K, reserved 1130496K
  class space    used 12548K, committed 12928K, reserved 1048576K
}
Event: 17.564 GC heap after
{Heap after GC invocations=42 (full 0):
 garbage-first heap   total 205824K, used 123867K [0x0000000080000000, 0x0000000100000000)
  region size 1024K, 8 young (8192K), 8 survivors (8192K)
 Metaspace       used 92665K, committed 93440K, reserved 1130496K
  class space    used 12548K, committed 12928K, reserved 1048576K
}
Event: 17.954 GC heap before
{Heap before GC invocations=42 (full 0):
 garbage-first heap   total 205824K, used 170971K [0x0000000080000000, 0x0000000100000000)
  region size 1024K, 54 young (55296K), 8 survivors (8192K)
 Metaspace       used 92671K, committed 93440K, reserved 1130496K
  class space    used 12548K, committed 12928K, reserved 1048576K
}
Event: 17.962 GC heap after
{Heap after GC invocations=43 (full 0):
 garbage-first heap   total 247808K, used 126992K [0x0000000080000000, 0x0000000100000000)
  region size 1024K, 4 young (4096K), 4 survivors (4096K)
 Metaspace       used 92671K, committed 93440K, reserved 1130496K
  class space    used 12548K, committed 12928K, reserved 1048576K
}
Event: 1032.064 GC heap before
{Heap before GC invocations=43 (full 0):
 garbage-first heap   total 247808K, used 202768K [0x0000000080000000, 0x0000000100000000)
  region size 1024K, 79 young (80896K), 4 survivors (4096K)
 Metaspace       used 97504K, committed 98240K, reserved 1138688K
  class space    used 12974K, committed 13312K, reserved 1048576K
}
Event: 1032.072 GC heap after
{Heap after GC invocations=44 (full 0):
 garbage-first heap   total 247808K, used 127910K [0x0000000080000000, 0x0000000100000000)
  region size 1024K, 5 young (5120K), 5 survivors (5120K)
 Metaspace       used 97504K, committed 98240K, reserved 1138688K
  class space    used 12974K, committed 13312K, reserved 1048576K
}
Event: 1119.392 GC heap before
{Heap before GC invocations=44 (full 0):
 garbage-first heap   total 247808K, used 205734K [0x0000000080000000, 0x0000000100000000)
  region size 1024K, 82 young (83968K), 5 survivors (5120K)
 Metaspace       used 98457K, committed 99264K, reserved 1138688K
  class space    used 13053K, committed 13440K, reserved 1048576K
}
Event: 1119.402 GC heap after
{Heap after GC invocations=45 (full 0):
 garbage-first heap   total 247808K, used 136170K [0x0000000080000000, 0x0000000100000000)
  region size 1024K, 11 young (11264K), 11 survivors (11264K)
 Metaspace       used 98457K, committed 99264K, reserved 1138688K
  class space    used 13053K, committed 13440K, reserved 1048576K
}
Event: 1120.976 GC heap before
{Heap before GC invocations=45 (full 0):
 garbage-first heap   total 247808K, used 204778K [0x0000000080000000, 0x0000000100000000)
  region size 1024K, 79 young (80896K), 11 survivors (11264K)
 Metaspace       used 103776K, committed 104512K, reserved 1146880K
  class space    used 13765K, committed 14080K, reserved 1048576K
}
Event: 1120.993 GC heap after
{Heap after GC invocations=46 (full 0):
 garbage-first heap   total 247808K, used 146612K [0x0000000080000000, 0x0000000100000000)
  region size 1024K, 10 young (10240K), 10 survivors (10240K)
 Metaspace       used 103776K, committed 104512K, reserved 1146880K
  class space    used 13765K, committed 14080K, reserved 1048576K
}
Event: 1122.229 GC heap before
{Heap before GC invocations=46 (full 0):
 garbage-first heap   total 247808K, used 207028K [0x0000000080000000, 0x0000000100000000)
  region size 1024K, 67 young (68608K), 10 survivors (10240K)
 Metaspace       used 106425K, committed 107264K, reserved 1146880K
  class space    used 14041K, committed 14400K, reserved 1048576K
}
Event: 1122.244 GC heap after
{Heap after GC invocations=47 (full 0):
 garbage-first heap   total 247808K, used 162816K [0x0000000080000000, 0x0000000100000000)
  region size 1024K, 9 young (9216K), 9 survivors (9216K)
 Metaspace       used 106425K, committed 107264K, reserved 1146880K
  class space    used 14041K, committed 14400K, reserved 1048576K
}
Event: 1122.741 GC heap before
{Heap before GC invocations=47 (full 0):
 garbage-first heap   total 247808K, used 203776K [0x0000000080000000, 0x0000000100000000)
  region size 1024K, 49 young (50176K), 9 survivors (9216K)
 Metaspace       used 108136K, committed 108992K, reserved 1146880K
  class space    used 14232K, committed 14656K, reserved 1048576K
}
Event: 1122.754 GC heap after
{Heap after GC invocations=48 (full 0):
 garbage-first heap   total 247808K, used 171520K [0x0000000080000000, 0x0000000100000000)
  region size 1024K, 7 young (7168K), 7 survivors (7168K)
 Metaspace       used 108136K, committed 108992K, reserved 1146880K
  class space    used 14232K, committed 14656K, reserved 1048576K
}

