# JRE version: OpenJDK Runtime Environment (8.0_242-b01) (build 1.8.0_242-release-1644-b01)
# Java VM: OpenJDK 64-Bit Server VM (25.242-b01 mixed mode windows-amd64 compressed oops)
Heap:
 PSYoungGen      total 361984K, used 17756K [0x00000000d5580000, 0x00000000f8700000, 0x0000000100000000)
  eden space 335360K, 5% used [0x00000000d5580000,0x00000000d66d73e8,0x00000000e9d00000)
  from space 26624K, 0% used [0x00000000e9d00000,0x00000000e9d00000,0x00000000eb700000)
  to   space 30208K, 0% used [0x00000000f6980000,0x00000000f6980000,0x00000000f8700000)
 ParOldGen       total 165376K, used 38265K [0x0000000080000000, 0x000000008a180000, 0x00000000d5580000)
  object space 165376K, 23% used [0x0000000080000000,0x000000008255e7d0,0x000000008a180000)
 Metaspace       used 57651K, capacity 59900K, committed 60080K, reserved 1101824K
  class space    used 7987K, capacity 8560K, committed 8624K, reserved 1048576K
GC Heap History (10 events):
Event: 6.411 GC heap before
{Heap before GC invocations=6 (full 1):
 PSYoungGen      total 219648K, used 64057K [0x00000000d5580000, 0x00000000e6880000, 0x0000000100000000)
  eden space 208896K, 25% used [0x00000000d5580000,0x00000000d8990638,0x00000000e2180000)
  from space 10752K, 99% used [0x00000000e5e00000,0x00000000e687ddd8,0x00000000e6880000)
  to   space 10752K, 0% used [0x00000000e5380000,0x00000000e5380000,0x00000000e5e00000)
 ParOldGen       total 104960K, used 14606K [0x0000000080000000, 0x0000000086680000, 0x00000000d5580000)
  object space 104960K, 13% used [0x0000000080000000,0x0000000080e43a20,0x0000000086680000)
 Metaspace       used 34523K, capacity 35396K, committed 35496K, reserved 1079296K
  class space    used 4738K, capacity 4971K, committed 5040K, reserved 1048576K
Event: 6.422 GC heap after
Heap after GC invocations=6 (full 1):
 PSYoungGen      total 270848K, used 8842K [0x00000000d5580000, 0x00000000ec680000, 0x0000000100000000)
  eden space 260096K, 0% used [0x00000000d5580000,0x00000000d5580000,0x00000000e5380000)
  from space 10752K, 82% used [0x00000000e5380000,0x00000000e5c22a18,0x00000000e5e00000)
  to   space 15872K, 0% used [0x00000000eb700000,0x00000000eb700000,0x00000000ec680000)
 ParOldGen       total 104960K, used 14614K [0x0000000080000000, 0x0000000086680000, 0x00000000d5580000)
  object space 104960K, 13% used [0x0000000080000000,0x0000000080e45a20,0x0000000086680000)
 Metaspace       used 34523K, capacity 35396K, committed 35496K, reserved 1079296K
  class space    used 4738K, capacity 4971K, committed 5040K, reserved 1048576K
}
Event: 6.422 GC heap before
{Heap before GC invocations=7 (full 2):
 PSYoungGen      total 270848K, used 8842K [0x00000000d5580000, 0x00000000ec680000, 0x0000000100000000)
  eden space 260096K, 0% used [0x00000000d5580000,0x00000000d5580000,0x00000000e5380000)
  from space 10752K, 82% used [0x00000000e5380000,0x00000000e5c22a18,0x00000000e5e00000)
  to   space 15872K, 0% used [0x00000000eb700000,0x00000000eb700000,0x00000000ec680000)
 ParOldGen       total 104960K, used 14614K [0x0000000080000000, 0x0000000086680000, 0x00000000d5580000)
  object space 104960K, 13% used [0x0000000080000000,0x0000000080e45a20,0x0000000086680000)
 Metaspace       used 34523K, capacity 35396K, committed 35496K, reserved 1079296K
  class space    used 4738K, capacity 4971K, committed 5040K, reserved 1048576K
Event: 6.498 GC heap after
Heap after GC invocations=7 (full 2):
 PSYoungGen      total 270848K, used 0K [0x00000000d5580000, 0x00000000ec680000, 0x0000000100000000)
  eden space 260096K, 0% used [0x00000000d5580000,0x00000000d5580000,0x00000000e5380000)
  from space 10752K, 0% used [0x00000000e5380000,0x00000000e5380000,0x00000000e5e00000)
  to   space 15872K, 0% used [0x00000000eb700000,0x00000000eb700000,0x00000000ec680000)
 ParOldGen       total 165376K, used 15469K [0x0000000080000000, 0x000000008a180000, 0x00000000d5580000)
  object space 165376K, 9% used [0x0000000080000000,0x0000000080f1b750,0x000000008a180000)
 Metaspace       used 34523K, capacity 35396K, committed 35496K, reserved 1079296K
  class space    used 4738K, capacity 4971K, committed 5040K, reserved 1048576K
}
Event: 9.964 GC heap before
{Heap before GC invocations=8 (full 2):
 PSYoungGen      total 270848K, used 260096K [0x00000000d5580000, 0x00000000ec680000, 0x0000000100000000)
  eden space 260096K, 100% used [0x00000000d5580000,0x00000000e5380000,0x00000000e5380000)
  from space 10752K, 0% used [0x00000000e5380000,0x00000000e5380000,0x00000000e5e00000)
  to   space 15872K, 0% used [0x00000000eb700000,0x00000000eb700000,0x00000000ec680000)
 ParOldGen       total 165376K, used 15469K [0x0000000080000000, 0x000000008a180000, 0x00000000d5580000)
  object space 165376K, 9% used [0x0000000080000000,0x0000000080f1b750,0x000000008a180000)
 Metaspace       used 53528K, capacity 55506K, committed 55728K, reserved 1097728K
  class space    used 7292K, capacity 7767K, committed 7856K, reserved 1048576K
Event: 9.990 GC heap after
Heap after GC invocations=8 (full 2):
 PSYoungGen      total 351232K, used 15855K [0x00000000d5580000, 0x00000000ee300000, 0x0000000100000000)
  eden space 335360K, 0% used [0x00000000d5580000,0x00000000d5580000,0x00000000e9d00000)
  from space 15872K, 99% used [0x00000000eb700000,0x00000000ec67bd78,0x00000000ec680000)
  to   space 26624K, 0% used [0x00000000e9d00000,0x00000000e9d00000,0x00000000eb700000)
 ParOldGen       total 165376K, used 30567K [0x0000000080000000, 0x000000008a180000, 0x00000000d5580000)
  object space 165376K, 18% used [0x0000000080000000,0x0000000081dd9fc0,0x000000008a180000)
 Metaspace       used 53528K, capacity 55506K, committed 55728K, reserved 1097728K
  class space    used 7292K, capacity 7767K, committed 7856K, reserved 1048576K
}
Event: 10.978 GC heap before
{Heap before GC invocations=9 (full 2):
 PSYoungGen      total 351232K, used 106987K [0x00000000d5580000, 0x00000000ee300000, 0x0000000100000000)
  eden space 335360K, 27% used [0x00000000d5580000,0x00000000dae7f170,0x00000000e9d00000)
  from space 15872K, 99% used [0x00000000eb700000,0x00000000ec67bd78,0x00000000ec680000)
  to   space 26624K, 0% used [0x00000000e9d00000,0x00000000e9d00000,0x00000000eb700000)
 ParOldGen       total 165376K, used 30567K [0x0000000080000000, 0x000000008a180000, 0x00000000d5580000)
  object space 165376K, 18% used [0x0000000080000000,0x0000000081dd9fc0,0x000000008a180000)
 Metaspace       used 56934K, capacity 59136K, committed 59160K, reserved 1099776K
  class space    used 7810K, capacity 8358K, committed 8368K, reserved 1048576K
Event: 11.046 GC heap after
Heap after GC invocations=9 (full 2):
 PSYoungGen      total 361984K, used 23617K [0x00000000d5580000, 0x00000000f8700000, 0x0000000100000000)
  eden space 335360K, 0% used [0x00000000d5580000,0x00000000d5580000,0x00000000e9d00000)
  from space 26624K, 88% used [0x00000000e9d00000,0x00000000eb4104f8,0x00000000eb700000)
  to   space 30208K, 0% used [0x00000000f6980000,0x00000000f6980000,0x00000000f8700000)
 ParOldGen       total 165376K, used 30575K [0x0000000080000000, 0x000000008a180000, 0x00000000d5580000)
  object space 165376K, 18% used [0x0000000080000000,0x0000000081ddbfc0,0x000000008a180000)
 Metaspace       used 56934K, capacity 59136K, committed 59160K, reserved 1099776K
  class space    used 7810K, capacity 8358K, committed 8368K, reserved 1048576K
}
Event: 11.046 GC heap before
{Heap before GC invocations=10 (full 3):
 PSYoungGen      total 361984K, used 23617K [0x00000000d5580000, 0x00000000f8700000, 0x0000000100000000)
  eden space 335360K, 0% used [0x00000000d5580000,0x00000000d5580000,0x00000000e9d00000)
  from space 26624K, 88% used [0x00000000e9d00000,0x00000000eb4104f8,0x00000000eb700000)
  to   space 30208K, 0% used [0x00000000f6980000,0x00000000f6980000,0x00000000f8700000)
 ParOldGen       total 165376K, used 30575K [0x0000000080000000, 0x000000008a180000, 0x00000000d5580000)
  object space 165376K, 18% used [0x0000000080000000,0x0000000081ddbfc0,0x000000008a180000)
 Metaspace       used 56934K, capacity 59136K, committed 59160K, reserved 1099776K
  class space    used 7810K, capacity 8358K, committed 8368K, reserved 1048576K
Event: 11.310 GC heap after
Heap after GC invocations=10 (full 3):
 PSYoungGen      total 361984K, used 0K [0x00000000d5580000, 0x00000000f8700000, 0x0000000100000000)
  eden space 335360K, 0% used [0x00000000d5580000,0x00000000d5580000,0x00000000e9d00000)
  from space 26624K, 0% used [0x00000000e9d00000,0x00000000e9d00000,0x00000000eb700000)
  to   space 30208K, 0% used [0x00000000f6980000,0x00000000f6980000,0x00000000f8700000)
 ParOldGen       total 165376K, used 38265K [0x0000000080000000, 0x000000008a180000, 0x00000000d5580000)
  object space 165376K, 23% used [0x0000000080000000,0x000000008255e7d0,0x000000008a180000)
 Metaspace       used 56929K, capacity 59118K, committed 59160K, reserved 1099776K
  class space    used 7809K, capacity 8355K, committed 8368K, reserved 1048576K
}

