# JRE version: OpenJDK Runtime Environment (8.0_242-b01) (build 1.8.0_242-release-1644-b01)
# Java VM: OpenJDK 64-Bit Server VM (25.242-b01 mixed mode windows-amd64 compressed oops)
Heap:
 PSYoungGen      total 185344K, used 10122K [0x00000000d5580000, 0x00000000e2d00000, 0x0000000100000000)
  eden space 173568K, 7% used [0x00000000d5580000,0x00000000d6270890,0x00000000dff00000)
  from space 11776K, 0% used [0x00000000e2180000,0x00000000e2180000,0x00000000e2d00000)
  to   space 13824K, 0% used [0x00000000e1200000,0x00000000e1200000,0x00000000e1f80000)
 ParOldGen       total 131072K, used 37504K [0x0000000080000000, 0x0000000088000000, 0x00000000d5580000)
  object space 131072K, 28% used [0x0000000080000000,0x00000000824a01d8,0x0000000088000000)
 Metaspace       used 57364K, capacity 59518K, committed 59696K, reserved 1099776K
  class space    used 7934K, capacity 8448K, committed 8496K, reserved 1048576K
GC Heap History (10 events):
Event: 4.440 GC heap before
{Heap before GC invocations=9 (full 2):
 PSYoungGen      total 124928K, used 8837K [0x00000000d5580000, 0x00000000e2d00000, 0x0000000100000000)
  eden space 113152K, 0% used [0x00000000d5580000,0x00000000d5580000,0x00000000dc400000)
  from space 11776K, 75% used [0x00000000dc400000,0x00000000dcca1420,0x00000000dcf80000)
  to   space 11776K, 0% used [0x00000000e2180000,0x00000000e2180000,0x00000000e2d00000)
 ParOldGen       total 89088K, used 7396K [0x0000000080000000, 0x0000000085700000, 0x00000000d5580000)
  object space 89088K, 8% used [0x0000000080000000,0x0000000080739288,0x0000000085700000)
 Metaspace       used 34517K, capacity 35400K, committed 35496K, reserved 1079296K
  class space    used 4738K, capacity 4971K, committed 5040K, reserved 1048576K
Event: 4.479 GC heap after
Heap after GC invocations=9 (full 2):
 PSYoungGen      total 124928K, used 0K [0x00000000d5580000, 0x00000000e2d00000, 0x0000000100000000)
  eden space 113152K, 0% used [0x00000000d5580000,0x00000000d5580000,0x00000000dc400000)
  from space 11776K, 0% used [0x00000000dc400000,0x00000000dc400000,0x00000000dcf80000)
  to   space 11776K, 0% used [0x00000000e2180000,0x00000000e2180000,0x00000000e2d00000)
 ParOldGen       total 131072K, used 15412K [0x0000000080000000, 0x0000000088000000, 0x00000000d5580000)
  object space 131072K, 11% used [0x0000000080000000,0x0000000080f0d2f8,0x0000000088000000)
 Metaspace       used 34517K, capacity 35400K, committed 35496K, reserved 1079296K
  class space    used 4738K, capacity 4971K, committed 5040K, reserved 1048576K
}
Event: 6.104 GC heap before
{Heap before GC invocations=10 (full 2):
 PSYoungGen      total 124928K, used 113152K [0x00000000d5580000, 0x00000000e2d00000, 0x0000000100000000)
  eden space 113152K, 100% used [0x00000000d5580000,0x00000000dc400000,0x00000000dc400000)
  from space 11776K, 0% used [0x00000000dc400000,0x00000000dc400000,0x00000000dcf80000)
  to   space 11776K, 0% used [0x00000000e2180000,0x00000000e2180000,0x00000000e2d00000)
 ParOldGen       total 131072K, used 15412K [0x0000000080000000, 0x0000000088000000, 0x00000000d5580000)
  object space 131072K, 11% used [0x0000000080000000,0x0000000080f0d2f8,0x0000000088000000)
 Metaspace       used 43428K, capacity 44936K, committed 45232K, reserved 1087488K
  class space    used 5895K, capacity 6256K, committed 6320K, reserved 1048576K
Event: 6.117 GC heap after
Heap after GC invocations=10 (full 2):
 PSYoungGen      total 185344K, used 11764K [0x00000000d5580000, 0x00000000e2d00000, 0x0000000100000000)
  eden space 173568K, 0% used [0x00000000d5580000,0x00000000d5580000,0x00000000dff00000)
  from space 11776K, 99% used [0x00000000e2180000,0x00000000e2cfd2e0,0x00000000e2d00000)
  to   space 13824K, 0% used [0x00000000e1200000,0x00000000e1200000,0x00000000e1f80000)
 ParOldGen       total 131072K, used 17916K [0x0000000080000000, 0x0000000088000000, 0x00000000d5580000)
  object space 131072K, 13% used [0x0000000080000000,0x000000008117f1d0,0x0000000088000000)
 Metaspace       used 43428K, capacity 44936K, committed 45232K, reserved 1087488K
  class space    used 5895K, capacity 6256K, committed 6320K, reserved 1048576K
}
Event: 7.711 GC heap before
{Heap before GC invocations=11 (full 2):
 PSYoungGen      total 185344K, used 185332K [0x00000000d5580000, 0x00000000e2d00000, 0x0000000100000000)
  eden space 173568K, 100% used [0x00000000d5580000,0x00000000dff00000,0x00000000dff00000)
  from space 11776K, 99% used [0x00000000e2180000,0x00000000e2cfd2e0,0x00000000e2d00000)
  to   space 13824K, 0% used [0x00000000e1200000,0x00000000e1200000,0x00000000e1f80000)
 ParOldGen       total 131072K, used 17916K [0x0000000080000000, 0x0000000088000000, 0x00000000d5580000)
  object space 131072K, 13% used [0x0000000080000000,0x000000008117f1d0,0x0000000088000000)
 Metaspace       used 54368K, capacity 56384K, committed 56624K, reserved 1097728K
  class space    used 7402K, capacity 7919K, committed 7984K, reserved 1048576K
Event: 7.749 GC heap after
Heap after GC invocations=11 (full 2):
 PSYoungGen      total 187392K, used 13820K [0x00000000d5580000, 0x00000000e2d00000, 0x0000000100000000)
  eden space 173568K, 0% used [0x00000000d5580000,0x00000000d5580000,0x00000000dff00000)
  from space 13824K, 99% used [0x00000000e1200000,0x00000000e1f7f2f0,0x00000000e1f80000)
  to   space 11776K, 0% used [0x00000000e2180000,0x00000000e2180000,0x00000000e2d00000)
 ParOldGen       total 131072K, used 31538K [0x0000000080000000, 0x0000000088000000, 0x00000000d5580000)
  object space 131072K, 24% used [0x0000000080000000,0x0000000081ecc950,0x0000000088000000)
 Metaspace       used 54368K, capacity 56384K, committed 56624K, reserved 1097728K
  class space    used 7402K, capacity 7919K, committed 7984K, reserved 1048576K
}
Event: 8.279 GC heap before
{Heap before GC invocations=12 (full 2):
 PSYoungGen      total 187392K, used 72365K [0x00000000d5580000, 0x00000000e2d00000, 0x0000000100000000)
  eden space 173568K, 33% used [0x00000000d5580000,0x00000000d8eac270,0x00000000dff00000)
  from space 13824K, 99% used [0x00000000e1200000,0x00000000e1f7f2f0,0x00000000e1f80000)
  to   space 11776K, 0% used [0x00000000e2180000,0x00000000e2180000,0x00000000e2d00000)
 ParOldGen       total 131072K, used 31538K [0x0000000080000000, 0x0000000088000000, 0x00000000d5580000)
  object space 131072K, 24% used [0x0000000080000000,0x0000000081ecc950,0x0000000088000000)
 Metaspace       used 56905K, capacity 59130K, committed 59160K, reserved 1099776K
  class space    used 7815K, capacity 8346K, committed 8368K, reserved 1048576K
Event: 8.298 GC heap after
Heap after GC invocations=12 (full 2):
 PSYoungGen      total 185344K, used 11772K [0x00000000d5580000, 0x00000000e2d00000, 0x0000000100000000)
  eden space 173568K, 0% used [0x00000000d5580000,0x00000000d5580000,0x00000000dff00000)
  from space 11776K, 99% used [0x00000000e2180000,0x00000000e2cff2f0,0x00000000e2d00000)
  to   space 13824K, 0% used [0x00000000e1200000,0x00000000e1200000,0x00000000e1f80000)
 ParOldGen       total 131072K, used 38523K [0x0000000080000000, 0x0000000088000000, 0x00000000d5580000)
  object space 131072K, 29% used [0x0000000080000000,0x000000008259ed60,0x0000000088000000)
 Metaspace       used 56905K, capacity 59130K, committed 59160K, reserved 1099776K
  class space    used 7815K, capacity 8346K, committed 8368K, reserved 1048576K
}
Event: 8.299 GC heap before
{Heap before GC invocations=13 (full 3):
 PSYoungGen      total 185344K, used 11772K [0x00000000d5580000, 0x00000000e2d00000, 0x0000000100000000)
  eden space 173568K, 0% used [0x00000000d5580000,0x00000000d5580000,0x00000000dff00000)
  from space 11776K, 99% used [0x00000000e2180000,0x00000000e2cff2f0,0x00000000e2d00000)
  to   space 13824K, 0% used [0x00000000e1200000,0x00000000e1200000,0x00000000e1f80000)
 ParOldGen       total 131072K, used 38523K [0x0000000080000000, 0x0000000088000000, 0x00000000d5580000)
  object space 131072K, 29% used [0x0000000080000000,0x000000008259ed60,0x0000000088000000)
 Metaspace       used 56905K, capacity 59130K, committed 59160K, reserved 1099776K
  class space    used 7815K, capacity 8346K, committed 8368K, reserved 1048576K
Event: 8.495 GC heap after
Heap after GC invocations=13 (full 3):
 PSYoungGen      total 185344K, used 0K [0x00000000d5580000, 0x00000000e2d00000, 0x0000000100000000)
  eden space 173568K, 0% used [0x00000000d5580000,0x00000000d5580000,0x00000000dff00000)
  from space 11776K, 0% used [0x00000000e2180000,0x00000000e2180000,0x00000000e2d00000)
  to   space 13824K, 0% used [0x00000000e1200000,0x00000000e1200000,0x00000000e1f80000)
 ParOldGen       total 131072K, used 37504K [0x0000000080000000, 0x0000000088000000, 0x00000000d5580000)
  object space 131072K, 28% used [0x0000000080000000,0x00000000824a01d8,0x0000000088000000)
 Metaspace       used 56893K, capacity 59088K, committed 59160K, reserved 1099776K
  class space    used 7811K, capacity 8339K, committed 8368K, reserved 1048576K
}

