# JRE version: OpenJDK Runtime Environment (17.0.6) (build 17.0.6+0-b2043.56-10027231)
# Java VM: OpenJDK 64-Bit Server VM (17.0.6+0-b2043.56-10027231, mixed mode, tiered, compressed oops, compressed class ptrs, g1 gc, windows-amd64)
GC Precious Log:
 CPUs: 4 total, 4 available
 Memory: 16247M
 Large Page Support: Disabled
 NUMA Support: Disabled
 Compressed Oops: Enabled (32-bit)
 Heap Region Size: 1M
 Heap Min Capacity: 8M
 Heap Initial Capacity: 254M
 Heap Max Capacity: 2G
 Pre-touch: Disabled
 Parallel Workers: 4
 Concurrent Workers: 1
 Concurrent Refinement Workers: 4
 Periodic GC: Disabled
Heap:
 garbage-first heap   total 260096K, used 121856K [0x0000000080000000, 0x0000000100000000)
  region size 1024K, 9 young (9216K), 9 survivors (9216K)
 Metaspace       used 91632K, committed 92352K, reserved 1130496K
  class space    used 12313K, committed 12672K, reserved 1048576K
GC Heap History (20 events):
Event: 9.077 GC heap after
{Heap after GC invocations=29 (full 0):
 garbage-first heap   total 119808K, used 59672K [0x0000000080000000, 0x0000000100000000)
  region size 1024K, 5 young (5120K), 5 survivors (5120K)
 Metaspace       used 68423K, committed 68992K, reserved 1114112K
  class space    used 9009K, committed 9280K, reserved 1048576K
}
Event: 9.081 GC heap before
{Heap before GC invocations=29 (full 0):
 garbage-first heap   total 119808K, used 60696K [0x0000000080000000, 0x0000000100000000)
  region size 1024K, 6 young (6144K), 5 survivors (5120K)
 Metaspace       used 68423K, committed 68992K, reserved 1114112K
  class space    used 9009K, committed 9280K, reserved 1048576K
}
Event: 9.087 GC heap after
{Heap after GC invocations=30 (full 0):
 garbage-first heap   total 222208K, used 59832K [0x0000000080000000, 0x0000000100000000)
  region size 1024K, 1 young (1024K), 1 survivors (1024K)
 Metaspace       used 68423K, committed 68992K, reserved 1114112K
  class space    used 9009K, committed 9280K, reserved 1048576K
}
Event: 10.280 GC heap before
{Heap before GC invocations=30 (full 0):
 garbage-first heap   total 222208K, used 153016K [0x0000000080000000, 0x0000000100000000)
  region size 1024K, 91 young (93184K), 1 survivors (1024K)
 Metaspace       used 76346K, committed 76928K, reserved 1122304K
  class space    used 10287K, committed 10560K, reserved 1048576K
}
Event: 10.287 GC heap after
{Heap after GC invocations=31 (full 0):
 garbage-first heap   total 222208K, used 65662K [0x0000000080000000, 0x0000000100000000)
  region size 1024K, 7 young (7168K), 7 survivors (7168K)
 Metaspace       used 76346K, committed 76928K, reserved 1122304K
  class space    used 10287K, committed 10560K, reserved 1048576K
}
Event: 11.486 GC heap before
{Heap before GC invocations=31 (full 0):
 garbage-first heap   total 222208K, used 163966K [0x0000000080000000, 0x0000000100000000)
  region size 1024K, 103 young (105472K), 7 survivors (7168K)
 Metaspace       used 84205K, committed 84864K, reserved 1130496K
  class space    used 11434K, committed 11712K, reserved 1048576K
}
Event: 11.498 GC heap after
{Heap after GC invocations=32 (full 0):
 garbage-first heap   total 222208K, used 73125K [0x0000000080000000, 0x0000000100000000)
  region size 1024K, 13 young (13312K), 13 survivors (13312K)
 Metaspace       used 84205K, committed 84864K, reserved 1130496K
  class space    used 11434K, committed 11712K, reserved 1048576K
}
Event: 13.014 GC heap before
{Heap before GC invocations=32 (full 0):
 garbage-first heap   total 222208K, used 171429K [0x0000000080000000, 0x0000000100000000)
  region size 1024K, 109 young (111616K), 13 survivors (13312K)
 Metaspace       used 89021K, committed 89728K, reserved 1130496K
  class space    used 12068K, committed 12416K, reserved 1048576K
}
Event: 13.037 GC heap after
{Heap after GC invocations=33 (full 0):
 garbage-first heap   total 222208K, used 86474K [0x0000000080000000, 0x0000000100000000)
  region size 1024K, 14 young (14336K), 14 survivors (14336K)
 Metaspace       used 89021K, committed 89728K, reserved 1130496K
  class space    used 12068K, committed 12416K, reserved 1048576K
}
Event: 14.184 GC heap before
{Heap before GC invocations=33 (full 0):
 garbage-first heap   total 222208K, used 170442K [0x0000000080000000, 0x0000000100000000)
  region size 1024K, 96 young (98304K), 14 survivors (14336K)
 Metaspace       used 90012K, committed 90752K, reserved 1130496K
  class space    used 12131K, committed 12480K, reserved 1048576K
}
Event: 14.202 GC heap after
{Heap after GC invocations=34 (full 0):
 garbage-first heap   total 222208K, used 94668K [0x0000000080000000, 0x0000000100000000)
  region size 1024K, 7 young (7168K), 7 survivors (7168K)
 Metaspace       used 90012K, committed 90752K, reserved 1130496K
  class space    used 12131K, committed 12480K, reserved 1048576K
}
Event: 14.897 GC heap before
{Heap before GC invocations=34 (full 0):
 garbage-first heap   total 222208K, used 174540K [0x0000000080000000, 0x0000000100000000)
  region size 1024K, 85 young (87040K), 7 survivors (7168K)
 Metaspace       used 90430K, committed 91136K, reserved 1130496K
  class space    used 12181K, committed 12480K, reserved 1048576K
}
Event: 14.908 GC heap after
{Heap after GC invocations=35 (full 0):
 garbage-first heap   total 222208K, used 102726K [0x0000000080000000, 0x0000000100000000)
  region size 1024K, 7 young (7168K), 7 survivors (7168K)
 Metaspace       used 90430K, committed 91136K, reserved 1130496K
  class space    used 12181K, committed 12480K, reserved 1048576K
}
Event: 15.441 GC heap before
{Heap before GC invocations=35 (full 0):
 garbage-first heap   total 222208K, used 176454K [0x0000000080000000, 0x0000000100000000)
  region size 1024K, 80 young (81920K), 7 survivors (7168K)
 Metaspace       used 90724K, committed 91392K, reserved 1130496K
  class space    used 12203K, committed 12480K, reserved 1048576K
}
Event: 15.452 GC heap after
{Heap after GC invocations=36 (full 0):
 garbage-first heap   total 222208K, used 108920K [0x0000000080000000, 0x0000000100000000)
  region size 1024K, 7 young (7168K), 7 survivors (7168K)
 Metaspace       used 90724K, committed 91392K, reserved 1130496K
  class space    used 12203K, committed 12480K, reserved 1048576K
}
Event: 15.913 GC heap before
{Heap before GC invocations=36 (full 0):
 garbage-first heap   total 222208K, used 177528K [0x0000000080000000, 0x0000000100000000)
  region size 1024K, 75 young (76800K), 7 survivors (7168K)
 Metaspace       used 90825K, committed 91584K, reserved 1130496K
  class space    used 12209K, committed 12544K, reserved 1048576K
}
Event: 15.925 GC heap after
{Heap after GC invocations=37 (full 0):
 garbage-first heap   total 222208K, used 112961K [0x0000000080000000, 0x0000000100000000)
  region size 1024K, 5 young (5120K), 5 survivors (5120K)
 Metaspace       used 90825K, committed 91584K, reserved 1130496K
  class space    used 12209K, committed 12544K, reserved 1048576K
}
Event: 16.361 GC heap before
{Heap before GC invocations=37 (full 0):
 garbage-first heap   total 222208K, used 181569K [0x0000000080000000, 0x0000000100000000)
  region size 1024K, 72 young (73728K), 5 survivors (5120K)
 Metaspace       used 90879K, committed 91648K, reserved 1130496K
  class space    used 12213K, committed 12544K, reserved 1048576K
}
Event: 16.371 GC heap after
{Heap after GC invocations=38 (full 0):
 garbage-first heap   total 222208K, used 118669K [0x0000000080000000, 0x0000000100000000)
  region size 1024K, 9 young (9216K), 9 survivors (9216K)
 Metaspace       used 90879K, committed 91648K, reserved 1130496K
  class space    used 12213K, committed 12544K, reserved 1048576K
}
Event: 16.935 GC heap before
{Heap before GC invocations=38 (full 0):
 garbage-first heap   total 222208K, used 183181K [0x0000000080000000, 0x0000000100000000)
  region size 1024K, 72 young (73728K), 9 survivors (9216K)
 Metaspace       used 91632K, committed 92352K, reserved 1130496K
  class space    used 12313K, committed 12672K, reserved 1048576K
}

